[2025-02-23T10:00:01.394+0000] {local_task_job_runner.py:123} INFO - ::group::Pre task execution logs
[2025-02-23T10:00:01.419+0000] {taskinstance.py:2614} INFO - Dependencies all met for dep_context=non-requeueable deps ti=<TaskInstance: london_weather_pipeline.extract_weather_data scheduled__2025-02-23T09:00:00+00:00 [queued]>
[2025-02-23T10:00:01.427+0000] {taskinstance.py:2614} INFO - Dependencies all met for dep_context=requeueable deps ti=<TaskInstance: london_weather_pipeline.extract_weather_data scheduled__2025-02-23T09:00:00+00:00 [queued]>
[2025-02-23T10:00:01.428+0000] {taskinstance.py:2867} INFO - Starting attempt 1 of 1
[2025-02-23T10:00:01.443+0000] {taskinstance.py:2890} INFO - Executing <Task(_PythonDecoratedOperator): extract_weather_data> on 2025-02-23 09:00:00+00:00
[2025-02-23T10:00:01.450+0000] {warnings.py:112} WARNING - /home/***/.local/lib/python3.12/site-packages/***/task/task_runner/standard_task_runner.py:70: DeprecationWarning: This process (pid=16344) is multi-threaded, use of fork() may lead to deadlocks in the child.
  pid = os.fork()

[2025-02-23T10:00:01.451+0000] {standard_task_runner.py:72} INFO - Started process 16345 to run task
[2025-02-23T10:00:01.452+0000] {standard_task_runner.py:104} INFO - Running: ['***', 'tasks', 'run', 'london_weather_pipeline', 'extract_weather_data', 'scheduled__2025-02-23T09:00:00+00:00', '--job-id', '93', '--raw', '--subdir', 'DAGS_FOLDER/london_weather_pipeline/london_weather_etl.py', '--cfg-path', '/tmp/tmp6psmwq73']
[2025-02-23T10:00:01.453+0000] {standard_task_runner.py:105} INFO - Job 93: Subtask extract_weather_data
[2025-02-23T10:00:01.528+0000] {task_command.py:467} INFO - Running <TaskInstance: london_weather_pipeline.extract_weather_data scheduled__2025-02-23T09:00:00+00:00 [running]> on host ee2081ae3a04
[2025-02-23T10:00:01.647+0000] {taskinstance.py:3134} INFO - Exporting env vars: AIRFLOW_CTX_DAG_OWNER='***' AIRFLOW_CTX_DAG_ID='london_weather_pipeline' AIRFLOW_CTX_TASK_ID='extract_weather_data' AIRFLOW_CTX_EXECUTION_DATE='2025-02-23T09:00:00+00:00' AIRFLOW_CTX_TRY_NUMBER='1' AIRFLOW_CTX_DAG_RUN_ID='scheduled__2025-02-23T09:00:00+00:00'
[2025-02-23T10:00:01.648+0000] {taskinstance.py:732} INFO - ::endgroup::
[2025-02-23T10:00:01.666+0000] {base.py:84} INFO - Retrieving connection 'open_meteo_id'
[2025-02-23T10:00:02.234+0000] {python.py:240} INFO - Done. Returned value was: {'latitude': 51.5, 'longitude': -0.120000124, 'generationtime_ms': 0.045299530029296875, 'utc_offset_seconds': 0, 'timezone': 'GMT', 'timezone_abbreviation': 'GMT', 'elevation': 16.0, 'current_weather_units': {'time': 'iso8601', 'interval': 'seconds', 'temperature': '°C', 'windspeed': 'km/h', 'winddirection': '°', 'is_day': '', 'weathercode': 'wmo code'}, 'current_weather': {'time': '2025-02-23T10:00', 'interval': 900, 'temperature': 9.1, 'windspeed': 20.2, 'winddirection': 202, 'is_day': 1, 'weathercode': 3}}
[2025-02-23T10:00:02.276+0000] {taskinstance.py:341} INFO - ::group::Post task execution logs
[2025-02-23T10:00:02.277+0000] {taskinstance.py:353} INFO - Marking task as SUCCESS. dag_id=london_weather_pipeline, task_id=extract_weather_data, run_id=scheduled__2025-02-23T09:00:00+00:00, execution_date=20250223T090000, start_date=20250223T100001, end_date=20250223T100002
[2025-02-23T10:00:02.347+0000] {local_task_job_runner.py:266} INFO - Task exited with return code 0
[2025-02-23T10:00:02.404+0000] {taskinstance.py:3901} INFO - 1 downstream tasks scheduled from follow-on schedule check
[2025-02-23T10:00:02.407+0000] {local_task_job_runner.py:245} INFO - ::endgroup::
