[2025-02-23T17:05:54.998+0000] {processor.py:186} INFO - Started process (PID=30363) to work on /opt/airflow/dags/sydney_weather_pipeline/sydney_weather_etl.py
[2025-02-23T17:05:54.999+0000] {processor.py:914} INFO - Processing file /opt/airflow/dags/sydney_weather_pipeline/sydney_weather_etl.py for tasks to queue
[2025-02-23T17:05:55.000+0000] {logging_mixin.py:190} INFO - [2025-02-23T17:05:55.000+0000] {dagbag.py:588} INFO - Filling up the DagBag from /opt/airflow/dags/sydney_weather_pipeline/sydney_weather_etl.py
[2025-02-23T17:05:55.010+0000] {processor.py:925} INFO - DAG(s) 'sydney_weather_pipeline' retrieved from /opt/airflow/dags/sydney_weather_pipeline/sydney_weather_etl.py
[2025-02-23T17:05:55.136+0000] {logging_mixin.py:190} INFO - [2025-02-23T17:05:55.134+0000] {override.py:1912} INFO - Created Permission View: can read on DAG:sydney_weather_pipeline
[2025-02-23T17:05:55.150+0000] {logging_mixin.py:190} INFO - [2025-02-23T17:05:55.149+0000] {override.py:1912} INFO - Created Permission View: can edit on DAG:sydney_weather_pipeline
[2025-02-23T17:05:55.158+0000] {logging_mixin.py:190} INFO - [2025-02-23T17:05:55.158+0000] {override.py:1912} INFO - Created Permission View: can delete on DAG:sydney_weather_pipeline
[2025-02-23T17:05:55.169+0000] {logging_mixin.py:190} INFO - [2025-02-23T17:05:55.169+0000] {override.py:1912} INFO - Created Permission View: can read on DAG Run:sydney_weather_pipeline
[2025-02-23T17:05:55.178+0000] {logging_mixin.py:190} INFO - [2025-02-23T17:05:55.178+0000] {override.py:1912} INFO - Created Permission View: can create on DAG Run:sydney_weather_pipeline
[2025-02-23T17:05:55.187+0000] {logging_mixin.py:190} INFO - [2025-02-23T17:05:55.187+0000] {override.py:1912} INFO - Created Permission View: menu access on DAG Run:sydney_weather_pipeline
[2025-02-23T17:05:55.196+0000] {logging_mixin.py:190} INFO - [2025-02-23T17:05:55.195+0000] {override.py:1912} INFO - Created Permission View: can delete on DAG Run:sydney_weather_pipeline
[2025-02-23T17:05:55.196+0000] {logging_mixin.py:190} INFO - [2025-02-23T17:05:55.196+0000] {dag.py:3239} INFO - Sync 1 DAGs
[2025-02-23T17:05:55.217+0000] {logging_mixin.py:190} INFO - [2025-02-23T17:05:55.216+0000] {dag.py:3262} INFO - Creating ORM DAG for sydney_weather_pipeline
[2025-02-23T17:05:55.232+0000] {logging_mixin.py:190} INFO - [2025-02-23T17:05:55.232+0000] {dag.py:4180} INFO - Setting next_dagrun for sydney_weather_pipeline to 2025-02-23 16:00:00+00:00, run_after=2025-02-23 17:00:00+00:00
[2025-02-23T17:05:55.255+0000] {processor.py:208} INFO - Processing /opt/airflow/dags/sydney_weather_pipeline/sydney_weather_etl.py took 0.264 seconds
[2025-02-23T17:06:25.381+0000] {processor.py:186} INFO - Started process (PID=30374) to work on /opt/airflow/dags/sydney_weather_pipeline/sydney_weather_etl.py
[2025-02-23T17:06:25.382+0000] {processor.py:914} INFO - Processing file /opt/airflow/dags/sydney_weather_pipeline/sydney_weather_etl.py for tasks to queue
[2025-02-23T17:06:25.384+0000] {logging_mixin.py:190} INFO - [2025-02-23T17:06:25.383+0000] {dagbag.py:588} INFO - Filling up the DagBag from /opt/airflow/dags/sydney_weather_pipeline/sydney_weather_etl.py
[2025-02-23T17:06:25.395+0000] {processor.py:925} INFO - DAG(s) 'sydney_weather_pipeline' retrieved from /opt/airflow/dags/sydney_weather_pipeline/sydney_weather_etl.py
[2025-02-23T17:06:25.423+0000] {logging_mixin.py:190} INFO - [2025-02-23T17:06:25.422+0000] {dag.py:3239} INFO - Sync 1 DAGs
[2025-02-23T17:06:25.454+0000] {logging_mixin.py:190} INFO - [2025-02-23T17:06:25.454+0000] {dag.py:4180} INFO - Setting next_dagrun for sydney_weather_pipeline to 2025-02-23 16:00:00+00:00, run_after=2025-02-23 17:00:00+00:00
[2025-02-23T17:06:25.479+0000] {processor.py:208} INFO - Processing /opt/airflow/dags/sydney_weather_pipeline/sydney_weather_etl.py took 0.107 seconds
[2025-02-23T17:06:55.995+0000] {processor.py:186} INFO - Started process (PID=30385) to work on /opt/airflow/dags/sydney_weather_pipeline/sydney_weather_etl.py
[2025-02-23T17:06:55.996+0000] {processor.py:914} INFO - Processing file /opt/airflow/dags/sydney_weather_pipeline/sydney_weather_etl.py for tasks to queue
[2025-02-23T17:06:55.997+0000] {logging_mixin.py:190} INFO - [2025-02-23T17:06:55.997+0000] {dagbag.py:588} INFO - Filling up the DagBag from /opt/airflow/dags/sydney_weather_pipeline/sydney_weather_etl.py
[2025-02-23T17:06:56.008+0000] {processor.py:925} INFO - DAG(s) 'sydney_weather_pipeline' retrieved from /opt/airflow/dags/sydney_weather_pipeline/sydney_weather_etl.py
[2025-02-23T17:06:56.034+0000] {logging_mixin.py:190} INFO - [2025-02-23T17:06:56.034+0000] {dag.py:3239} INFO - Sync 1 DAGs
[2025-02-23T17:06:56.066+0000] {logging_mixin.py:190} INFO - [2025-02-23T17:06:56.065+0000] {dag.py:4180} INFO - Setting next_dagrun for sydney_weather_pipeline to 2025-02-23 16:00:00+00:00, run_after=2025-02-23 17:00:00+00:00
[2025-02-23T17:06:56.091+0000] {processor.py:208} INFO - Processing /opt/airflow/dags/sydney_weather_pipeline/sydney_weather_etl.py took 0.103 seconds
[2025-02-23T17:06:58.027+0000] {processor.py:186} INFO - Started process (PID=30386) to work on /opt/airflow/dags/sydney_weather_pipeline/sydney_weather_etl.py
[2025-02-23T17:06:58.028+0000] {processor.py:914} INFO - Processing file /opt/airflow/dags/sydney_weather_pipeline/sydney_weather_etl.py for tasks to queue
[2025-02-23T17:06:58.030+0000] {logging_mixin.py:190} INFO - [2025-02-23T17:06:58.029+0000] {dagbag.py:588} INFO - Filling up the DagBag from /opt/airflow/dags/sydney_weather_pipeline/sydney_weather_etl.py
[2025-02-23T17:06:58.045+0000] {processor.py:925} INFO - DAG(s) 'sydney_weather_pipeline' retrieved from /opt/airflow/dags/sydney_weather_pipeline/sydney_weather_etl.py
[2025-02-23T17:06:58.320+0000] {logging_mixin.py:190} INFO - [2025-02-23T17:06:58.320+0000] {dag.py:3239} INFO - Sync 1 DAGs
[2025-02-23T17:06:58.348+0000] {logging_mixin.py:190} INFO - [2025-02-23T17:06:58.348+0000] {dag.py:4180} INFO - Setting next_dagrun for sydney_weather_pipeline to 2025-02-23 16:00:00+00:00, run_after=2025-02-23 17:00:00+00:00
[2025-02-23T17:06:58.372+0000] {processor.py:208} INFO - Processing /opt/airflow/dags/sydney_weather_pipeline/sydney_weather_etl.py took 0.353 seconds
[2025-02-23T17:07:28.532+0000] {processor.py:186} INFO - Started process (PID=30397) to work on /opt/airflow/dags/sydney_weather_pipeline/sydney_weather_etl.py
[2025-02-23T17:07:28.533+0000] {processor.py:914} INFO - Processing file /opt/airflow/dags/sydney_weather_pipeline/sydney_weather_etl.py for tasks to queue
[2025-02-23T17:07:28.534+0000] {logging_mixin.py:190} INFO - [2025-02-23T17:07:28.534+0000] {dagbag.py:588} INFO - Filling up the DagBag from /opt/airflow/dags/sydney_weather_pipeline/sydney_weather_etl.py
[2025-02-23T17:07:28.546+0000] {processor.py:925} INFO - DAG(s) 'sydney_weather_pipeline' retrieved from /opt/airflow/dags/sydney_weather_pipeline/sydney_weather_etl.py
[2025-02-23T17:07:28.577+0000] {logging_mixin.py:190} INFO - [2025-02-23T17:07:28.577+0000] {dag.py:3239} INFO - Sync 1 DAGs
[2025-02-23T17:07:28.608+0000] {logging_mixin.py:190} INFO - [2025-02-23T17:07:28.608+0000] {dag.py:4180} INFO - Setting next_dagrun for sydney_weather_pipeline to 2025-02-23 17:00:00+00:00, run_after=2025-02-23 18:00:00+00:00
[2025-02-23T17:07:28.632+0000] {processor.py:208} INFO - Processing /opt/airflow/dags/sydney_weather_pipeline/sydney_weather_etl.py took 0.107 seconds
[2025-02-23T17:07:59.114+0000] {processor.py:186} INFO - Started process (PID=30408) to work on /opt/airflow/dags/sydney_weather_pipeline/sydney_weather_etl.py
[2025-02-23T17:07:59.115+0000] {processor.py:914} INFO - Processing file /opt/airflow/dags/sydney_weather_pipeline/sydney_weather_etl.py for tasks to queue
[2025-02-23T17:07:59.116+0000] {logging_mixin.py:190} INFO - [2025-02-23T17:07:59.116+0000] {dagbag.py:588} INFO - Filling up the DagBag from /opt/airflow/dags/sydney_weather_pipeline/sydney_weather_etl.py
[2025-02-23T17:07:59.128+0000] {processor.py:925} INFO - DAG(s) 'sydney_weather_pipeline' retrieved from /opt/airflow/dags/sydney_weather_pipeline/sydney_weather_etl.py
[2025-02-23T17:07:59.158+0000] {logging_mixin.py:190} INFO - [2025-02-23T17:07:59.158+0000] {dag.py:3239} INFO - Sync 1 DAGs
[2025-02-23T17:07:59.188+0000] {logging_mixin.py:190} INFO - [2025-02-23T17:07:59.188+0000] {dag.py:4180} INFO - Setting next_dagrun for sydney_weather_pipeline to 2025-02-23 17:00:00+00:00, run_after=2025-02-23 18:00:00+00:00
[2025-02-23T17:07:59.209+0000] {processor.py:208} INFO - Processing /opt/airflow/dags/sydney_weather_pipeline/sydney_weather_etl.py took 0.102 seconds
[2025-02-23T17:08:29.628+0000] {processor.py:186} INFO - Started process (PID=30419) to work on /opt/airflow/dags/sydney_weather_pipeline/sydney_weather_etl.py
[2025-02-23T17:08:29.629+0000] {processor.py:914} INFO - Processing file /opt/airflow/dags/sydney_weather_pipeline/sydney_weather_etl.py for tasks to queue
[2025-02-23T17:08:29.631+0000] {logging_mixin.py:190} INFO - [2025-02-23T17:08:29.630+0000] {dagbag.py:588} INFO - Filling up the DagBag from /opt/airflow/dags/sydney_weather_pipeline/sydney_weather_etl.py
[2025-02-23T17:08:29.644+0000] {processor.py:925} INFO - DAG(s) 'sydney_weather_pipeline' retrieved from /opt/airflow/dags/sydney_weather_pipeline/sydney_weather_etl.py
[2025-02-23T17:08:29.677+0000] {logging_mixin.py:190} INFO - [2025-02-23T17:08:29.677+0000] {dag.py:3239} INFO - Sync 1 DAGs
[2025-02-23T17:08:29.711+0000] {logging_mixin.py:190} INFO - [2025-02-23T17:08:29.710+0000] {dag.py:4180} INFO - Setting next_dagrun for sydney_weather_pipeline to 2025-02-23 17:00:00+00:00, run_after=2025-02-23 18:00:00+00:00
[2025-02-23T17:08:29.733+0000] {processor.py:208} INFO - Processing /opt/airflow/dags/sydney_weather_pipeline/sydney_weather_etl.py took 0.115 seconds
[2025-02-23T17:09:00.153+0000] {processor.py:186} INFO - Started process (PID=30430) to work on /opt/airflow/dags/sydney_weather_pipeline/sydney_weather_etl.py
[2025-02-23T17:09:00.155+0000] {processor.py:914} INFO - Processing file /opt/airflow/dags/sydney_weather_pipeline/sydney_weather_etl.py for tasks to queue
[2025-02-23T17:09:00.156+0000] {logging_mixin.py:190} INFO - [2025-02-23T17:09:00.156+0000] {dagbag.py:588} INFO - Filling up the DagBag from /opt/airflow/dags/sydney_weather_pipeline/sydney_weather_etl.py
[2025-02-23T17:09:00.169+0000] {processor.py:925} INFO - DAG(s) 'sydney_weather_pipeline' retrieved from /opt/airflow/dags/sydney_weather_pipeline/sydney_weather_etl.py
[2025-02-23T17:09:00.201+0000] {logging_mixin.py:190} INFO - [2025-02-23T17:09:00.201+0000] {dag.py:3239} INFO - Sync 1 DAGs
[2025-02-23T17:09:00.236+0000] {logging_mixin.py:190} INFO - [2025-02-23T17:09:00.235+0000] {dag.py:4180} INFO - Setting next_dagrun for sydney_weather_pipeline to 2025-02-23 17:00:00+00:00, run_after=2025-02-23 18:00:00+00:00
[2025-02-23T17:09:00.259+0000] {processor.py:208} INFO - Processing /opt/airflow/dags/sydney_weather_pipeline/sydney_weather_etl.py took 0.112 seconds
[2025-02-23T17:09:30.673+0000] {processor.py:186} INFO - Started process (PID=30441) to work on /opt/airflow/dags/sydney_weather_pipeline/sydney_weather_etl.py
[2025-02-23T17:09:30.673+0000] {processor.py:914} INFO - Processing file /opt/airflow/dags/sydney_weather_pipeline/sydney_weather_etl.py for tasks to queue
[2025-02-23T17:09:30.675+0000] {logging_mixin.py:190} INFO - [2025-02-23T17:09:30.674+0000] {dagbag.py:588} INFO - Filling up the DagBag from /opt/airflow/dags/sydney_weather_pipeline/sydney_weather_etl.py
[2025-02-23T17:09:30.687+0000] {processor.py:925} INFO - DAG(s) 'sydney_weather_pipeline' retrieved from /opt/airflow/dags/sydney_weather_pipeline/sydney_weather_etl.py
[2025-02-23T17:09:30.718+0000] {logging_mixin.py:190} INFO - [2025-02-23T17:09:30.718+0000] {dag.py:3239} INFO - Sync 1 DAGs
[2025-02-23T17:09:30.749+0000] {logging_mixin.py:190} INFO - [2025-02-23T17:09:30.749+0000] {dag.py:4180} INFO - Setting next_dagrun for sydney_weather_pipeline to 2025-02-23 17:00:00+00:00, run_after=2025-02-23 18:00:00+00:00
[2025-02-23T17:09:30.773+0000] {processor.py:208} INFO - Processing /opt/airflow/dags/sydney_weather_pipeline/sydney_weather_etl.py took 0.107 seconds
[2025-02-23T17:10:01.224+0000] {processor.py:186} INFO - Started process (PID=30452) to work on /opt/airflow/dags/sydney_weather_pipeline/sydney_weather_etl.py
[2025-02-23T17:10:01.225+0000] {processor.py:914} INFO - Processing file /opt/airflow/dags/sydney_weather_pipeline/sydney_weather_etl.py for tasks to queue
[2025-02-23T17:10:01.227+0000] {logging_mixin.py:190} INFO - [2025-02-23T17:10:01.226+0000] {dagbag.py:588} INFO - Filling up the DagBag from /opt/airflow/dags/sydney_weather_pipeline/sydney_weather_etl.py
[2025-02-23T17:10:01.242+0000] {processor.py:925} INFO - DAG(s) 'sydney_weather_pipeline' retrieved from /opt/airflow/dags/sydney_weather_pipeline/sydney_weather_etl.py
[2025-02-23T17:10:01.275+0000] {logging_mixin.py:190} INFO - [2025-02-23T17:10:01.275+0000] {dag.py:3239} INFO - Sync 1 DAGs
[2025-02-23T17:10:01.308+0000] {logging_mixin.py:190} INFO - [2025-02-23T17:10:01.308+0000] {dag.py:4180} INFO - Setting next_dagrun for sydney_weather_pipeline to 2025-02-23 17:00:00+00:00, run_after=2025-02-23 18:00:00+00:00
[2025-02-23T17:10:01.331+0000] {processor.py:208} INFO - Processing /opt/airflow/dags/sydney_weather_pipeline/sydney_weather_etl.py took 0.117 seconds
[2025-02-23T17:10:31.742+0000] {processor.py:186} INFO - Started process (PID=30463) to work on /opt/airflow/dags/sydney_weather_pipeline/sydney_weather_etl.py
[2025-02-23T17:10:31.743+0000] {processor.py:914} INFO - Processing file /opt/airflow/dags/sydney_weather_pipeline/sydney_weather_etl.py for tasks to queue
[2025-02-23T17:10:31.744+0000] {logging_mixin.py:190} INFO - [2025-02-23T17:10:31.744+0000] {dagbag.py:588} INFO - Filling up the DagBag from /opt/airflow/dags/sydney_weather_pipeline/sydney_weather_etl.py
[2025-02-23T17:10:31.758+0000] {processor.py:925} INFO - DAG(s) 'sydney_weather_pipeline' retrieved from /opt/airflow/dags/sydney_weather_pipeline/sydney_weather_etl.py
[2025-02-23T17:10:31.793+0000] {logging_mixin.py:190} INFO - [2025-02-23T17:10:31.793+0000] {dag.py:3239} INFO - Sync 1 DAGs
[2025-02-23T17:10:31.827+0000] {logging_mixin.py:190} INFO - [2025-02-23T17:10:31.827+0000] {dag.py:4180} INFO - Setting next_dagrun for sydney_weather_pipeline to 2025-02-23 17:00:00+00:00, run_after=2025-02-23 18:00:00+00:00
[2025-02-23T17:10:31.856+0000] {processor.py:208} INFO - Processing /opt/airflow/dags/sydney_weather_pipeline/sydney_weather_etl.py took 0.124 seconds
[2025-02-23T17:11:02.328+0000] {processor.py:186} INFO - Started process (PID=30474) to work on /opt/airflow/dags/sydney_weather_pipeline/sydney_weather_etl.py
[2025-02-23T17:11:02.330+0000] {processor.py:914} INFO - Processing file /opt/airflow/dags/sydney_weather_pipeline/sydney_weather_etl.py for tasks to queue
[2025-02-23T17:11:02.331+0000] {logging_mixin.py:190} INFO - [2025-02-23T17:11:02.331+0000] {dagbag.py:588} INFO - Filling up the DagBag from /opt/airflow/dags/sydney_weather_pipeline/sydney_weather_etl.py
[2025-02-23T17:11:02.345+0000] {processor.py:925} INFO - DAG(s) 'sydney_weather_pipeline' retrieved from /opt/airflow/dags/sydney_weather_pipeline/sydney_weather_etl.py
[2025-02-23T17:11:02.381+0000] {logging_mixin.py:190} INFO - [2025-02-23T17:11:02.381+0000] {dag.py:3239} INFO - Sync 1 DAGs
[2025-02-23T17:11:02.417+0000] {logging_mixin.py:190} INFO - [2025-02-23T17:11:02.417+0000] {dag.py:4180} INFO - Setting next_dagrun for sydney_weather_pipeline to 2025-02-23 17:00:00+00:00, run_after=2025-02-23 18:00:00+00:00
[2025-02-23T17:11:02.435+0000] {processor.py:208} INFO - Processing /opt/airflow/dags/sydney_weather_pipeline/sydney_weather_etl.py took 0.115 seconds
[2025-02-23T17:11:32.822+0000] {processor.py:186} INFO - Started process (PID=30485) to work on /opt/airflow/dags/sydney_weather_pipeline/sydney_weather_etl.py
[2025-02-23T17:11:32.823+0000] {processor.py:914} INFO - Processing file /opt/airflow/dags/sydney_weather_pipeline/sydney_weather_etl.py for tasks to queue
[2025-02-23T17:11:32.824+0000] {logging_mixin.py:190} INFO - [2025-02-23T17:11:32.824+0000] {dagbag.py:588} INFO - Filling up the DagBag from /opt/airflow/dags/sydney_weather_pipeline/sydney_weather_etl.py
[2025-02-23T17:11:32.838+0000] {processor.py:925} INFO - DAG(s) 'sydney_weather_pipeline' retrieved from /opt/airflow/dags/sydney_weather_pipeline/sydney_weather_etl.py
[2025-02-23T17:11:32.870+0000] {logging_mixin.py:190} INFO - [2025-02-23T17:11:32.870+0000] {dag.py:3239} INFO - Sync 1 DAGs
[2025-02-23T17:11:32.900+0000] {logging_mixin.py:190} INFO - [2025-02-23T17:11:32.900+0000] {dag.py:4180} INFO - Setting next_dagrun for sydney_weather_pipeline to 2025-02-23 17:00:00+00:00, run_after=2025-02-23 18:00:00+00:00
[2025-02-23T17:11:32.920+0000] {processor.py:208} INFO - Processing /opt/airflow/dags/sydney_weather_pipeline/sydney_weather_etl.py took 0.106 seconds
[2025-02-23T17:12:03.319+0000] {processor.py:186} INFO - Started process (PID=30496) to work on /opt/airflow/dags/sydney_weather_pipeline/sydney_weather_etl.py
[2025-02-23T17:12:03.320+0000] {processor.py:914} INFO - Processing file /opt/airflow/dags/sydney_weather_pipeline/sydney_weather_etl.py for tasks to queue
[2025-02-23T17:12:03.321+0000] {logging_mixin.py:190} INFO - [2025-02-23T17:12:03.321+0000] {dagbag.py:588} INFO - Filling up the DagBag from /opt/airflow/dags/sydney_weather_pipeline/sydney_weather_etl.py
[2025-02-23T17:12:03.334+0000] {processor.py:925} INFO - DAG(s) 'sydney_weather_pipeline' retrieved from /opt/airflow/dags/sydney_weather_pipeline/sydney_weather_etl.py
[2025-02-23T17:12:03.366+0000] {logging_mixin.py:190} INFO - [2025-02-23T17:12:03.366+0000] {dag.py:3239} INFO - Sync 1 DAGs
[2025-02-23T17:12:03.398+0000] {logging_mixin.py:190} INFO - [2025-02-23T17:12:03.398+0000] {dag.py:4180} INFO - Setting next_dagrun for sydney_weather_pipeline to 2025-02-23 17:00:00+00:00, run_after=2025-02-23 18:00:00+00:00
[2025-02-23T17:12:03.419+0000] {processor.py:208} INFO - Processing /opt/airflow/dags/sydney_weather_pipeline/sydney_weather_etl.py took 0.109 seconds
[2025-02-23T17:12:07.444+0000] {processor.py:186} INFO - Started process (PID=30497) to work on /opt/airflow/dags/sydney_weather_pipeline/sydney_weather_etl.py
[2025-02-23T17:12:07.445+0000] {processor.py:914} INFO - Processing file /opt/airflow/dags/sydney_weather_pipeline/sydney_weather_etl.py for tasks to queue
[2025-02-23T17:12:07.446+0000] {logging_mixin.py:190} INFO - [2025-02-23T17:12:07.446+0000] {dagbag.py:588} INFO - Filling up the DagBag from /opt/airflow/dags/sydney_weather_pipeline/sydney_weather_etl.py
[2025-02-23T17:12:07.462+0000] {processor.py:925} INFO - DAG(s) 'sydney_weather_pipeline' retrieved from /opt/airflow/dags/sydney_weather_pipeline/sydney_weather_etl.py
[2025-02-23T17:12:07.498+0000] {logging_mixin.py:190} INFO - [2025-02-23T17:12:07.497+0000] {dag.py:3239} INFO - Sync 1 DAGs
[2025-02-23T17:12:07.532+0000] {logging_mixin.py:190} INFO - [2025-02-23T17:12:07.532+0000] {dag.py:4180} INFO - Setting next_dagrun for sydney_weather_pipeline to 2025-02-23 17:00:00+00:00, run_after=2025-02-23 18:00:00+00:00
[2025-02-23T17:12:07.564+0000] {processor.py:208} INFO - Processing /opt/airflow/dags/sydney_weather_pipeline/sydney_weather_etl.py took 0.128 seconds
[2025-02-23T17:12:37.965+0000] {processor.py:186} INFO - Started process (PID=30508) to work on /opt/airflow/dags/sydney_weather_pipeline/sydney_weather_etl.py
[2025-02-23T17:12:37.966+0000] {processor.py:914} INFO - Processing file /opt/airflow/dags/sydney_weather_pipeline/sydney_weather_etl.py for tasks to queue
[2025-02-23T17:12:37.968+0000] {logging_mixin.py:190} INFO - [2025-02-23T17:12:37.967+0000] {dagbag.py:588} INFO - Filling up the DagBag from /opt/airflow/dags/sydney_weather_pipeline/sydney_weather_etl.py
[2025-02-23T17:12:37.982+0000] {processor.py:925} INFO - DAG(s) 'sydney_weather_pipeline' retrieved from /opt/airflow/dags/sydney_weather_pipeline/sydney_weather_etl.py
[2025-02-23T17:12:38.019+0000] {logging_mixin.py:190} INFO - [2025-02-23T17:12:38.018+0000] {dag.py:3239} INFO - Sync 1 DAGs
[2025-02-23T17:12:38.053+0000] {logging_mixin.py:190} INFO - [2025-02-23T17:12:38.052+0000] {dag.py:4180} INFO - Setting next_dagrun for sydney_weather_pipeline to 2025-02-23 17:00:00+00:00, run_after=2025-02-23 18:00:00+00:00
[2025-02-23T17:12:38.086+0000] {processor.py:208} INFO - Processing /opt/airflow/dags/sydney_weather_pipeline/sydney_weather_etl.py took 0.130 seconds
[2025-02-23T17:13:08.533+0000] {processor.py:186} INFO - Started process (PID=30519) to work on /opt/airflow/dags/sydney_weather_pipeline/sydney_weather_etl.py
[2025-02-23T17:13:08.534+0000] {processor.py:914} INFO - Processing file /opt/airflow/dags/sydney_weather_pipeline/sydney_weather_etl.py for tasks to queue
[2025-02-23T17:13:08.535+0000] {logging_mixin.py:190} INFO - [2025-02-23T17:13:08.535+0000] {dagbag.py:588} INFO - Filling up the DagBag from /opt/airflow/dags/sydney_weather_pipeline/sydney_weather_etl.py
[2025-02-23T17:13:08.549+0000] {processor.py:925} INFO - DAG(s) 'sydney_weather_pipeline' retrieved from /opt/airflow/dags/sydney_weather_pipeline/sydney_weather_etl.py
[2025-02-23T17:13:08.583+0000] {logging_mixin.py:190} INFO - [2025-02-23T17:13:08.583+0000] {dag.py:3239} INFO - Sync 1 DAGs
[2025-02-23T17:13:08.616+0000] {logging_mixin.py:190} INFO - [2025-02-23T17:13:08.616+0000] {dag.py:4180} INFO - Setting next_dagrun for sydney_weather_pipeline to 2025-02-23 17:00:00+00:00, run_after=2025-02-23 18:00:00+00:00
[2025-02-23T17:13:08.637+0000] {processor.py:208} INFO - Processing /opt/airflow/dags/sydney_weather_pipeline/sydney_weather_etl.py took 0.113 seconds
[2025-02-23T17:13:39.068+0000] {processor.py:186} INFO - Started process (PID=30530) to work on /opt/airflow/dags/sydney_weather_pipeline/sydney_weather_etl.py
[2025-02-23T17:13:39.069+0000] {processor.py:914} INFO - Processing file /opt/airflow/dags/sydney_weather_pipeline/sydney_weather_etl.py for tasks to queue
[2025-02-23T17:13:39.071+0000] {logging_mixin.py:190} INFO - [2025-02-23T17:13:39.070+0000] {dagbag.py:588} INFO - Filling up the DagBag from /opt/airflow/dags/sydney_weather_pipeline/sydney_weather_etl.py
[2025-02-23T17:13:39.085+0000] {processor.py:925} INFO - DAG(s) 'sydney_weather_pipeline' retrieved from /opt/airflow/dags/sydney_weather_pipeline/sydney_weather_etl.py
[2025-02-23T17:13:39.116+0000] {logging_mixin.py:190} INFO - [2025-02-23T17:13:39.116+0000] {dag.py:3239} INFO - Sync 1 DAGs
[2025-02-23T17:13:39.151+0000] {logging_mixin.py:190} INFO - [2025-02-23T17:13:39.151+0000] {dag.py:4180} INFO - Setting next_dagrun for sydney_weather_pipeline to 2025-02-23 17:00:00+00:00, run_after=2025-02-23 18:00:00+00:00
[2025-02-23T17:13:39.171+0000] {processor.py:208} INFO - Processing /opt/airflow/dags/sydney_weather_pipeline/sydney_weather_etl.py took 0.112 seconds
[2025-02-23T17:14:09.628+0000] {processor.py:186} INFO - Started process (PID=30541) to work on /opt/airflow/dags/sydney_weather_pipeline/sydney_weather_etl.py
[2025-02-23T17:14:09.629+0000] {processor.py:914} INFO - Processing file /opt/airflow/dags/sydney_weather_pipeline/sydney_weather_etl.py for tasks to queue
[2025-02-23T17:14:09.631+0000] {logging_mixin.py:190} INFO - [2025-02-23T17:14:09.630+0000] {dagbag.py:588} INFO - Filling up the DagBag from /opt/airflow/dags/sydney_weather_pipeline/sydney_weather_etl.py
[2025-02-23T17:14:09.645+0000] {processor.py:925} INFO - DAG(s) 'sydney_weather_pipeline' retrieved from /opt/airflow/dags/sydney_weather_pipeline/sydney_weather_etl.py
[2025-02-23T17:14:09.679+0000] {logging_mixin.py:190} INFO - [2025-02-23T17:14:09.679+0000] {dag.py:3239} INFO - Sync 1 DAGs
[2025-02-23T17:14:09.713+0000] {logging_mixin.py:190} INFO - [2025-02-23T17:14:09.712+0000] {dag.py:4180} INFO - Setting next_dagrun for sydney_weather_pipeline to 2025-02-23 17:00:00+00:00, run_after=2025-02-23 18:00:00+00:00
[2025-02-23T17:14:09.735+0000] {processor.py:208} INFO - Processing /opt/airflow/dags/sydney_weather_pipeline/sydney_weather_etl.py took 0.115 seconds
[2025-02-23T17:14:40.132+0000] {processor.py:186} INFO - Started process (PID=30552) to work on /opt/airflow/dags/sydney_weather_pipeline/sydney_weather_etl.py
[2025-02-23T17:14:40.134+0000] {processor.py:914} INFO - Processing file /opt/airflow/dags/sydney_weather_pipeline/sydney_weather_etl.py for tasks to queue
[2025-02-23T17:14:40.135+0000] {logging_mixin.py:190} INFO - [2025-02-23T17:14:40.135+0000] {dagbag.py:588} INFO - Filling up the DagBag from /opt/airflow/dags/sydney_weather_pipeline/sydney_weather_etl.py
[2025-02-23T17:14:40.150+0000] {processor.py:925} INFO - DAG(s) 'sydney_weather_pipeline' retrieved from /opt/airflow/dags/sydney_weather_pipeline/sydney_weather_etl.py
[2025-02-23T17:14:40.187+0000] {logging_mixin.py:190} INFO - [2025-02-23T17:14:40.186+0000] {dag.py:3239} INFO - Sync 1 DAGs
[2025-02-23T17:14:40.223+0000] {logging_mixin.py:190} INFO - [2025-02-23T17:14:40.223+0000] {dag.py:4180} INFO - Setting next_dagrun for sydney_weather_pipeline to 2025-02-23 17:00:00+00:00, run_after=2025-02-23 18:00:00+00:00
[2025-02-23T17:14:40.254+0000] {processor.py:208} INFO - Processing /opt/airflow/dags/sydney_weather_pipeline/sydney_weather_etl.py took 0.130 seconds
[2025-02-23T17:15:10.679+0000] {processor.py:186} INFO - Started process (PID=30563) to work on /opt/airflow/dags/sydney_weather_pipeline/sydney_weather_etl.py
[2025-02-23T17:15:10.680+0000] {processor.py:914} INFO - Processing file /opt/airflow/dags/sydney_weather_pipeline/sydney_weather_etl.py for tasks to queue
[2025-02-23T17:15:10.682+0000] {logging_mixin.py:190} INFO - [2025-02-23T17:15:10.682+0000] {dagbag.py:588} INFO - Filling up the DagBag from /opt/airflow/dags/sydney_weather_pipeline/sydney_weather_etl.py
[2025-02-23T17:15:10.697+0000] {processor.py:925} INFO - DAG(s) 'sydney_weather_pipeline' retrieved from /opt/airflow/dags/sydney_weather_pipeline/sydney_weather_etl.py
[2025-02-23T17:15:10.732+0000] {logging_mixin.py:190} INFO - [2025-02-23T17:15:10.731+0000] {dag.py:3239} INFO - Sync 1 DAGs
[2025-02-23T17:15:10.771+0000] {logging_mixin.py:190} INFO - [2025-02-23T17:15:10.770+0000] {dag.py:4180} INFO - Setting next_dagrun for sydney_weather_pipeline to 2025-02-23 17:00:00+00:00, run_after=2025-02-23 18:00:00+00:00
[2025-02-23T17:15:10.926+0000] {processor.py:208} INFO - Processing /opt/airflow/dags/sydney_weather_pipeline/sydney_weather_etl.py took 0.255 seconds
[2025-02-23T17:15:41.222+0000] {processor.py:186} INFO - Started process (PID=30574) to work on /opt/airflow/dags/sydney_weather_pipeline/sydney_weather_etl.py
[2025-02-23T17:15:41.223+0000] {processor.py:914} INFO - Processing file /opt/airflow/dags/sydney_weather_pipeline/sydney_weather_etl.py for tasks to queue
[2025-02-23T17:15:41.225+0000] {logging_mixin.py:190} INFO - [2025-02-23T17:15:41.225+0000] {dagbag.py:588} INFO - Filling up the DagBag from /opt/airflow/dags/sydney_weather_pipeline/sydney_weather_etl.py
[2025-02-23T17:15:41.240+0000] {processor.py:925} INFO - DAG(s) 'sydney_weather_pipeline' retrieved from /opt/airflow/dags/sydney_weather_pipeline/sydney_weather_etl.py
[2025-02-23T17:15:41.273+0000] {logging_mixin.py:190} INFO - [2025-02-23T17:15:41.273+0000] {dag.py:3239} INFO - Sync 1 DAGs
[2025-02-23T17:15:41.304+0000] {logging_mixin.py:190} INFO - [2025-02-23T17:15:41.304+0000] {dag.py:4180} INFO - Setting next_dagrun for sydney_weather_pipeline to 2025-02-23 17:00:00+00:00, run_after=2025-02-23 18:00:00+00:00
[2025-02-23T17:15:41.330+0000] {processor.py:208} INFO - Processing /opt/airflow/dags/sydney_weather_pipeline/sydney_weather_etl.py took 0.118 seconds
[2025-02-23T17:16:11.739+0000] {processor.py:186} INFO - Started process (PID=30591) to work on /opt/airflow/dags/sydney_weather_pipeline/sydney_weather_etl.py
[2025-02-23T17:16:11.740+0000] {processor.py:914} INFO - Processing file /opt/airflow/dags/sydney_weather_pipeline/sydney_weather_etl.py for tasks to queue
[2025-02-23T17:16:11.742+0000] {logging_mixin.py:190} INFO - [2025-02-23T17:16:11.741+0000] {dagbag.py:588} INFO - Filling up the DagBag from /opt/airflow/dags/sydney_weather_pipeline/sydney_weather_etl.py
[2025-02-23T17:16:11.757+0000] {processor.py:925} INFO - DAG(s) 'sydney_weather_pipeline' retrieved from /opt/airflow/dags/sydney_weather_pipeline/sydney_weather_etl.py
[2025-02-23T17:16:11.793+0000] {logging_mixin.py:190} INFO - [2025-02-23T17:16:11.793+0000] {dag.py:3239} INFO - Sync 1 DAGs
[2025-02-23T17:16:11.832+0000] {logging_mixin.py:190} INFO - [2025-02-23T17:16:11.832+0000] {dag.py:4180} INFO - Setting next_dagrun for sydney_weather_pipeline to 2025-02-23 17:00:00+00:00, run_after=2025-02-23 18:00:00+00:00
[2025-02-23T17:16:11.862+0000] {processor.py:208} INFO - Processing /opt/airflow/dags/sydney_weather_pipeline/sydney_weather_etl.py took 0.131 seconds
[2025-02-23T17:16:42.329+0000] {processor.py:186} INFO - Started process (PID=30602) to work on /opt/airflow/dags/sydney_weather_pipeline/sydney_weather_etl.py
[2025-02-23T17:16:42.330+0000] {processor.py:914} INFO - Processing file /opt/airflow/dags/sydney_weather_pipeline/sydney_weather_etl.py for tasks to queue
[2025-02-23T17:16:42.332+0000] {logging_mixin.py:190} INFO - [2025-02-23T17:16:42.331+0000] {dagbag.py:588} INFO - Filling up the DagBag from /opt/airflow/dags/sydney_weather_pipeline/sydney_weather_etl.py
[2025-02-23T17:16:42.345+0000] {processor.py:925} INFO - DAG(s) 'sydney_weather_pipeline' retrieved from /opt/airflow/dags/sydney_weather_pipeline/sydney_weather_etl.py
[2025-02-23T17:16:42.376+0000] {logging_mixin.py:190} INFO - [2025-02-23T17:16:42.376+0000] {dag.py:3239} INFO - Sync 1 DAGs
[2025-02-23T17:16:42.414+0000] {logging_mixin.py:190} INFO - [2025-02-23T17:16:42.414+0000] {dag.py:4180} INFO - Setting next_dagrun for sydney_weather_pipeline to 2025-02-23 17:00:00+00:00, run_after=2025-02-23 18:00:00+00:00
[2025-02-23T17:16:42.441+0000] {processor.py:208} INFO - Processing /opt/airflow/dags/sydney_weather_pipeline/sydney_weather_etl.py took 0.120 seconds
[2025-02-23T17:17:12.792+0000] {processor.py:186} INFO - Started process (PID=30613) to work on /opt/airflow/dags/sydney_weather_pipeline/sydney_weather_etl.py
[2025-02-23T17:17:12.793+0000] {processor.py:914} INFO - Processing file /opt/airflow/dags/sydney_weather_pipeline/sydney_weather_etl.py for tasks to queue
[2025-02-23T17:17:12.795+0000] {logging_mixin.py:190} INFO - [2025-02-23T17:17:12.794+0000] {dagbag.py:588} INFO - Filling up the DagBag from /opt/airflow/dags/sydney_weather_pipeline/sydney_weather_etl.py
[2025-02-23T17:17:12.807+0000] {processor.py:925} INFO - DAG(s) 'sydney_weather_pipeline' retrieved from /opt/airflow/dags/sydney_weather_pipeline/sydney_weather_etl.py
[2025-02-23T17:17:12.839+0000] {logging_mixin.py:190} INFO - [2025-02-23T17:17:12.838+0000] {dag.py:3239} INFO - Sync 1 DAGs
[2025-02-23T17:17:12.872+0000] {logging_mixin.py:190} INFO - [2025-02-23T17:17:12.872+0000] {dag.py:4180} INFO - Setting next_dagrun for sydney_weather_pipeline to 2025-02-23 17:00:00+00:00, run_after=2025-02-23 18:00:00+00:00
[2025-02-23T17:17:13.028+0000] {processor.py:208} INFO - Processing /opt/airflow/dags/sydney_weather_pipeline/sydney_weather_etl.py took 0.243 seconds
[2025-02-23T17:17:43.672+0000] {processor.py:186} INFO - Started process (PID=30624) to work on /opt/airflow/dags/sydney_weather_pipeline/sydney_weather_etl.py
[2025-02-23T17:17:43.673+0000] {processor.py:914} INFO - Processing file /opt/airflow/dags/sydney_weather_pipeline/sydney_weather_etl.py for tasks to queue
[2025-02-23T17:17:43.674+0000] {logging_mixin.py:190} INFO - [2025-02-23T17:17:43.674+0000] {dagbag.py:588} INFO - Filling up the DagBag from /opt/airflow/dags/sydney_weather_pipeline/sydney_weather_etl.py
[2025-02-23T17:17:43.686+0000] {processor.py:925} INFO - DAG(s) 'sydney_weather_pipeline' retrieved from /opt/airflow/dags/sydney_weather_pipeline/sydney_weather_etl.py
[2025-02-23T17:17:43.717+0000] {logging_mixin.py:190} INFO - [2025-02-23T17:17:43.717+0000] {dag.py:3239} INFO - Sync 1 DAGs
[2025-02-23T17:17:43.750+0000] {logging_mixin.py:190} INFO - [2025-02-23T17:17:43.750+0000] {dag.py:4180} INFO - Setting next_dagrun for sydney_weather_pipeline to 2025-02-23 17:00:00+00:00, run_after=2025-02-23 18:00:00+00:00
[2025-02-23T17:17:43.774+0000] {processor.py:208} INFO - Processing /opt/airflow/dags/sydney_weather_pipeline/sydney_weather_etl.py took 0.108 seconds
[2025-02-23T17:18:14.172+0000] {processor.py:186} INFO - Started process (PID=30635) to work on /opt/airflow/dags/sydney_weather_pipeline/sydney_weather_etl.py
[2025-02-23T17:18:14.173+0000] {processor.py:914} INFO - Processing file /opt/airflow/dags/sydney_weather_pipeline/sydney_weather_etl.py for tasks to queue
[2025-02-23T17:18:14.175+0000] {logging_mixin.py:190} INFO - [2025-02-23T17:18:14.174+0000] {dagbag.py:588} INFO - Filling up the DagBag from /opt/airflow/dags/sydney_weather_pipeline/sydney_weather_etl.py
[2025-02-23T17:18:14.191+0000] {processor.py:925} INFO - DAG(s) 'sydney_weather_pipeline' retrieved from /opt/airflow/dags/sydney_weather_pipeline/sydney_weather_etl.py
[2025-02-23T17:18:14.227+0000] {logging_mixin.py:190} INFO - [2025-02-23T17:18:14.227+0000] {dag.py:3239} INFO - Sync 1 DAGs
[2025-02-23T17:18:14.260+0000] {logging_mixin.py:190} INFO - [2025-02-23T17:18:14.260+0000] {dag.py:4180} INFO - Setting next_dagrun for sydney_weather_pipeline to 2025-02-23 17:00:00+00:00, run_after=2025-02-23 18:00:00+00:00
[2025-02-23T17:18:14.283+0000] {processor.py:208} INFO - Processing /opt/airflow/dags/sydney_weather_pipeline/sydney_weather_etl.py took 0.119 seconds
[2025-02-23T17:18:44.745+0000] {processor.py:186} INFO - Started process (PID=30646) to work on /opt/airflow/dags/sydney_weather_pipeline/sydney_weather_etl.py
[2025-02-23T17:18:44.746+0000] {processor.py:914} INFO - Processing file /opt/airflow/dags/sydney_weather_pipeline/sydney_weather_etl.py for tasks to queue
[2025-02-23T17:18:44.748+0000] {logging_mixin.py:190} INFO - [2025-02-23T17:18:44.747+0000] {dagbag.py:588} INFO - Filling up the DagBag from /opt/airflow/dags/sydney_weather_pipeline/sydney_weather_etl.py
[2025-02-23T17:18:44.762+0000] {processor.py:925} INFO - DAG(s) 'sydney_weather_pipeline' retrieved from /opt/airflow/dags/sydney_weather_pipeline/sydney_weather_etl.py
[2025-02-23T17:18:44.796+0000] {logging_mixin.py:190} INFO - [2025-02-23T17:18:44.795+0000] {dag.py:3239} INFO - Sync 1 DAGs
[2025-02-23T17:18:44.829+0000] {logging_mixin.py:190} INFO - [2025-02-23T17:18:44.829+0000] {dag.py:4180} INFO - Setting next_dagrun for sydney_weather_pipeline to 2025-02-23 17:00:00+00:00, run_after=2025-02-23 18:00:00+00:00
[2025-02-23T17:18:44.851+0000] {processor.py:208} INFO - Processing /opt/airflow/dags/sydney_weather_pipeline/sydney_weather_etl.py took 0.115 seconds
[2025-02-23T17:19:15.255+0000] {processor.py:186} INFO - Started process (PID=30657) to work on /opt/airflow/dags/sydney_weather_pipeline/sydney_weather_etl.py
[2025-02-23T17:19:15.256+0000] {processor.py:914} INFO - Processing file /opt/airflow/dags/sydney_weather_pipeline/sydney_weather_etl.py for tasks to queue
[2025-02-23T17:19:15.257+0000] {logging_mixin.py:190} INFO - [2025-02-23T17:19:15.257+0000] {dagbag.py:588} INFO - Filling up the DagBag from /opt/airflow/dags/sydney_weather_pipeline/sydney_weather_etl.py
[2025-02-23T17:19:15.269+0000] {processor.py:925} INFO - DAG(s) 'sydney_weather_pipeline' retrieved from /opt/airflow/dags/sydney_weather_pipeline/sydney_weather_etl.py
[2025-02-23T17:19:15.301+0000] {logging_mixin.py:190} INFO - [2025-02-23T17:19:15.301+0000] {dag.py:3239} INFO - Sync 1 DAGs
[2025-02-23T17:19:15.334+0000] {logging_mixin.py:190} INFO - [2025-02-23T17:19:15.334+0000] {dag.py:4180} INFO - Setting next_dagrun for sydney_weather_pipeline to 2025-02-23 17:00:00+00:00, run_after=2025-02-23 18:00:00+00:00
[2025-02-23T17:19:15.487+0000] {processor.py:208} INFO - Processing /opt/airflow/dags/sydney_weather_pipeline/sydney_weather_etl.py took 0.239 seconds
[2025-02-23T17:19:46.097+0000] {processor.py:186} INFO - Started process (PID=30668) to work on /opt/airflow/dags/sydney_weather_pipeline/sydney_weather_etl.py
[2025-02-23T17:19:46.098+0000] {processor.py:914} INFO - Processing file /opt/airflow/dags/sydney_weather_pipeline/sydney_weather_etl.py for tasks to queue
[2025-02-23T17:19:46.100+0000] {logging_mixin.py:190} INFO - [2025-02-23T17:19:46.099+0000] {dagbag.py:588} INFO - Filling up the DagBag from /opt/airflow/dags/sydney_weather_pipeline/sydney_weather_etl.py
[2025-02-23T17:19:46.114+0000] {processor.py:925} INFO - DAG(s) 'sydney_weather_pipeline' retrieved from /opt/airflow/dags/sydney_weather_pipeline/sydney_weather_etl.py
[2025-02-23T17:19:46.151+0000] {logging_mixin.py:190} INFO - [2025-02-23T17:19:46.151+0000] {dag.py:3239} INFO - Sync 1 DAGs
[2025-02-23T17:19:46.188+0000] {logging_mixin.py:190} INFO - [2025-02-23T17:19:46.187+0000] {dag.py:4180} INFO - Setting next_dagrun for sydney_weather_pipeline to 2025-02-23 17:00:00+00:00, run_after=2025-02-23 18:00:00+00:00
[2025-02-23T17:19:46.219+0000] {processor.py:208} INFO - Processing /opt/airflow/dags/sydney_weather_pipeline/sydney_weather_etl.py took 0.132 seconds
[2025-02-23T17:20:16.565+0000] {processor.py:186} INFO - Started process (PID=30679) to work on /opt/airflow/dags/sydney_weather_pipeline/sydney_weather_etl.py
[2025-02-23T17:20:16.566+0000] {processor.py:914} INFO - Processing file /opt/airflow/dags/sydney_weather_pipeline/sydney_weather_etl.py for tasks to queue
[2025-02-23T17:20:16.567+0000] {logging_mixin.py:190} INFO - [2025-02-23T17:20:16.567+0000] {dagbag.py:588} INFO - Filling up the DagBag from /opt/airflow/dags/sydney_weather_pipeline/sydney_weather_etl.py
[2025-02-23T17:20:16.581+0000] {processor.py:925} INFO - DAG(s) 'sydney_weather_pipeline' retrieved from /opt/airflow/dags/sydney_weather_pipeline/sydney_weather_etl.py
[2025-02-23T17:20:16.616+0000] {logging_mixin.py:190} INFO - [2025-02-23T17:20:16.615+0000] {dag.py:3239} INFO - Sync 1 DAGs
[2025-02-23T17:20:16.649+0000] {logging_mixin.py:190} INFO - [2025-02-23T17:20:16.649+0000] {dag.py:4180} INFO - Setting next_dagrun for sydney_weather_pipeline to 2025-02-23 17:00:00+00:00, run_after=2025-02-23 18:00:00+00:00
[2025-02-23T17:20:16.677+0000] {processor.py:208} INFO - Processing /opt/airflow/dags/sydney_weather_pipeline/sydney_weather_etl.py took 0.120 seconds
[2025-02-23T17:20:47.068+0000] {processor.py:186} INFO - Started process (PID=30690) to work on /opt/airflow/dags/sydney_weather_pipeline/sydney_weather_etl.py
[2025-02-23T17:20:47.069+0000] {processor.py:914} INFO - Processing file /opt/airflow/dags/sydney_weather_pipeline/sydney_weather_etl.py for tasks to queue
[2025-02-23T17:20:47.071+0000] {logging_mixin.py:190} INFO - [2025-02-23T17:20:47.070+0000] {dagbag.py:588} INFO - Filling up the DagBag from /opt/airflow/dags/sydney_weather_pipeline/sydney_weather_etl.py
[2025-02-23T17:20:47.085+0000] {processor.py:925} INFO - DAG(s) 'sydney_weather_pipeline' retrieved from /opt/airflow/dags/sydney_weather_pipeline/sydney_weather_etl.py
[2025-02-23T17:20:47.122+0000] {logging_mixin.py:190} INFO - [2025-02-23T17:20:47.121+0000] {dag.py:3239} INFO - Sync 1 DAGs
[2025-02-23T17:20:47.155+0000] {logging_mixin.py:190} INFO - [2025-02-23T17:20:47.155+0000] {dag.py:4180} INFO - Setting next_dagrun for sydney_weather_pipeline to 2025-02-23 17:00:00+00:00, run_after=2025-02-23 18:00:00+00:00
[2025-02-23T17:20:47.187+0000] {processor.py:208} INFO - Processing /opt/airflow/dags/sydney_weather_pipeline/sydney_weather_etl.py took 0.128 seconds
[2025-02-23T17:21:17.667+0000] {processor.py:186} INFO - Started process (PID=30701) to work on /opt/airflow/dags/sydney_weather_pipeline/sydney_weather_etl.py
[2025-02-23T17:21:17.668+0000] {processor.py:914} INFO - Processing file /opt/airflow/dags/sydney_weather_pipeline/sydney_weather_etl.py for tasks to queue
[2025-02-23T17:21:17.669+0000] {logging_mixin.py:190} INFO - [2025-02-23T17:21:17.669+0000] {dagbag.py:588} INFO - Filling up the DagBag from /opt/airflow/dags/sydney_weather_pipeline/sydney_weather_etl.py
[2025-02-23T17:21:17.681+0000] {processor.py:925} INFO - DAG(s) 'sydney_weather_pipeline' retrieved from /opt/airflow/dags/sydney_weather_pipeline/sydney_weather_etl.py
[2025-02-23T17:21:17.710+0000] {logging_mixin.py:190} INFO - [2025-02-23T17:21:17.710+0000] {dag.py:3239} INFO - Sync 1 DAGs
[2025-02-23T17:21:17.740+0000] {logging_mixin.py:190} INFO - [2025-02-23T17:21:17.740+0000] {dag.py:4180} INFO - Setting next_dagrun for sydney_weather_pipeline to 2025-02-23 17:00:00+00:00, run_after=2025-02-23 18:00:00+00:00
[2025-02-23T17:21:17.762+0000] {processor.py:208} INFO - Processing /opt/airflow/dags/sydney_weather_pipeline/sydney_weather_etl.py took 0.103 seconds
[2025-02-23T17:21:48.142+0000] {processor.py:186} INFO - Started process (PID=30712) to work on /opt/airflow/dags/sydney_weather_pipeline/sydney_weather_etl.py
[2025-02-23T17:21:48.144+0000] {processor.py:914} INFO - Processing file /opt/airflow/dags/sydney_weather_pipeline/sydney_weather_etl.py for tasks to queue
[2025-02-23T17:21:48.145+0000] {logging_mixin.py:190} INFO - [2025-02-23T17:21:48.145+0000] {dagbag.py:588} INFO - Filling up the DagBag from /opt/airflow/dags/sydney_weather_pipeline/sydney_weather_etl.py
[2025-02-23T17:21:48.159+0000] {processor.py:925} INFO - DAG(s) 'sydney_weather_pipeline' retrieved from /opt/airflow/dags/sydney_weather_pipeline/sydney_weather_etl.py
[2025-02-23T17:21:48.194+0000] {logging_mixin.py:190} INFO - [2025-02-23T17:21:48.193+0000] {dag.py:3239} INFO - Sync 1 DAGs
[2025-02-23T17:21:48.356+0000] {logging_mixin.py:190} INFO - [2025-02-23T17:21:48.356+0000] {dag.py:4180} INFO - Setting next_dagrun for sydney_weather_pipeline to 2025-02-23 17:00:00+00:00, run_after=2025-02-23 18:00:00+00:00
[2025-02-23T17:21:48.378+0000] {processor.py:208} INFO - Processing /opt/airflow/dags/sydney_weather_pipeline/sydney_weather_etl.py took 0.245 seconds
[2025-02-23T17:22:19.008+0000] {processor.py:186} INFO - Started process (PID=30723) to work on /opt/airflow/dags/sydney_weather_pipeline/sydney_weather_etl.py
[2025-02-23T17:22:19.010+0000] {processor.py:914} INFO - Processing file /opt/airflow/dags/sydney_weather_pipeline/sydney_weather_etl.py for tasks to queue
[2025-02-23T17:22:19.011+0000] {logging_mixin.py:190} INFO - [2025-02-23T17:22:19.011+0000] {dagbag.py:588} INFO - Filling up the DagBag from /opt/airflow/dags/sydney_weather_pipeline/sydney_weather_etl.py
[2025-02-23T17:22:19.024+0000] {processor.py:925} INFO - DAG(s) 'sydney_weather_pipeline' retrieved from /opt/airflow/dags/sydney_weather_pipeline/sydney_weather_etl.py
[2025-02-23T17:22:19.056+0000] {logging_mixin.py:190} INFO - [2025-02-23T17:22:19.056+0000] {dag.py:3239} INFO - Sync 1 DAGs
[2025-02-23T17:22:19.090+0000] {logging_mixin.py:190} INFO - [2025-02-23T17:22:19.090+0000] {dag.py:4180} INFO - Setting next_dagrun for sydney_weather_pipeline to 2025-02-23 17:00:00+00:00, run_after=2025-02-23 18:00:00+00:00
[2025-02-23T17:22:19.109+0000] {processor.py:208} INFO - Processing /opt/airflow/dags/sydney_weather_pipeline/sydney_weather_etl.py took 0.108 seconds
[2025-02-23T17:22:49.500+0000] {processor.py:186} INFO - Started process (PID=30734) to work on /opt/airflow/dags/sydney_weather_pipeline/sydney_weather_etl.py
[2025-02-23T17:22:49.501+0000] {processor.py:914} INFO - Processing file /opt/airflow/dags/sydney_weather_pipeline/sydney_weather_etl.py for tasks to queue
[2025-02-23T17:22:49.502+0000] {logging_mixin.py:190} INFO - [2025-02-23T17:22:49.502+0000] {dagbag.py:588} INFO - Filling up the DagBag from /opt/airflow/dags/sydney_weather_pipeline/sydney_weather_etl.py
[2025-02-23T17:22:49.516+0000] {processor.py:925} INFO - DAG(s) 'sydney_weather_pipeline' retrieved from /opt/airflow/dags/sydney_weather_pipeline/sydney_weather_etl.py
[2025-02-23T17:22:49.553+0000] {logging_mixin.py:190} INFO - [2025-02-23T17:22:49.553+0000] {dag.py:3239} INFO - Sync 1 DAGs
[2025-02-23T17:22:49.587+0000] {logging_mixin.py:190} INFO - [2025-02-23T17:22:49.587+0000] {dag.py:4180} INFO - Setting next_dagrun for sydney_weather_pipeline to 2025-02-23 17:00:00+00:00, run_after=2025-02-23 18:00:00+00:00
[2025-02-23T17:22:49.609+0000] {processor.py:208} INFO - Processing /opt/airflow/dags/sydney_weather_pipeline/sydney_weather_etl.py took 0.118 seconds
[2025-02-23T17:23:20.040+0000] {processor.py:186} INFO - Started process (PID=30745) to work on /opt/airflow/dags/sydney_weather_pipeline/sydney_weather_etl.py
[2025-02-23T17:23:20.041+0000] {processor.py:914} INFO - Processing file /opt/airflow/dags/sydney_weather_pipeline/sydney_weather_etl.py for tasks to queue
[2025-02-23T17:23:20.043+0000] {logging_mixin.py:190} INFO - [2025-02-23T17:23:20.042+0000] {dagbag.py:588} INFO - Filling up the DagBag from /opt/airflow/dags/sydney_weather_pipeline/sydney_weather_etl.py
[2025-02-23T17:23:20.057+0000] {processor.py:925} INFO - DAG(s) 'sydney_weather_pipeline' retrieved from /opt/airflow/dags/sydney_weather_pipeline/sydney_weather_etl.py
[2025-02-23T17:23:20.093+0000] {logging_mixin.py:190} INFO - [2025-02-23T17:23:20.093+0000] {dag.py:3239} INFO - Sync 1 DAGs
[2025-02-23T17:23:20.127+0000] {logging_mixin.py:190} INFO - [2025-02-23T17:23:20.127+0000] {dag.py:4180} INFO - Setting next_dagrun for sydney_weather_pipeline to 2025-02-23 17:00:00+00:00, run_after=2025-02-23 18:00:00+00:00
[2025-02-23T17:23:20.151+0000] {processor.py:208} INFO - Processing /opt/airflow/dags/sydney_weather_pipeline/sydney_weather_etl.py took 0.120 seconds
[2025-02-23T17:23:50.548+0000] {processor.py:186} INFO - Started process (PID=30756) to work on /opt/airflow/dags/sydney_weather_pipeline/sydney_weather_etl.py
[2025-02-23T17:23:50.549+0000] {processor.py:914} INFO - Processing file /opt/airflow/dags/sydney_weather_pipeline/sydney_weather_etl.py for tasks to queue
[2025-02-23T17:23:50.551+0000] {logging_mixin.py:190} INFO - [2025-02-23T17:23:50.551+0000] {dagbag.py:588} INFO - Filling up the DagBag from /opt/airflow/dags/sydney_weather_pipeline/sydney_weather_etl.py
[2025-02-23T17:23:50.566+0000] {processor.py:925} INFO - DAG(s) 'sydney_weather_pipeline' retrieved from /opt/airflow/dags/sydney_weather_pipeline/sydney_weather_etl.py
[2025-02-23T17:23:50.597+0000] {logging_mixin.py:190} INFO - [2025-02-23T17:23:50.597+0000] {dag.py:3239} INFO - Sync 1 DAGs
[2025-02-23T17:23:50.630+0000] {logging_mixin.py:190} INFO - [2025-02-23T17:23:50.629+0000] {dag.py:4180} INFO - Setting next_dagrun for sydney_weather_pipeline to 2025-02-23 17:00:00+00:00, run_after=2025-02-23 18:00:00+00:00
[2025-02-23T17:23:50.777+0000] {processor.py:208} INFO - Processing /opt/airflow/dags/sydney_weather_pipeline/sydney_weather_etl.py took 0.238 seconds
[2025-02-23T17:24:21.376+0000] {processor.py:186} INFO - Started process (PID=30767) to work on /opt/airflow/dags/sydney_weather_pipeline/sydney_weather_etl.py
[2025-02-23T17:24:21.377+0000] {processor.py:914} INFO - Processing file /opt/airflow/dags/sydney_weather_pipeline/sydney_weather_etl.py for tasks to queue
[2025-02-23T17:24:21.379+0000] {logging_mixin.py:190} INFO - [2025-02-23T17:24:21.378+0000] {dagbag.py:588} INFO - Filling up the DagBag from /opt/airflow/dags/sydney_weather_pipeline/sydney_weather_etl.py
[2025-02-23T17:24:21.393+0000] {processor.py:925} INFO - DAG(s) 'sydney_weather_pipeline' retrieved from /opt/airflow/dags/sydney_weather_pipeline/sydney_weather_etl.py
[2025-02-23T17:24:21.428+0000] {logging_mixin.py:190} INFO - [2025-02-23T17:24:21.427+0000] {dag.py:3239} INFO - Sync 1 DAGs
[2025-02-23T17:24:21.460+0000] {logging_mixin.py:190} INFO - [2025-02-23T17:24:21.460+0000] {dag.py:4180} INFO - Setting next_dagrun for sydney_weather_pipeline to 2025-02-23 17:00:00+00:00, run_after=2025-02-23 18:00:00+00:00
[2025-02-23T17:24:21.482+0000] {processor.py:208} INFO - Processing /opt/airflow/dags/sydney_weather_pipeline/sydney_weather_etl.py took 0.115 seconds
[2025-02-23T17:24:51.843+0000] {processor.py:186} INFO - Started process (PID=30778) to work on /opt/airflow/dags/sydney_weather_pipeline/sydney_weather_etl.py
[2025-02-23T17:24:51.844+0000] {processor.py:914} INFO - Processing file /opt/airflow/dags/sydney_weather_pipeline/sydney_weather_etl.py for tasks to queue
[2025-02-23T17:24:51.845+0000] {logging_mixin.py:190} INFO - [2025-02-23T17:24:51.845+0000] {dagbag.py:588} INFO - Filling up the DagBag from /opt/airflow/dags/sydney_weather_pipeline/sydney_weather_etl.py
[2025-02-23T17:24:51.859+0000] {processor.py:925} INFO - DAG(s) 'sydney_weather_pipeline' retrieved from /opt/airflow/dags/sydney_weather_pipeline/sydney_weather_etl.py
[2025-02-23T17:24:51.892+0000] {logging_mixin.py:190} INFO - [2025-02-23T17:24:51.892+0000] {dag.py:3239} INFO - Sync 1 DAGs
[2025-02-23T17:24:51.925+0000] {logging_mixin.py:190} INFO - [2025-02-23T17:24:51.924+0000] {dag.py:4180} INFO - Setting next_dagrun for sydney_weather_pipeline to 2025-02-23 17:00:00+00:00, run_after=2025-02-23 18:00:00+00:00
[2025-02-23T17:24:51.948+0000] {processor.py:208} INFO - Processing /opt/airflow/dags/sydney_weather_pipeline/sydney_weather_etl.py took 0.112 seconds
[2025-02-23T17:25:22.339+0000] {processor.py:186} INFO - Started process (PID=30789) to work on /opt/airflow/dags/sydney_weather_pipeline/sydney_weather_etl.py
[2025-02-23T17:25:22.340+0000] {processor.py:914} INFO - Processing file /opt/airflow/dags/sydney_weather_pipeline/sydney_weather_etl.py for tasks to queue
[2025-02-23T17:25:22.342+0000] {logging_mixin.py:190} INFO - [2025-02-23T17:25:22.341+0000] {dagbag.py:588} INFO - Filling up the DagBag from /opt/airflow/dags/sydney_weather_pipeline/sydney_weather_etl.py
[2025-02-23T17:25:22.355+0000] {processor.py:925} INFO - DAG(s) 'sydney_weather_pipeline' retrieved from /opt/airflow/dags/sydney_weather_pipeline/sydney_weather_etl.py
[2025-02-23T17:25:22.387+0000] {logging_mixin.py:190} INFO - [2025-02-23T17:25:22.386+0000] {dag.py:3239} INFO - Sync 1 DAGs
[2025-02-23T17:25:22.426+0000] {logging_mixin.py:190} INFO - [2025-02-23T17:25:22.426+0000] {dag.py:4180} INFO - Setting next_dagrun for sydney_weather_pipeline to 2025-02-23 17:00:00+00:00, run_after=2025-02-23 18:00:00+00:00
[2025-02-23T17:25:22.449+0000] {processor.py:208} INFO - Processing /opt/airflow/dags/sydney_weather_pipeline/sydney_weather_etl.py took 0.117 seconds
[2025-02-23T17:25:52.887+0000] {processor.py:186} INFO - Started process (PID=30800) to work on /opt/airflow/dags/sydney_weather_pipeline/sydney_weather_etl.py
[2025-02-23T17:25:52.888+0000] {processor.py:914} INFO - Processing file /opt/airflow/dags/sydney_weather_pipeline/sydney_weather_etl.py for tasks to queue
[2025-02-23T17:25:52.890+0000] {logging_mixin.py:190} INFO - [2025-02-23T17:25:52.889+0000] {dagbag.py:588} INFO - Filling up the DagBag from /opt/airflow/dags/sydney_weather_pipeline/sydney_weather_etl.py
[2025-02-23T17:25:52.902+0000] {processor.py:925} INFO - DAG(s) 'sydney_weather_pipeline' retrieved from /opt/airflow/dags/sydney_weather_pipeline/sydney_weather_etl.py
[2025-02-23T17:25:52.933+0000] {logging_mixin.py:190} INFO - [2025-02-23T17:25:52.933+0000] {dag.py:3239} INFO - Sync 1 DAGs
[2025-02-23T17:25:52.963+0000] {logging_mixin.py:190} INFO - [2025-02-23T17:25:52.962+0000] {dag.py:4180} INFO - Setting next_dagrun for sydney_weather_pipeline to 2025-02-23 17:00:00+00:00, run_after=2025-02-23 18:00:00+00:00
[2025-02-23T17:25:53.113+0000] {processor.py:208} INFO - Processing /opt/airflow/dags/sydney_weather_pipeline/sydney_weather_etl.py took 0.234 seconds
[2025-02-23T17:26:23.648+0000] {processor.py:186} INFO - Started process (PID=30811) to work on /opt/airflow/dags/sydney_weather_pipeline/sydney_weather_etl.py
[2025-02-23T17:26:23.648+0000] {processor.py:914} INFO - Processing file /opt/airflow/dags/sydney_weather_pipeline/sydney_weather_etl.py for tasks to queue
[2025-02-23T17:26:23.650+0000] {logging_mixin.py:190} INFO - [2025-02-23T17:26:23.649+0000] {dagbag.py:588} INFO - Filling up the DagBag from /opt/airflow/dags/sydney_weather_pipeline/sydney_weather_etl.py
[2025-02-23T17:26:23.662+0000] {processor.py:925} INFO - DAG(s) 'sydney_weather_pipeline' retrieved from /opt/airflow/dags/sydney_weather_pipeline/sydney_weather_etl.py
[2025-02-23T17:26:23.693+0000] {logging_mixin.py:190} INFO - [2025-02-23T17:26:23.693+0000] {dag.py:3239} INFO - Sync 1 DAGs
[2025-02-23T17:26:23.851+0000] {logging_mixin.py:190} INFO - [2025-02-23T17:26:23.851+0000] {dag.py:4180} INFO - Setting next_dagrun for sydney_weather_pipeline to 2025-02-23 17:00:00+00:00, run_after=2025-02-23 18:00:00+00:00
[2025-02-23T17:26:23.881+0000] {processor.py:208} INFO - Processing /opt/airflow/dags/sydney_weather_pipeline/sydney_weather_etl.py took 0.240 seconds
[2025-02-23T17:26:54.589+0000] {processor.py:186} INFO - Started process (PID=30822) to work on /opt/airflow/dags/sydney_weather_pipeline/sydney_weather_etl.py
[2025-02-23T17:26:54.590+0000] {processor.py:914} INFO - Processing file /opt/airflow/dags/sydney_weather_pipeline/sydney_weather_etl.py for tasks to queue
[2025-02-23T17:26:54.592+0000] {logging_mixin.py:190} INFO - [2025-02-23T17:26:54.591+0000] {dagbag.py:588} INFO - Filling up the DagBag from /opt/airflow/dags/sydney_weather_pipeline/sydney_weather_etl.py
[2025-02-23T17:26:54.606+0000] {processor.py:925} INFO - DAG(s) 'sydney_weather_pipeline' retrieved from /opt/airflow/dags/sydney_weather_pipeline/sydney_weather_etl.py
[2025-02-23T17:26:54.641+0000] {logging_mixin.py:190} INFO - [2025-02-23T17:26:54.641+0000] {dag.py:3239} INFO - Sync 1 DAGs
[2025-02-23T17:26:54.677+0000] {logging_mixin.py:190} INFO - [2025-02-23T17:26:54.676+0000] {dag.py:4180} INFO - Setting next_dagrun for sydney_weather_pipeline to 2025-02-23 17:00:00+00:00, run_after=2025-02-23 18:00:00+00:00
[2025-02-23T17:26:54.710+0000] {processor.py:208} INFO - Processing /opt/airflow/dags/sydney_weather_pipeline/sydney_weather_etl.py took 0.131 seconds
[2025-02-23T17:27:25.105+0000] {processor.py:186} INFO - Started process (PID=30833) to work on /opt/airflow/dags/sydney_weather_pipeline/sydney_weather_etl.py
[2025-02-23T17:27:25.106+0000] {processor.py:914} INFO - Processing file /opt/airflow/dags/sydney_weather_pipeline/sydney_weather_etl.py for tasks to queue
[2025-02-23T17:27:25.107+0000] {logging_mixin.py:190} INFO - [2025-02-23T17:27:25.107+0000] {dagbag.py:588} INFO - Filling up the DagBag from /opt/airflow/dags/sydney_weather_pipeline/sydney_weather_etl.py
[2025-02-23T17:27:25.119+0000] {processor.py:925} INFO - DAG(s) 'sydney_weather_pipeline' retrieved from /opt/airflow/dags/sydney_weather_pipeline/sydney_weather_etl.py
[2025-02-23T17:27:25.153+0000] {logging_mixin.py:190} INFO - [2025-02-23T17:27:25.153+0000] {dag.py:3239} INFO - Sync 1 DAGs
[2025-02-23T17:27:25.186+0000] {logging_mixin.py:190} INFO - [2025-02-23T17:27:25.185+0000] {dag.py:4180} INFO - Setting next_dagrun for sydney_weather_pipeline to 2025-02-23 17:00:00+00:00, run_after=2025-02-23 18:00:00+00:00
[2025-02-23T17:27:25.209+0000] {processor.py:208} INFO - Processing /opt/airflow/dags/sydney_weather_pipeline/sydney_weather_etl.py took 0.110 seconds
[2025-02-23T17:27:55.688+0000] {processor.py:186} INFO - Started process (PID=30844) to work on /opt/airflow/dags/sydney_weather_pipeline/sydney_weather_etl.py
[2025-02-23T17:27:55.699+0000] {processor.py:914} INFO - Processing file /opt/airflow/dags/sydney_weather_pipeline/sydney_weather_etl.py for tasks to queue
[2025-02-23T17:27:55.700+0000] {logging_mixin.py:190} INFO - [2025-02-23T17:27:55.700+0000] {dagbag.py:588} INFO - Filling up the DagBag from /opt/airflow/dags/sydney_weather_pipeline/sydney_weather_etl.py
[2025-02-23T17:27:55.718+0000] {processor.py:925} INFO - DAG(s) 'sydney_weather_pipeline' retrieved from /opt/airflow/dags/sydney_weather_pipeline/sydney_weather_etl.py
[2025-02-23T17:27:55.756+0000] {logging_mixin.py:190} INFO - [2025-02-23T17:27:55.756+0000] {dag.py:3239} INFO - Sync 1 DAGs
[2025-02-23T17:27:55.792+0000] {logging_mixin.py:190} INFO - [2025-02-23T17:27:55.792+0000] {dag.py:4180} INFO - Setting next_dagrun for sydney_weather_pipeline to 2025-02-23 17:00:00+00:00, run_after=2025-02-23 18:00:00+00:00
[2025-02-23T17:27:55.949+0000] {processor.py:208} INFO - Processing /opt/airflow/dags/sydney_weather_pipeline/sydney_weather_etl.py took 0.270 seconds
[2025-02-23T17:28:26.460+0000] {processor.py:186} INFO - Started process (PID=30855) to work on /opt/airflow/dags/sydney_weather_pipeline/sydney_weather_etl.py
[2025-02-23T17:28:26.461+0000] {processor.py:914} INFO - Processing file /opt/airflow/dags/sydney_weather_pipeline/sydney_weather_etl.py for tasks to queue
[2025-02-23T17:28:26.462+0000] {logging_mixin.py:190} INFO - [2025-02-23T17:28:26.462+0000] {dagbag.py:588} INFO - Filling up the DagBag from /opt/airflow/dags/sydney_weather_pipeline/sydney_weather_etl.py
[2025-02-23T17:28:26.475+0000] {processor.py:925} INFO - DAG(s) 'sydney_weather_pipeline' retrieved from /opt/airflow/dags/sydney_weather_pipeline/sydney_weather_etl.py
[2025-02-23T17:28:26.507+0000] {logging_mixin.py:190} INFO - [2025-02-23T17:28:26.507+0000] {dag.py:3239} INFO - Sync 1 DAGs
[2025-02-23T17:28:26.675+0000] {logging_mixin.py:190} INFO - [2025-02-23T17:28:26.675+0000] {dag.py:4180} INFO - Setting next_dagrun for sydney_weather_pipeline to 2025-02-23 17:00:00+00:00, run_after=2025-02-23 18:00:00+00:00
[2025-02-23T17:28:26.694+0000] {processor.py:208} INFO - Processing /opt/airflow/dags/sydney_weather_pipeline/sydney_weather_etl.py took 0.241 seconds
[2025-02-23T17:28:57.210+0000] {processor.py:186} INFO - Started process (PID=30866) to work on /opt/airflow/dags/sydney_weather_pipeline/sydney_weather_etl.py
[2025-02-23T17:28:57.211+0000] {processor.py:914} INFO - Processing file /opt/airflow/dags/sydney_weather_pipeline/sydney_weather_etl.py for tasks to queue
[2025-02-23T17:28:57.213+0000] {logging_mixin.py:190} INFO - [2025-02-23T17:28:57.213+0000] {dagbag.py:588} INFO - Filling up the DagBag from /opt/airflow/dags/sydney_weather_pipeline/sydney_weather_etl.py
[2025-02-23T17:28:57.226+0000] {processor.py:925} INFO - DAG(s) 'sydney_weather_pipeline' retrieved from /opt/airflow/dags/sydney_weather_pipeline/sydney_weather_etl.py
[2025-02-23T17:28:57.389+0000] {logging_mixin.py:190} INFO - [2025-02-23T17:28:57.388+0000] {dag.py:3239} INFO - Sync 1 DAGs
[2025-02-23T17:28:57.416+0000] {logging_mixin.py:190} INFO - [2025-02-23T17:28:57.415+0000] {dag.py:4180} INFO - Setting next_dagrun for sydney_weather_pipeline to 2025-02-23 17:00:00+00:00, run_after=2025-02-23 18:00:00+00:00
[2025-02-23T17:28:57.435+0000] {processor.py:208} INFO - Processing /opt/airflow/dags/sydney_weather_pipeline/sydney_weather_etl.py took 0.232 seconds
[2025-02-23T17:29:27.835+0000] {processor.py:186} INFO - Started process (PID=30877) to work on /opt/airflow/dags/sydney_weather_pipeline/sydney_weather_etl.py
[2025-02-23T17:29:27.836+0000] {processor.py:914} INFO - Processing file /opt/airflow/dags/sydney_weather_pipeline/sydney_weather_etl.py for tasks to queue
[2025-02-23T17:29:27.838+0000] {logging_mixin.py:190} INFO - [2025-02-23T17:29:27.837+0000] {dagbag.py:588} INFO - Filling up the DagBag from /opt/airflow/dags/sydney_weather_pipeline/sydney_weather_etl.py
[2025-02-23T17:29:27.854+0000] {processor.py:925} INFO - DAG(s) 'sydney_weather_pipeline' retrieved from /opt/airflow/dags/sydney_weather_pipeline/sydney_weather_etl.py
[2025-02-23T17:29:27.888+0000] {logging_mixin.py:190} INFO - [2025-02-23T17:29:27.887+0000] {dag.py:3239} INFO - Sync 1 DAGs
[2025-02-23T17:29:27.921+0000] {logging_mixin.py:190} INFO - [2025-02-23T17:29:27.920+0000] {dag.py:4180} INFO - Setting next_dagrun for sydney_weather_pipeline to 2025-02-23 17:00:00+00:00, run_after=2025-02-23 18:00:00+00:00
[2025-02-23T17:29:27.943+0000] {processor.py:208} INFO - Processing /opt/airflow/dags/sydney_weather_pipeline/sydney_weather_etl.py took 0.117 seconds
[2025-02-23T17:29:58.315+0000] {processor.py:186} INFO - Started process (PID=30888) to work on /opt/airflow/dags/sydney_weather_pipeline/sydney_weather_etl.py
[2025-02-23T17:29:58.318+0000] {processor.py:914} INFO - Processing file /opt/airflow/dags/sydney_weather_pipeline/sydney_weather_etl.py for tasks to queue
[2025-02-23T17:29:58.320+0000] {logging_mixin.py:190} INFO - [2025-02-23T17:29:58.319+0000] {dagbag.py:588} INFO - Filling up the DagBag from /opt/airflow/dags/sydney_weather_pipeline/sydney_weather_etl.py
[2025-02-23T17:29:58.334+0000] {processor.py:925} INFO - DAG(s) 'sydney_weather_pipeline' retrieved from /opt/airflow/dags/sydney_weather_pipeline/sydney_weather_etl.py
[2025-02-23T17:29:58.372+0000] {logging_mixin.py:190} INFO - [2025-02-23T17:29:58.372+0000] {dag.py:3239} INFO - Sync 1 DAGs
[2025-02-23T17:29:58.404+0000] {logging_mixin.py:190} INFO - [2025-02-23T17:29:58.404+0000] {dag.py:4180} INFO - Setting next_dagrun for sydney_weather_pipeline to 2025-02-23 17:00:00+00:00, run_after=2025-02-23 18:00:00+00:00
[2025-02-23T17:29:58.429+0000] {processor.py:208} INFO - Processing /opt/airflow/dags/sydney_weather_pipeline/sydney_weather_etl.py took 0.123 seconds
[2025-02-23T17:30:28.900+0000] {processor.py:186} INFO - Started process (PID=30899) to work on /opt/airflow/dags/sydney_weather_pipeline/sydney_weather_etl.py
[2025-02-23T17:30:28.901+0000] {processor.py:914} INFO - Processing file /opt/airflow/dags/sydney_weather_pipeline/sydney_weather_etl.py for tasks to queue
[2025-02-23T17:30:28.903+0000] {logging_mixin.py:190} INFO - [2025-02-23T17:30:28.902+0000] {dagbag.py:588} INFO - Filling up the DagBag from /opt/airflow/dags/sydney_weather_pipeline/sydney_weather_etl.py
[2025-02-23T17:30:28.917+0000] {processor.py:925} INFO - DAG(s) 'sydney_weather_pipeline' retrieved from /opt/airflow/dags/sydney_weather_pipeline/sydney_weather_etl.py
[2025-02-23T17:30:28.950+0000] {logging_mixin.py:190} INFO - [2025-02-23T17:30:28.949+0000] {dag.py:3239} INFO - Sync 1 DAGs
[2025-02-23T17:30:28.982+0000] {logging_mixin.py:190} INFO - [2025-02-23T17:30:28.982+0000] {dag.py:4180} INFO - Setting next_dagrun for sydney_weather_pipeline to 2025-02-23 17:00:00+00:00, run_after=2025-02-23 18:00:00+00:00
[2025-02-23T17:30:29.133+0000] {processor.py:208} INFO - Processing /opt/airflow/dags/sydney_weather_pipeline/sydney_weather_etl.py took 0.241 seconds
[2025-02-23T17:30:59.632+0000] {processor.py:186} INFO - Started process (PID=30910) to work on /opt/airflow/dags/sydney_weather_pipeline/sydney_weather_etl.py
[2025-02-23T17:30:59.633+0000] {processor.py:914} INFO - Processing file /opt/airflow/dags/sydney_weather_pipeline/sydney_weather_etl.py for tasks to queue
[2025-02-23T17:30:59.634+0000] {logging_mixin.py:190} INFO - [2025-02-23T17:30:59.634+0000] {dagbag.py:588} INFO - Filling up the DagBag from /opt/airflow/dags/sydney_weather_pipeline/sydney_weather_etl.py
[2025-02-23T17:30:59.647+0000] {processor.py:925} INFO - DAG(s) 'sydney_weather_pipeline' retrieved from /opt/airflow/dags/sydney_weather_pipeline/sydney_weather_etl.py
[2025-02-23T17:30:59.680+0000] {logging_mixin.py:190} INFO - [2025-02-23T17:30:59.679+0000] {dag.py:3239} INFO - Sync 1 DAGs
[2025-02-23T17:30:59.843+0000] {logging_mixin.py:190} INFO - [2025-02-23T17:30:59.843+0000] {dag.py:4180} INFO - Setting next_dagrun for sydney_weather_pipeline to 2025-02-23 17:00:00+00:00, run_after=2025-02-23 18:00:00+00:00
[2025-02-23T17:30:59.863+0000] {processor.py:208} INFO - Processing /opt/airflow/dags/sydney_weather_pipeline/sydney_weather_etl.py took 0.239 seconds
[2025-02-23T17:31:30.569+0000] {processor.py:186} INFO - Started process (PID=30921) to work on /opt/airflow/dags/sydney_weather_pipeline/sydney_weather_etl.py
[2025-02-23T17:31:30.570+0000] {processor.py:914} INFO - Processing file /opt/airflow/dags/sydney_weather_pipeline/sydney_weather_etl.py for tasks to queue
[2025-02-23T17:31:30.571+0000] {logging_mixin.py:190} INFO - [2025-02-23T17:31:30.571+0000] {dagbag.py:588} INFO - Filling up the DagBag from /opt/airflow/dags/sydney_weather_pipeline/sydney_weather_etl.py
[2025-02-23T17:31:30.584+0000] {processor.py:925} INFO - DAG(s) 'sydney_weather_pipeline' retrieved from /opt/airflow/dags/sydney_weather_pipeline/sydney_weather_etl.py
[2025-02-23T17:31:30.615+0000] {logging_mixin.py:190} INFO - [2025-02-23T17:31:30.615+0000] {dag.py:3239} INFO - Sync 1 DAGs
[2025-02-23T17:31:30.647+0000] {logging_mixin.py:190} INFO - [2025-02-23T17:31:30.647+0000] {dag.py:4180} INFO - Setting next_dagrun for sydney_weather_pipeline to 2025-02-23 17:00:00+00:00, run_after=2025-02-23 18:00:00+00:00
[2025-02-23T17:31:30.668+0000] {processor.py:208} INFO - Processing /opt/airflow/dags/sydney_weather_pipeline/sydney_weather_etl.py took 0.106 seconds
[2025-02-23T17:32:01.105+0000] {processor.py:186} INFO - Started process (PID=30932) to work on /opt/airflow/dags/sydney_weather_pipeline/sydney_weather_etl.py
[2025-02-23T17:32:01.107+0000] {processor.py:914} INFO - Processing file /opt/airflow/dags/sydney_weather_pipeline/sydney_weather_etl.py for tasks to queue
[2025-02-23T17:32:01.108+0000] {logging_mixin.py:190} INFO - [2025-02-23T17:32:01.108+0000] {dagbag.py:588} INFO - Filling up the DagBag from /opt/airflow/dags/sydney_weather_pipeline/sydney_weather_etl.py
[2025-02-23T17:32:01.123+0000] {processor.py:925} INFO - DAG(s) 'sydney_weather_pipeline' retrieved from /opt/airflow/dags/sydney_weather_pipeline/sydney_weather_etl.py
[2025-02-23T17:32:01.160+0000] {logging_mixin.py:190} INFO - [2025-02-23T17:32:01.160+0000] {dag.py:3239} INFO - Sync 1 DAGs
[2025-02-23T17:32:01.194+0000] {logging_mixin.py:190} INFO - [2025-02-23T17:32:01.193+0000] {dag.py:4180} INFO - Setting next_dagrun for sydney_weather_pipeline to 2025-02-23 17:00:00+00:00, run_after=2025-02-23 18:00:00+00:00
[2025-02-23T17:32:01.225+0000] {processor.py:208} INFO - Processing /opt/airflow/dags/sydney_weather_pipeline/sydney_weather_etl.py took 0.128 seconds
[2025-02-23T17:32:31.641+0000] {processor.py:186} INFO - Started process (PID=30943) to work on /opt/airflow/dags/sydney_weather_pipeline/sydney_weather_etl.py
[2025-02-23T17:32:31.642+0000] {processor.py:914} INFO - Processing file /opt/airflow/dags/sydney_weather_pipeline/sydney_weather_etl.py for tasks to queue
[2025-02-23T17:32:31.643+0000] {logging_mixin.py:190} INFO - [2025-02-23T17:32:31.643+0000] {dagbag.py:588} INFO - Filling up the DagBag from /opt/airflow/dags/sydney_weather_pipeline/sydney_weather_etl.py
[2025-02-23T17:32:31.655+0000] {processor.py:925} INFO - DAG(s) 'sydney_weather_pipeline' retrieved from /opt/airflow/dags/sydney_weather_pipeline/sydney_weather_etl.py
[2025-02-23T17:32:31.689+0000] {logging_mixin.py:190} INFO - [2025-02-23T17:32:31.689+0000] {dag.py:3239} INFO - Sync 1 DAGs
[2025-02-23T17:32:31.722+0000] {logging_mixin.py:190} INFO - [2025-02-23T17:32:31.722+0000] {dag.py:4180} INFO - Setting next_dagrun for sydney_weather_pipeline to 2025-02-23 17:00:00+00:00, run_after=2025-02-23 18:00:00+00:00
[2025-02-23T17:32:31.870+0000] {processor.py:208} INFO - Processing /opt/airflow/dags/sydney_weather_pipeline/sydney_weather_etl.py took 0.236 seconds
[2025-02-23T17:33:02.457+0000] {processor.py:186} INFO - Started process (PID=30954) to work on /opt/airflow/dags/sydney_weather_pipeline/sydney_weather_etl.py
[2025-02-23T17:33:02.458+0000] {processor.py:914} INFO - Processing file /opt/airflow/dags/sydney_weather_pipeline/sydney_weather_etl.py for tasks to queue
[2025-02-23T17:33:02.459+0000] {logging_mixin.py:190} INFO - [2025-02-23T17:33:02.459+0000] {dagbag.py:588} INFO - Filling up the DagBag from /opt/airflow/dags/sydney_weather_pipeline/sydney_weather_etl.py
[2025-02-23T17:33:02.473+0000] {processor.py:925} INFO - DAG(s) 'sydney_weather_pipeline' retrieved from /opt/airflow/dags/sydney_weather_pipeline/sydney_weather_etl.py
[2025-02-23T17:33:02.508+0000] {logging_mixin.py:190} INFO - [2025-02-23T17:33:02.508+0000] {dag.py:3239} INFO - Sync 1 DAGs
[2025-02-23T17:33:02.666+0000] {logging_mixin.py:190} INFO - [2025-02-23T17:33:02.666+0000] {dag.py:4180} INFO - Setting next_dagrun for sydney_weather_pipeline to 2025-02-23 17:00:00+00:00, run_after=2025-02-23 18:00:00+00:00
[2025-02-23T17:33:02.689+0000] {processor.py:208} INFO - Processing /opt/airflow/dags/sydney_weather_pipeline/sydney_weather_etl.py took 0.241 seconds
[2025-02-23T17:33:33.331+0000] {processor.py:186} INFO - Started process (PID=30965) to work on /opt/airflow/dags/sydney_weather_pipeline/sydney_weather_etl.py
[2025-02-23T17:33:33.332+0000] {processor.py:914} INFO - Processing file /opt/airflow/dags/sydney_weather_pipeline/sydney_weather_etl.py for tasks to queue
[2025-02-23T17:33:33.334+0000] {logging_mixin.py:190} INFO - [2025-02-23T17:33:33.333+0000] {dagbag.py:588} INFO - Filling up the DagBag from /opt/airflow/dags/sydney_weather_pipeline/sydney_weather_etl.py
[2025-02-23T17:33:33.346+0000] {processor.py:925} INFO - DAG(s) 'sydney_weather_pipeline' retrieved from /opt/airflow/dags/sydney_weather_pipeline/sydney_weather_etl.py
[2025-02-23T17:33:33.378+0000] {logging_mixin.py:190} INFO - [2025-02-23T17:33:33.378+0000] {dag.py:3239} INFO - Sync 1 DAGs
[2025-02-23T17:33:33.411+0000] {logging_mixin.py:190} INFO - [2025-02-23T17:33:33.410+0000] {dag.py:4180} INFO - Setting next_dagrun for sydney_weather_pipeline to 2025-02-23 17:00:00+00:00, run_after=2025-02-23 18:00:00+00:00
[2025-02-23T17:33:33.432+0000] {processor.py:208} INFO - Processing /opt/airflow/dags/sydney_weather_pipeline/sydney_weather_etl.py took 0.108 seconds
[2025-02-23T17:34:03.831+0000] {processor.py:186} INFO - Started process (PID=30976) to work on /opt/airflow/dags/sydney_weather_pipeline/sydney_weather_etl.py
[2025-02-23T17:34:03.832+0000] {processor.py:914} INFO - Processing file /opt/airflow/dags/sydney_weather_pipeline/sydney_weather_etl.py for tasks to queue
[2025-02-23T17:34:03.834+0000] {logging_mixin.py:190} INFO - [2025-02-23T17:34:03.834+0000] {dagbag.py:588} INFO - Filling up the DagBag from /opt/airflow/dags/sydney_weather_pipeline/sydney_weather_etl.py
[2025-02-23T17:34:03.848+0000] {processor.py:925} INFO - DAG(s) 'sydney_weather_pipeline' retrieved from /opt/airflow/dags/sydney_weather_pipeline/sydney_weather_etl.py
[2025-02-23T17:34:03.884+0000] {logging_mixin.py:190} INFO - [2025-02-23T17:34:03.884+0000] {dag.py:3239} INFO - Sync 1 DAGs
[2025-02-23T17:34:03.917+0000] {logging_mixin.py:190} INFO - [2025-02-23T17:34:03.917+0000] {dag.py:4180} INFO - Setting next_dagrun for sydney_weather_pipeline to 2025-02-23 17:00:00+00:00, run_after=2025-02-23 18:00:00+00:00
[2025-02-23T17:34:03.940+0000] {processor.py:208} INFO - Processing /opt/airflow/dags/sydney_weather_pipeline/sydney_weather_etl.py took 0.118 seconds
[2025-02-23T17:34:34.397+0000] {processor.py:186} INFO - Started process (PID=30987) to work on /opt/airflow/dags/sydney_weather_pipeline/sydney_weather_etl.py
[2025-02-23T17:34:34.397+0000] {processor.py:914} INFO - Processing file /opt/airflow/dags/sydney_weather_pipeline/sydney_weather_etl.py for tasks to queue
[2025-02-23T17:34:34.399+0000] {logging_mixin.py:190} INFO - [2025-02-23T17:34:34.398+0000] {dagbag.py:588} INFO - Filling up the DagBag from /opt/airflow/dags/sydney_weather_pipeline/sydney_weather_etl.py
[2025-02-23T17:34:34.412+0000] {processor.py:925} INFO - DAG(s) 'sydney_weather_pipeline' retrieved from /opt/airflow/dags/sydney_weather_pipeline/sydney_weather_etl.py
[2025-02-23T17:34:34.444+0000] {logging_mixin.py:190} INFO - [2025-02-23T17:34:34.443+0000] {dag.py:3239} INFO - Sync 1 DAGs
[2025-02-23T17:34:34.476+0000] {logging_mixin.py:190} INFO - [2025-02-23T17:34:34.476+0000] {dag.py:4180} INFO - Setting next_dagrun for sydney_weather_pipeline to 2025-02-23 17:00:00+00:00, run_after=2025-02-23 18:00:00+00:00
[2025-02-23T17:34:34.624+0000] {processor.py:208} INFO - Processing /opt/airflow/dags/sydney_weather_pipeline/sydney_weather_etl.py took 0.235 seconds
