[2025-02-22T12:39:04.357+0000] {local_task_job_runner.py:123} INFO - ::group::Pre task execution logs
[2025-02-22T12:39:04.384+0000] {taskinstance.py:2614} INFO - Dependencies all met for dep_context=non-requeueable deps ti=<TaskInstance: sampledagname.myfunction scheduled__2025-02-21T00:00:00+00:00 [queued]>
[2025-02-22T12:39:04.392+0000] {taskinstance.py:2614} INFO - Dependencies all met for dep_context=requeueable deps ti=<TaskInstance: sampledagname.myfunction scheduled__2025-02-21T00:00:00+00:00 [queued]>
[2025-02-22T12:39:04.392+0000] {taskinstance.py:2867} INFO - Starting attempt 1 of 2
[2025-02-22T12:39:04.408+0000] {taskinstance.py:2890} INFO - Executing <Task(PythonOperator): myfunction> on 2025-02-21 00:00:00+00:00
[2025-02-22T12:39:04.414+0000] {warnings.py:112} WARNING - /home/***/.local/lib/python3.12/site-packages/***/task/task_runner/standard_task_runner.py:70: DeprecationWarning: This process (pid=165) is multi-threaded, use of fork() may lead to deadlocks in the child.
  pid = os.fork()

[2025-02-22T12:39:04.415+0000] {standard_task_runner.py:72} INFO - Started process 166 to run task
[2025-02-22T12:39:04.416+0000] {standard_task_runner.py:104} INFO - Running: ['***', 'tasks', 'run', 'sampledagname', 'myfunction', 'scheduled__2025-02-21T00:00:00+00:00', '--job-id', '5', '--raw', '--subdir', 'DAGS_FOLDER/sample_dag.py', '--cfg-path', '/tmp/tmpk4honmir']
[2025-02-22T12:39:04.417+0000] {standard_task_runner.py:105} INFO - Job 5: Subtask myfunction
[2025-02-22T12:39:04.483+0000] {task_command.py:467} INFO - Running <TaskInstance: sampledagname.myfunction scheduled__2025-02-21T00:00:00+00:00 [running]> on host bf85c88ea2b1
[2025-02-22T12:39:04.595+0000] {taskinstance.py:3134} INFO - Exporting env vars: AIRFLOW_CTX_DAG_EMAIL='***@example.com' AIRFLOW_CTX_DAG_OWNER='***' AIRFLOW_CTX_DAG_ID='sampledagname' AIRFLOW_CTX_TASK_ID='myfunction' AIRFLOW_CTX_EXECUTION_DATE='2025-02-21T00:00:00+00:00' AIRFLOW_CTX_TRY_NUMBER='1' AIRFLOW_CTX_DAG_RUN_ID='scheduled__2025-02-21T00:00:00+00:00'
[2025-02-22T12:39:04.596+0000] {taskinstance.py:732} INFO - ::endgroup::
[2025-02-22T12:39:04.628+0000] {python.py:240} INFO - Done. Returned value was:  This is a Python function.
[2025-02-22T12:39:04.666+0000] {taskinstance.py:341} INFO - ::group::Post task execution logs
[2025-02-22T12:39:04.667+0000] {taskinstance.py:353} INFO - Marking task as SUCCESS. dag_id=sampledagname, task_id=myfunction, run_id=scheduled__2025-02-21T00:00:00+00:00, execution_date=20250221T000000, start_date=20250222T123904, end_date=20250222T123904
[2025-02-22T12:39:04.749+0000] {local_task_job_runner.py:266} INFO - Task exited with return code 0
[2025-02-22T12:39:04.812+0000] {taskinstance.py:3901} INFO - 1 downstream tasks scheduled from follow-on schedule check
[2025-02-22T12:39:04.827+0000] {local_task_job_runner.py:245} INFO - ::endgroup::
[2025-02-22T12:51:18.523+0000] {local_task_job_runner.py:123} INFO - ::group::Pre task execution logs
[2025-02-22T12:51:18.552+0000] {taskinstance.py:2614} INFO - Dependencies all met for dep_context=non-requeueable deps ti=<TaskInstance: sampledagname.myfunction scheduled__2025-02-21T00:00:00+00:00 [queued]>
[2025-02-22T12:51:18.560+0000] {taskinstance.py:2614} INFO - Dependencies all met for dep_context=requeueable deps ti=<TaskInstance: sampledagname.myfunction scheduled__2025-02-21T00:00:00+00:00 [queued]>
[2025-02-22T12:51:18.561+0000] {taskinstance.py:2867} INFO - Starting attempt 1 of 2
[2025-02-22T12:51:18.577+0000] {taskinstance.py:2890} INFO - Executing <Task(PythonOperator): myfunction> on 2025-02-21 00:00:00+00:00
[2025-02-22T12:51:18.583+0000] {warnings.py:112} WARNING - /home/***/.local/lib/python3.12/site-packages/***/task/task_runner/standard_task_runner.py:70: DeprecationWarning: This process (pid=88) is multi-threaded, use of fork() may lead to deadlocks in the child.
  pid = os.fork()

[2025-02-22T12:51:18.584+0000] {standard_task_runner.py:72} INFO - Started process 89 to run task
[2025-02-22T12:51:18.585+0000] {standard_task_runner.py:104} INFO - Running: ['***', 'tasks', 'run', 'sampledagname', 'myfunction', 'scheduled__2025-02-21T00:00:00+00:00', '--job-id', '6', '--raw', '--subdir', 'DAGS_FOLDER/sample_dag.py', '--cfg-path', '/tmp/tmpr4_3xzwx']
[2025-02-22T12:51:18.586+0000] {standard_task_runner.py:105} INFO - Job 6: Subtask myfunction
[2025-02-22T12:51:18.666+0000] {task_command.py:467} INFO - Running <TaskInstance: sampledagname.myfunction scheduled__2025-02-21T00:00:00+00:00 [running]> on host ee2081ae3a04
[2025-02-22T12:51:18.777+0000] {taskinstance.py:3134} INFO - Exporting env vars: AIRFLOW_CTX_DAG_EMAIL='***@example.com' AIRFLOW_CTX_DAG_OWNER='***' AIRFLOW_CTX_DAG_ID='sampledagname' AIRFLOW_CTX_TASK_ID='myfunction' AIRFLOW_CTX_EXECUTION_DATE='2025-02-21T00:00:00+00:00' AIRFLOW_CTX_TRY_NUMBER='1' AIRFLOW_CTX_DAG_RUN_ID='scheduled__2025-02-21T00:00:00+00:00'
[2025-02-22T12:51:18.778+0000] {taskinstance.py:732} INFO - ::endgroup::
[2025-02-22T12:51:18.811+0000] {python.py:240} INFO - Done. Returned value was:  This is a Python function.
[2025-02-22T12:51:18.851+0000] {taskinstance.py:341} INFO - ::group::Post task execution logs
[2025-02-22T12:51:18.851+0000] {taskinstance.py:353} INFO - Marking task as SUCCESS. dag_id=sampledagname, task_id=myfunction, run_id=scheduled__2025-02-21T00:00:00+00:00, execution_date=20250221T000000, start_date=20250222T125118, end_date=20250222T125118
[2025-02-22T12:51:18.919+0000] {local_task_job_runner.py:266} INFO - Task exited with return code 0
[2025-02-22T12:51:18.959+0000] {taskinstance.py:3901} INFO - 1 downstream tasks scheduled from follow-on schedule check
[2025-02-22T12:51:18.962+0000] {local_task_job_runner.py:245} INFO - ::endgroup::
