[2025-02-22T12:15:52.379+0000] {processor.py:186} INFO - Started process (PID=90) to work on /home/airflow/.local/lib/python3.12/site-packages/airflow/example_dags/example_branch_operator_decorator.py
[2025-02-22T12:15:52.380+0000] {processor.py:914} INFO - Processing file /home/airflow/.local/lib/python3.12/site-packages/airflow/example_dags/example_branch_operator_decorator.py for tasks to queue
[2025-02-22T12:15:52.383+0000] {logging_mixin.py:190} INFO - [2025-02-22T12:15:52.382+0000] {dagbag.py:588} INFO - Filling up the DagBag from /home/airflow/.local/lib/python3.12/site-packages/airflow/example_dags/example_branch_operator_decorator.py
[2025-02-22T12:15:52.411+0000] {processor.py:925} INFO - DAG(s) 'example_branch_python_operator_decorator' retrieved from /home/airflow/.local/lib/python3.12/site-packages/airflow/example_dags/example_branch_operator_decorator.py
[2025-02-22T12:15:52.549+0000] {logging_mixin.py:190} INFO - [2025-02-22T12:15:52.548+0000] {override.py:1912} INFO - Created Permission View: can delete on DAG:example_branch_python_operator_decorator
[2025-02-22T12:15:52.562+0000] {logging_mixin.py:190} INFO - [2025-02-22T12:15:52.561+0000] {override.py:1912} INFO - Created Permission View: can edit on DAG:example_branch_python_operator_decorator
[2025-02-22T12:15:52.570+0000] {logging_mixin.py:190} INFO - [2025-02-22T12:15:52.569+0000] {override.py:1912} INFO - Created Permission View: can read on DAG:example_branch_python_operator_decorator
[2025-02-22T12:15:52.580+0000] {logging_mixin.py:190} INFO - [2025-02-22T12:15:52.580+0000] {override.py:1912} INFO - Created Permission View: can delete on DAG Run:example_branch_python_operator_decorator
[2025-02-22T12:15:52.588+0000] {logging_mixin.py:190} INFO - [2025-02-22T12:15:52.588+0000] {override.py:1912} INFO - Created Permission View: can create on DAG Run:example_branch_python_operator_decorator
[2025-02-22T12:15:52.598+0000] {logging_mixin.py:190} INFO - [2025-02-22T12:15:52.598+0000] {override.py:1912} INFO - Created Permission View: menu access on DAG Run:example_branch_python_operator_decorator
[2025-02-22T12:15:52.607+0000] {logging_mixin.py:190} INFO - [2025-02-22T12:15:52.606+0000] {override.py:1912} INFO - Created Permission View: can read on DAG Run:example_branch_python_operator_decorator
[2025-02-22T12:15:52.607+0000] {logging_mixin.py:190} INFO - [2025-02-22T12:15:52.607+0000] {dag.py:3239} INFO - Sync 1 DAGs
[2025-02-22T12:15:52.623+0000] {logging_mixin.py:190} INFO - [2025-02-22T12:15:52.622+0000] {dag.py:3262} INFO - Creating ORM DAG for example_branch_python_operator_decorator
[2025-02-22T12:15:52.636+0000] {logging_mixin.py:190} INFO - [2025-02-22T12:15:52.635+0000] {dag.py:4180} INFO - Setting next_dagrun for example_branch_python_operator_decorator to 2025-02-21 00:00:00+00:00, run_after=2025-02-22 00:00:00+00:00
[2025-02-22T12:15:52.656+0000] {processor.py:208} INFO - Processing /home/airflow/.local/lib/python3.12/site-packages/airflow/example_dags/example_branch_operator_decorator.py took 0.285 seconds
[2025-02-22T12:16:22.961+0000] {processor.py:186} INFO - Started process (PID=153) to work on /home/airflow/.local/lib/python3.12/site-packages/airflow/example_dags/example_branch_operator_decorator.py
[2025-02-22T12:16:22.976+0000] {processor.py:914} INFO - Processing file /home/airflow/.local/lib/python3.12/site-packages/airflow/example_dags/example_branch_operator_decorator.py for tasks to queue
[2025-02-22T12:16:22.978+0000] {logging_mixin.py:190} INFO - [2025-02-22T12:16:22.978+0000] {dagbag.py:588} INFO - Filling up the DagBag from /home/airflow/.local/lib/python3.12/site-packages/airflow/example_dags/example_branch_operator_decorator.py
[2025-02-22T12:16:23.002+0000] {processor.py:925} INFO - DAG(s) 'example_branch_python_operator_decorator' retrieved from /home/airflow/.local/lib/python3.12/site-packages/airflow/example_dags/example_branch_operator_decorator.py
[2025-02-22T12:16:23.038+0000] {logging_mixin.py:190} INFO - [2025-02-22T12:16:23.038+0000] {dag.py:3239} INFO - Sync 1 DAGs
[2025-02-22T12:16:23.067+0000] {logging_mixin.py:190} INFO - [2025-02-22T12:16:23.066+0000] {dag.py:4180} INFO - Setting next_dagrun for example_branch_python_operator_decorator to 2025-02-21 00:00:00+00:00, run_after=2025-02-22 00:00:00+00:00
[2025-02-22T12:16:23.102+0000] {processor.py:208} INFO - Processing /home/airflow/.local/lib/python3.12/site-packages/airflow/example_dags/example_branch_operator_decorator.py took 0.147 seconds
[2025-02-22T12:16:54.209+0000] {processor.py:186} INFO - Started process (PID=216) to work on /home/airflow/.local/lib/python3.12/site-packages/airflow/example_dags/example_branch_operator_decorator.py
[2025-02-22T12:16:54.210+0000] {processor.py:914} INFO - Processing file /home/airflow/.local/lib/python3.12/site-packages/airflow/example_dags/example_branch_operator_decorator.py for tasks to queue
[2025-02-22T12:16:54.212+0000] {logging_mixin.py:190} INFO - [2025-02-22T12:16:54.212+0000] {dagbag.py:588} INFO - Filling up the DagBag from /home/airflow/.local/lib/python3.12/site-packages/airflow/example_dags/example_branch_operator_decorator.py
[2025-02-22T12:16:54.238+0000] {processor.py:925} INFO - DAG(s) 'example_branch_python_operator_decorator' retrieved from /home/airflow/.local/lib/python3.12/site-packages/airflow/example_dags/example_branch_operator_decorator.py
[2025-02-22T12:16:54.272+0000] {logging_mixin.py:190} INFO - [2025-02-22T12:16:54.272+0000] {dag.py:3239} INFO - Sync 1 DAGs
[2025-02-22T12:16:54.301+0000] {logging_mixin.py:190} INFO - [2025-02-22T12:16:54.300+0000] {dag.py:4180} INFO - Setting next_dagrun for example_branch_python_operator_decorator to 2025-02-21 00:00:00+00:00, run_after=2025-02-22 00:00:00+00:00
[2025-02-22T12:16:54.338+0000] {processor.py:208} INFO - Processing /home/airflow/.local/lib/python3.12/site-packages/airflow/example_dags/example_branch_operator_decorator.py took 0.135 seconds
[2025-02-22T12:17:25.714+0000] {processor.py:186} INFO - Started process (PID=279) to work on /home/airflow/.local/lib/python3.12/site-packages/airflow/example_dags/example_branch_operator_decorator.py
[2025-02-22T12:17:25.716+0000] {processor.py:914} INFO - Processing file /home/airflow/.local/lib/python3.12/site-packages/airflow/example_dags/example_branch_operator_decorator.py for tasks to queue
[2025-02-22T12:17:25.718+0000] {logging_mixin.py:190} INFO - [2025-02-22T12:17:25.718+0000] {dagbag.py:588} INFO - Filling up the DagBag from /home/airflow/.local/lib/python3.12/site-packages/airflow/example_dags/example_branch_operator_decorator.py
[2025-02-22T12:17:25.743+0000] {processor.py:925} INFO - DAG(s) 'example_branch_python_operator_decorator' retrieved from /home/airflow/.local/lib/python3.12/site-packages/airflow/example_dags/example_branch_operator_decorator.py
[2025-02-22T12:17:25.778+0000] {logging_mixin.py:190} INFO - [2025-02-22T12:17:25.778+0000] {dag.py:3239} INFO - Sync 1 DAGs
[2025-02-22T12:17:25.810+0000] {logging_mixin.py:190} INFO - [2025-02-22T12:17:25.810+0000] {dag.py:4180} INFO - Setting next_dagrun for example_branch_python_operator_decorator to 2025-02-21 00:00:00+00:00, run_after=2025-02-22 00:00:00+00:00
[2025-02-22T12:17:25.834+0000] {processor.py:208} INFO - Processing /home/airflow/.local/lib/python3.12/site-packages/airflow/example_dags/example_branch_operator_decorator.py took 0.127 seconds
