[2025-02-22T12:15:45.099+0000] {processor.py:186} INFO - Started process (PID=64) to work on /home/airflow/.local/lib/python3.12/site-packages/airflow/example_dags/example_dynamic_task_mapping.py
[2025-02-22T12:15:45.100+0000] {processor.py:914} INFO - Processing file /home/airflow/.local/lib/python3.12/site-packages/airflow/example_dags/example_dynamic_task_mapping.py for tasks to queue
[2025-02-22T12:15:45.102+0000] {logging_mixin.py:190} INFO - [2025-02-22T12:15:45.102+0000] {dagbag.py:588} INFO - Filling up the DagBag from /home/airflow/.local/lib/python3.12/site-packages/airflow/example_dags/example_dynamic_task_mapping.py
[2025-02-22T12:15:45.114+0000] {processor.py:925} INFO - DAG(s) 'example_dynamic_task_mapping' retrieved from /home/airflow/.local/lib/python3.12/site-packages/airflow/example_dags/example_dynamic_task_mapping.py
[2025-02-22T12:15:45.278+0000] {logging_mixin.py:190} INFO - [2025-02-22T12:15:45.277+0000] {override.py:1912} INFO - Created Permission View: can delete on DAG:example_dynamic_task_mapping
[2025-02-22T12:15:45.290+0000] {logging_mixin.py:190} INFO - [2025-02-22T12:15:45.290+0000] {override.py:1912} INFO - Created Permission View: can edit on DAG:example_dynamic_task_mapping
[2025-02-22T12:15:45.298+0000] {logging_mixin.py:190} INFO - [2025-02-22T12:15:45.298+0000] {override.py:1912} INFO - Created Permission View: can read on DAG:example_dynamic_task_mapping
[2025-02-22T12:15:45.308+0000] {logging_mixin.py:190} INFO - [2025-02-22T12:15:45.308+0000] {override.py:1912} INFO - Created Permission View: can delete on DAG Run:example_dynamic_task_mapping
[2025-02-22T12:15:45.316+0000] {logging_mixin.py:190} INFO - [2025-02-22T12:15:45.316+0000] {override.py:1912} INFO - Created Permission View: can create on DAG Run:example_dynamic_task_mapping
[2025-02-22T12:15:45.326+0000] {logging_mixin.py:190} INFO - [2025-02-22T12:15:45.325+0000] {override.py:1912} INFO - Created Permission View: menu access on DAG Run:example_dynamic_task_mapping
[2025-02-22T12:15:45.334+0000] {logging_mixin.py:190} INFO - [2025-02-22T12:15:45.334+0000] {override.py:1912} INFO - Created Permission View: can read on DAG Run:example_dynamic_task_mapping
[2025-02-22T12:15:45.335+0000] {logging_mixin.py:190} INFO - [2025-02-22T12:15:45.334+0000] {dag.py:3239} INFO - Sync 1 DAGs
[2025-02-22T12:15:45.351+0000] {logging_mixin.py:190} INFO - [2025-02-22T12:15:45.351+0000] {dag.py:3262} INFO - Creating ORM DAG for example_dynamic_task_mapping
[2025-02-22T12:15:45.352+0000] {logging_mixin.py:190} INFO - [2025-02-22T12:15:45.352+0000] {dag.py:4180} INFO - Setting next_dagrun for example_dynamic_task_mapping to None, run_after=None
[2025-02-22T12:15:45.410+0000] {processor.py:208} INFO - Processing /home/airflow/.local/lib/python3.12/site-packages/airflow/example_dags/example_dynamic_task_mapping.py took 0.319 seconds
[2025-02-22T12:16:15.731+0000] {processor.py:186} INFO - Started process (PID=127) to work on /home/airflow/.local/lib/python3.12/site-packages/airflow/example_dags/example_dynamic_task_mapping.py
[2025-02-22T12:16:15.733+0000] {processor.py:914} INFO - Processing file /home/airflow/.local/lib/python3.12/site-packages/airflow/example_dags/example_dynamic_task_mapping.py for tasks to queue
[2025-02-22T12:16:15.736+0000] {logging_mixin.py:190} INFO - [2025-02-22T12:16:15.735+0000] {dagbag.py:588} INFO - Filling up the DagBag from /home/airflow/.local/lib/python3.12/site-packages/airflow/example_dags/example_dynamic_task_mapping.py
[2025-02-22T12:16:15.748+0000] {processor.py:925} INFO - DAG(s) 'example_dynamic_task_mapping' retrieved from /home/airflow/.local/lib/python3.12/site-packages/airflow/example_dags/example_dynamic_task_mapping.py
[2025-02-22T12:16:15.776+0000] {logging_mixin.py:190} INFO - [2025-02-22T12:16:15.776+0000] {dag.py:3239} INFO - Sync 1 DAGs
[2025-02-22T12:16:15.802+0000] {logging_mixin.py:190} INFO - [2025-02-22T12:16:15.802+0000] {dag.py:4180} INFO - Setting next_dagrun for example_dynamic_task_mapping to None, run_after=None
[2025-02-22T12:16:15.835+0000] {processor.py:208} INFO - Processing /home/airflow/.local/lib/python3.12/site-packages/airflow/example_dags/example_dynamic_task_mapping.py took 0.111 seconds
[2025-02-22T12:16:46.653+0000] {processor.py:186} INFO - Started process (PID=190) to work on /home/airflow/.local/lib/python3.12/site-packages/airflow/example_dags/example_dynamic_task_mapping.py
[2025-02-22T12:16:46.655+0000] {processor.py:914} INFO - Processing file /home/airflow/.local/lib/python3.12/site-packages/airflow/example_dags/example_dynamic_task_mapping.py for tasks to queue
[2025-02-22T12:16:46.657+0000] {logging_mixin.py:190} INFO - [2025-02-22T12:16:46.657+0000] {dagbag.py:588} INFO - Filling up the DagBag from /home/airflow/.local/lib/python3.12/site-packages/airflow/example_dags/example_dynamic_task_mapping.py
[2025-02-22T12:16:46.666+0000] {processor.py:925} INFO - DAG(s) 'example_dynamic_task_mapping' retrieved from /home/airflow/.local/lib/python3.12/site-packages/airflow/example_dags/example_dynamic_task_mapping.py
[2025-02-22T12:16:46.688+0000] {logging_mixin.py:190} INFO - [2025-02-22T12:16:46.687+0000] {dag.py:3239} INFO - Sync 1 DAGs
[2025-02-22T12:16:46.707+0000] {logging_mixin.py:190} INFO - [2025-02-22T12:16:46.707+0000] {dag.py:4180} INFO - Setting next_dagrun for example_dynamic_task_mapping to None, run_after=None
[2025-02-22T12:16:46.733+0000] {processor.py:208} INFO - Processing /home/airflow/.local/lib/python3.12/site-packages/airflow/example_dags/example_dynamic_task_mapping.py took 0.086 seconds
[2025-02-22T12:17:17.341+0000] {processor.py:186} INFO - Started process (PID=252) to work on /home/airflow/.local/lib/python3.12/site-packages/airflow/example_dags/example_dynamic_task_mapping.py
[2025-02-22T12:17:17.342+0000] {processor.py:914} INFO - Processing file /home/airflow/.local/lib/python3.12/site-packages/airflow/example_dags/example_dynamic_task_mapping.py for tasks to queue
[2025-02-22T12:17:17.344+0000] {logging_mixin.py:190} INFO - [2025-02-22T12:17:17.344+0000] {dagbag.py:588} INFO - Filling up the DagBag from /home/airflow/.local/lib/python3.12/site-packages/airflow/example_dags/example_dynamic_task_mapping.py
[2025-02-22T12:17:17.353+0000] {processor.py:925} INFO - DAG(s) 'example_dynamic_task_mapping' retrieved from /home/airflow/.local/lib/python3.12/site-packages/airflow/example_dags/example_dynamic_task_mapping.py
[2025-02-22T12:17:17.376+0000] {logging_mixin.py:190} INFO - [2025-02-22T12:17:17.376+0000] {dag.py:3239} INFO - Sync 1 DAGs
[2025-02-22T12:17:17.396+0000] {logging_mixin.py:190} INFO - [2025-02-22T12:17:17.396+0000] {dag.py:4180} INFO - Setting next_dagrun for example_dynamic_task_mapping to None, run_after=None
[2025-02-22T12:17:17.420+0000] {processor.py:208} INFO - Processing /home/airflow/.local/lib/python3.12/site-packages/airflow/example_dags/example_dynamic_task_mapping.py took 0.086 seconds
