[2025-02-22T12:15:48.722+0000] {processor.py:186} INFO - Started process (PID=78) to work on /home/airflow/.local/lib/python3.12/site-packages/airflow/example_dags/example_dataset_alias_with_no_taskflow.py
[2025-02-22T12:15:48.723+0000] {processor.py:914} INFO - Processing file /home/airflow/.local/lib/python3.12/site-packages/airflow/example_dags/example_dataset_alias_with_no_taskflow.py for tasks to queue
[2025-02-22T12:15:48.727+0000] {logging_mixin.py:190} INFO - [2025-02-22T12:15:48.726+0000] {dagbag.py:588} INFO - Filling up the DagBag from /home/airflow/.local/lib/python3.12/site-packages/airflow/example_dags/example_dataset_alias_with_no_taskflow.py
[2025-02-22T12:15:49.617+0000] {processor.py:925} INFO - DAG(s) 'dataset_s3_bucket_consumer_with_no_taskflow', 'dataset_alias_example_alias_producer_with_no_taskflow', 'dataset_alias_example_alias_consumer_with_no_taskflow', 'dataset_s3_bucket_producer_with_no_taskflow' retrieved from /home/airflow/.local/lib/python3.12/site-packages/airflow/example_dags/example_dataset_alias_with_no_taskflow.py
[2025-02-22T12:15:49.763+0000] {logging_mixin.py:190} INFO - [2025-02-22T12:15:49.762+0000] {override.py:1912} INFO - Created Permission View: can delete on DAG:dataset_s3_bucket_consumer_with_no_taskflow
[2025-02-22T12:15:49.776+0000] {logging_mixin.py:190} INFO - [2025-02-22T12:15:49.775+0000] {override.py:1912} INFO - Created Permission View: can edit on DAG:dataset_s3_bucket_consumer_with_no_taskflow
[2025-02-22T12:15:49.786+0000] {logging_mixin.py:190} INFO - [2025-02-22T12:15:49.786+0000] {override.py:1912} INFO - Created Permission View: can read on DAG:dataset_s3_bucket_consumer_with_no_taskflow
[2025-02-22T12:15:49.797+0000] {logging_mixin.py:190} INFO - [2025-02-22T12:15:49.797+0000] {override.py:1912} INFO - Created Permission View: can delete on DAG Run:dataset_s3_bucket_consumer_with_no_taskflow
[2025-02-22T12:15:49.805+0000] {logging_mixin.py:190} INFO - [2025-02-22T12:15:49.805+0000] {override.py:1912} INFO - Created Permission View: can create on DAG Run:dataset_s3_bucket_consumer_with_no_taskflow
[2025-02-22T12:15:49.813+0000] {logging_mixin.py:190} INFO - [2025-02-22T12:15:49.813+0000] {override.py:1912} INFO - Created Permission View: menu access on DAG Run:dataset_s3_bucket_consumer_with_no_taskflow
[2025-02-22T12:15:49.823+0000] {logging_mixin.py:190} INFO - [2025-02-22T12:15:49.823+0000] {override.py:1912} INFO - Created Permission View: can read on DAG Run:dataset_s3_bucket_consumer_with_no_taskflow
[2025-02-22T12:15:49.843+0000] {logging_mixin.py:190} INFO - [2025-02-22T12:15:49.843+0000] {override.py:1912} INFO - Created Permission View: can delete on DAG:dataset_alias_example_alias_producer_with_no_taskflow
[2025-02-22T12:15:49.853+0000] {logging_mixin.py:190} INFO - [2025-02-22T12:15:49.852+0000] {override.py:1912} INFO - Created Permission View: can edit on DAG:dataset_alias_example_alias_producer_with_no_taskflow
[2025-02-22T12:15:49.863+0000] {logging_mixin.py:190} INFO - [2025-02-22T12:15:49.863+0000] {override.py:1912} INFO - Created Permission View: can read on DAG:dataset_alias_example_alias_producer_with_no_taskflow
[2025-02-22T12:15:49.874+0000] {logging_mixin.py:190} INFO - [2025-02-22T12:15:49.874+0000] {override.py:1912} INFO - Created Permission View: can delete on DAG Run:dataset_alias_example_alias_producer_with_no_taskflow
[2025-02-22T12:15:49.886+0000] {logging_mixin.py:190} INFO - [2025-02-22T12:15:49.885+0000] {override.py:1912} INFO - Created Permission View: can create on DAG Run:dataset_alias_example_alias_producer_with_no_taskflow
[2025-02-22T12:15:49.896+0000] {logging_mixin.py:190} INFO - [2025-02-22T12:15:49.896+0000] {override.py:1912} INFO - Created Permission View: menu access on DAG Run:dataset_alias_example_alias_producer_with_no_taskflow
[2025-02-22T12:15:49.906+0000] {logging_mixin.py:190} INFO - [2025-02-22T12:15:49.905+0000] {override.py:1912} INFO - Created Permission View: can read on DAG Run:dataset_alias_example_alias_producer_with_no_taskflow
[2025-02-22T12:15:49.924+0000] {logging_mixin.py:190} INFO - [2025-02-22T12:15:49.924+0000] {override.py:1912} INFO - Created Permission View: can delete on DAG:dataset_alias_example_alias_consumer_with_no_taskflow
[2025-02-22T12:15:49.935+0000] {logging_mixin.py:190} INFO - [2025-02-22T12:15:49.935+0000] {override.py:1912} INFO - Created Permission View: can edit on DAG:dataset_alias_example_alias_consumer_with_no_taskflow
[2025-02-22T12:15:49.947+0000] {logging_mixin.py:190} INFO - [2025-02-22T12:15:49.946+0000] {override.py:1912} INFO - Created Permission View: can read on DAG:dataset_alias_example_alias_consumer_with_no_taskflow
[2025-02-22T12:15:49.960+0000] {logging_mixin.py:190} INFO - [2025-02-22T12:15:49.959+0000] {override.py:1912} INFO - Created Permission View: can delete on DAG Run:dataset_alias_example_alias_consumer_with_no_taskflow
[2025-02-22T12:15:49.970+0000] {logging_mixin.py:190} INFO - [2025-02-22T12:15:49.970+0000] {override.py:1912} INFO - Created Permission View: can create on DAG Run:dataset_alias_example_alias_consumer_with_no_taskflow
[2025-02-22T12:15:49.983+0000] {logging_mixin.py:190} INFO - [2025-02-22T12:15:49.982+0000] {override.py:1912} INFO - Created Permission View: menu access on DAG Run:dataset_alias_example_alias_consumer_with_no_taskflow
[2025-02-22T12:15:49.994+0000] {logging_mixin.py:190} INFO - [2025-02-22T12:15:49.993+0000] {override.py:1912} INFO - Created Permission View: can read on DAG Run:dataset_alias_example_alias_consumer_with_no_taskflow
[2025-02-22T12:15:50.014+0000] {logging_mixin.py:190} INFO - [2025-02-22T12:15:50.014+0000] {override.py:1912} INFO - Created Permission View: can delete on DAG:dataset_s3_bucket_producer_with_no_taskflow
[2025-02-22T12:15:50.027+0000] {logging_mixin.py:190} INFO - [2025-02-22T12:15:50.026+0000] {override.py:1912} INFO - Created Permission View: can edit on DAG:dataset_s3_bucket_producer_with_no_taskflow
[2025-02-22T12:15:50.040+0000] {logging_mixin.py:190} INFO - [2025-02-22T12:15:50.040+0000] {override.py:1912} INFO - Created Permission View: can read on DAG:dataset_s3_bucket_producer_with_no_taskflow
[2025-02-22T12:15:50.056+0000] {logging_mixin.py:190} INFO - [2025-02-22T12:15:50.055+0000] {override.py:1912} INFO - Created Permission View: can delete on DAG Run:dataset_s3_bucket_producer_with_no_taskflow
[2025-02-22T12:15:50.066+0000] {logging_mixin.py:190} INFO - [2025-02-22T12:15:50.066+0000] {override.py:1912} INFO - Created Permission View: can create on DAG Run:dataset_s3_bucket_producer_with_no_taskflow
[2025-02-22T12:15:50.074+0000] {logging_mixin.py:190} INFO - [2025-02-22T12:15:50.074+0000] {override.py:1912} INFO - Created Permission View: menu access on DAG Run:dataset_s3_bucket_producer_with_no_taskflow
[2025-02-22T12:15:50.083+0000] {logging_mixin.py:190} INFO - [2025-02-22T12:15:50.082+0000] {override.py:1912} INFO - Created Permission View: can read on DAG Run:dataset_s3_bucket_producer_with_no_taskflow
[2025-02-22T12:15:50.083+0000] {logging_mixin.py:190} INFO - [2025-02-22T12:15:50.083+0000] {dag.py:3239} INFO - Sync 4 DAGs
[2025-02-22T12:15:50.101+0000] {logging_mixin.py:190} INFO - [2025-02-22T12:15:50.101+0000] {dag.py:3262} INFO - Creating ORM DAG for dataset_s3_bucket_producer_with_no_taskflow
[2025-02-22T12:15:50.102+0000] {logging_mixin.py:190} INFO - [2025-02-22T12:15:50.102+0000] {dag.py:3262} INFO - Creating ORM DAG for dataset_alias_example_alias_producer_with_no_taskflow
[2025-02-22T12:15:50.103+0000] {logging_mixin.py:190} INFO - [2025-02-22T12:15:50.103+0000] {dag.py:3262} INFO - Creating ORM DAG for dataset_alias_example_alias_consumer_with_no_taskflow
[2025-02-22T12:15:50.103+0000] {logging_mixin.py:190} INFO - [2025-02-22T12:15:50.103+0000] {dag.py:3262} INFO - Creating ORM DAG for dataset_s3_bucket_consumer_with_no_taskflow
[2025-02-22T12:15:50.116+0000] {logging_mixin.py:190} INFO - [2025-02-22T12:15:50.115+0000] {dag.py:4180} INFO - Setting next_dagrun for dataset_alias_example_alias_consumer_with_no_taskflow to None, run_after=None
[2025-02-22T12:15:50.116+0000] {logging_mixin.py:190} INFO - [2025-02-22T12:15:50.116+0000] {dag.py:4180} INFO - Setting next_dagrun for dataset_alias_example_alias_producer_with_no_taskflow to None, run_after=None
[2025-02-22T12:15:50.117+0000] {logging_mixin.py:190} INFO - [2025-02-22T12:15:50.117+0000] {dag.py:4180} INFO - Setting next_dagrun for dataset_s3_bucket_consumer_with_no_taskflow to None, run_after=None
[2025-02-22T12:15:50.118+0000] {logging_mixin.py:190} INFO - [2025-02-22T12:15:50.118+0000] {dag.py:4180} INFO - Setting next_dagrun for dataset_s3_bucket_producer_with_no_taskflow to None, run_after=None
[2025-02-22T12:15:50.154+0000] {processor.py:208} INFO - Processing /home/airflow/.local/lib/python3.12/site-packages/airflow/example_dags/example_dataset_alias_with_no_taskflow.py took 1.445 seconds
[2025-02-22T12:16:20.571+0000] {processor.py:186} INFO - Started process (PID=141) to work on /home/airflow/.local/lib/python3.12/site-packages/airflow/example_dags/example_dataset_alias_with_no_taskflow.py
[2025-02-22T12:16:20.573+0000] {processor.py:914} INFO - Processing file /home/airflow/.local/lib/python3.12/site-packages/airflow/example_dags/example_dataset_alias_with_no_taskflow.py for tasks to queue
[2025-02-22T12:16:20.576+0000] {logging_mixin.py:190} INFO - [2025-02-22T12:16:20.575+0000] {dagbag.py:588} INFO - Filling up the DagBag from /home/airflow/.local/lib/python3.12/site-packages/airflow/example_dags/example_dataset_alias_with_no_taskflow.py
[2025-02-22T12:16:21.247+0000] {processor.py:925} INFO - DAG(s) 'dataset_s3_bucket_consumer_with_no_taskflow', 'dataset_alias_example_alias_producer_with_no_taskflow', 'dataset_s3_bucket_producer_with_no_taskflow', 'dataset_alias_example_alias_consumer_with_no_taskflow' retrieved from /home/airflow/.local/lib/python3.12/site-packages/airflow/example_dags/example_dataset_alias_with_no_taskflow.py
[2025-02-22T12:16:21.275+0000] {logging_mixin.py:190} INFO - [2025-02-22T12:16:21.274+0000] {dag.py:3239} INFO - Sync 4 DAGs
[2025-02-22T12:16:21.304+0000] {logging_mixin.py:190} INFO - [2025-02-22T12:16:21.304+0000] {dag.py:4180} INFO - Setting next_dagrun for dataset_alias_example_alias_consumer_with_no_taskflow to None, run_after=None
[2025-02-22T12:16:21.307+0000] {logging_mixin.py:190} INFO - [2025-02-22T12:16:21.307+0000] {dag.py:4180} INFO - Setting next_dagrun for dataset_alias_example_alias_producer_with_no_taskflow to None, run_after=None
[2025-02-22T12:16:21.309+0000] {logging_mixin.py:190} INFO - [2025-02-22T12:16:21.308+0000] {dag.py:4180} INFO - Setting next_dagrun for dataset_s3_bucket_consumer_with_no_taskflow to None, run_after=None
[2025-02-22T12:16:21.310+0000] {logging_mixin.py:190} INFO - [2025-02-22T12:16:21.310+0000] {dag.py:4180} INFO - Setting next_dagrun for dataset_s3_bucket_producer_with_no_taskflow to None, run_after=None
[2025-02-22T12:16:21.438+0000] {processor.py:208} INFO - Processing /home/airflow/.local/lib/python3.12/site-packages/airflow/example_dags/example_dataset_alias_with_no_taskflow.py took 0.873 seconds
[2025-02-22T12:16:52.137+0000] {processor.py:186} INFO - Started process (PID=204) to work on /home/airflow/.local/lib/python3.12/site-packages/airflow/example_dags/example_dataset_alias_with_no_taskflow.py
[2025-02-22T12:16:52.138+0000] {processor.py:914} INFO - Processing file /home/airflow/.local/lib/python3.12/site-packages/airflow/example_dags/example_dataset_alias_with_no_taskflow.py for tasks to queue
[2025-02-22T12:16:52.141+0000] {logging_mixin.py:190} INFO - [2025-02-22T12:16:52.141+0000] {dagbag.py:588} INFO - Filling up the DagBag from /home/airflow/.local/lib/python3.12/site-packages/airflow/example_dags/example_dataset_alias_with_no_taskflow.py
[2025-02-22T12:16:52.896+0000] {processor.py:925} INFO - DAG(s) 'dataset_s3_bucket_consumer_with_no_taskflow', 'dataset_alias_example_alias_consumer_with_no_taskflow', 'dataset_alias_example_alias_producer_with_no_taskflow', 'dataset_s3_bucket_producer_with_no_taskflow' retrieved from /home/airflow/.local/lib/python3.12/site-packages/airflow/example_dags/example_dataset_alias_with_no_taskflow.py
[2025-02-22T12:16:52.919+0000] {logging_mixin.py:190} INFO - [2025-02-22T12:16:52.918+0000] {dag.py:3239} INFO - Sync 4 DAGs
[2025-02-22T12:16:52.947+0000] {logging_mixin.py:190} INFO - [2025-02-22T12:16:52.946+0000] {dag.py:4180} INFO - Setting next_dagrun for dataset_alias_example_alias_consumer_with_no_taskflow to None, run_after=None
[2025-02-22T12:16:52.950+0000] {logging_mixin.py:190} INFO - [2025-02-22T12:16:52.950+0000] {dag.py:4180} INFO - Setting next_dagrun for dataset_alias_example_alias_producer_with_no_taskflow to None, run_after=None
[2025-02-22T12:16:52.952+0000] {logging_mixin.py:190} INFO - [2025-02-22T12:16:52.952+0000] {dag.py:4180} INFO - Setting next_dagrun for dataset_s3_bucket_consumer_with_no_taskflow to None, run_after=None
[2025-02-22T12:16:52.954+0000] {logging_mixin.py:190} INFO - [2025-02-22T12:16:52.953+0000] {dag.py:4180} INFO - Setting next_dagrun for dataset_s3_bucket_producer_with_no_taskflow to None, run_after=None
[2025-02-22T12:16:52.978+0000] {processor.py:208} INFO - Processing /home/airflow/.local/lib/python3.12/site-packages/airflow/example_dags/example_dataset_alias_with_no_taskflow.py took 0.848 seconds
[2025-02-22T12:17:23.540+0000] {processor.py:186} INFO - Started process (PID=267) to work on /home/airflow/.local/lib/python3.12/site-packages/airflow/example_dags/example_dataset_alias_with_no_taskflow.py
[2025-02-22T12:17:23.540+0000] {processor.py:914} INFO - Processing file /home/airflow/.local/lib/python3.12/site-packages/airflow/example_dags/example_dataset_alias_with_no_taskflow.py for tasks to queue
[2025-02-22T12:17:23.543+0000] {logging_mixin.py:190} INFO - [2025-02-22T12:17:23.542+0000] {dagbag.py:588} INFO - Filling up the DagBag from /home/airflow/.local/lib/python3.12/site-packages/airflow/example_dags/example_dataset_alias_with_no_taskflow.py
[2025-02-22T12:17:24.252+0000] {processor.py:925} INFO - DAG(s) 'dataset_alias_example_alias_producer_with_no_taskflow', 'dataset_s3_bucket_producer_with_no_taskflow', 'dataset_s3_bucket_consumer_with_no_taskflow', 'dataset_alias_example_alias_consumer_with_no_taskflow' retrieved from /home/airflow/.local/lib/python3.12/site-packages/airflow/example_dags/example_dataset_alias_with_no_taskflow.py
[2025-02-22T12:17:24.289+0000] {logging_mixin.py:190} INFO - [2025-02-22T12:17:24.288+0000] {dag.py:3239} INFO - Sync 4 DAGs
[2025-02-22T12:17:24.320+0000] {logging_mixin.py:190} INFO - [2025-02-22T12:17:24.320+0000] {dag.py:4180} INFO - Setting next_dagrun for dataset_alias_example_alias_consumer_with_no_taskflow to None, run_after=None
[2025-02-22T12:17:24.324+0000] {logging_mixin.py:190} INFO - [2025-02-22T12:17:24.324+0000] {dag.py:4180} INFO - Setting next_dagrun for dataset_alias_example_alias_producer_with_no_taskflow to None, run_after=None
[2025-02-22T12:17:24.326+0000] {logging_mixin.py:190} INFO - [2025-02-22T12:17:24.326+0000] {dag.py:4180} INFO - Setting next_dagrun for dataset_s3_bucket_consumer_with_no_taskflow to None, run_after=None
[2025-02-22T12:17:24.328+0000] {logging_mixin.py:190} INFO - [2025-02-22T12:17:24.328+0000] {dag.py:4180} INFO - Setting next_dagrun for dataset_s3_bucket_producer_with_no_taskflow to None, run_after=None
[2025-02-22T12:17:24.362+0000] {processor.py:208} INFO - Processing /home/airflow/.local/lib/python3.12/site-packages/airflow/example_dags/example_dataset_alias_with_no_taskflow.py took 0.830 seconds
