[2025-02-22T12:15:39.325+0000] {processor.py:186} INFO - Started process (PID=50) to work on /home/airflow/.local/lib/python3.12/site-packages/airflow/example_dags/example_params_ui_tutorial.py
[2025-02-22T12:15:39.326+0000] {processor.py:914} INFO - Processing file /home/airflow/.local/lib/python3.12/site-packages/airflow/example_dags/example_params_ui_tutorial.py for tasks to queue
[2025-02-22T12:15:39.329+0000] {logging_mixin.py:190} INFO - [2025-02-22T12:15:39.329+0000] {dagbag.py:588} INFO - Filling up the DagBag from /home/airflow/.local/lib/python3.12/site-packages/airflow/example_dags/example_params_ui_tutorial.py
[2025-02-22T12:15:39.356+0000] {processor.py:925} INFO - DAG(s) 'example_params_ui_tutorial' retrieved from /home/airflow/.local/lib/python3.12/site-packages/airflow/example_dags/example_params_ui_tutorial.py
[2025-02-22T12:15:40.222+0000] {logging_mixin.py:190} INFO - [2025-02-22T12:15:40.220+0000] {override.py:1912} INFO - Created Permission View: can delete on DAG:example_params_ui_tutorial
[2025-02-22T12:15:40.255+0000] {logging_mixin.py:190} INFO - [2025-02-22T12:15:40.254+0000] {override.py:1912} INFO - Created Permission View: can edit on DAG:example_params_ui_tutorial
[2025-02-22T12:15:40.273+0000] {logging_mixin.py:190} INFO - [2025-02-22T12:15:40.272+0000] {override.py:1912} INFO - Created Permission View: can read on DAG:example_params_ui_tutorial
[2025-02-22T12:15:40.291+0000] {logging_mixin.py:190} INFO - [2025-02-22T12:15:40.291+0000] {override.py:1912} INFO - Created Permission View: can delete on DAG Run:example_params_ui_tutorial
[2025-02-22T12:15:40.303+0000] {logging_mixin.py:190} INFO - [2025-02-22T12:15:40.303+0000] {override.py:1912} INFO - Created Permission View: can create on DAG Run:example_params_ui_tutorial
[2025-02-22T12:15:40.320+0000] {logging_mixin.py:190} INFO - [2025-02-22T12:15:40.320+0000] {override.py:1912} INFO - Created Permission View: menu access on DAG Run:example_params_ui_tutorial
[2025-02-22T12:15:40.342+0000] {logging_mixin.py:190} INFO - [2025-02-22T12:15:40.341+0000] {override.py:1912} INFO - Created Permission View: can read on DAG Run:example_params_ui_tutorial
[2025-02-22T12:15:40.345+0000] {logging_mixin.py:190} INFO - [2025-02-22T12:15:40.345+0000] {dag.py:3239} INFO - Sync 1 DAGs
[2025-02-22T12:15:40.397+0000] {logging_mixin.py:190} INFO - [2025-02-22T12:15:40.397+0000] {dag.py:3262} INFO - Creating ORM DAG for example_params_ui_tutorial
[2025-02-22T12:15:40.405+0000] {logging_mixin.py:190} INFO - [2025-02-22T12:15:40.404+0000] {dag.py:4180} INFO - Setting next_dagrun for example_params_ui_tutorial to None, run_after=None
[2025-02-22T12:15:40.699+0000] {processor.py:208} INFO - Processing /home/airflow/.local/lib/python3.12/site-packages/airflow/example_dags/example_params_ui_tutorial.py took 1.410 seconds
[2025-02-22T12:16:11.093+0000] {processor.py:186} INFO - Started process (PID=113) to work on /home/airflow/.local/lib/python3.12/site-packages/airflow/example_dags/example_params_ui_tutorial.py
[2025-02-22T12:16:11.159+0000] {processor.py:914} INFO - Processing file /home/airflow/.local/lib/python3.12/site-packages/airflow/example_dags/example_params_ui_tutorial.py for tasks to queue
[2025-02-22T12:16:11.164+0000] {logging_mixin.py:190} INFO - [2025-02-22T12:16:11.162+0000] {dagbag.py:588} INFO - Filling up the DagBag from /home/airflow/.local/lib/python3.12/site-packages/airflow/example_dags/example_params_ui_tutorial.py
[2025-02-22T12:16:11.179+0000] {processor.py:925} INFO - DAG(s) 'example_params_ui_tutorial' retrieved from /home/airflow/.local/lib/python3.12/site-packages/airflow/example_dags/example_params_ui_tutorial.py
[2025-02-22T12:16:11.251+0000] {logging_mixin.py:190} INFO - [2025-02-22T12:16:11.250+0000] {dag.py:3239} INFO - Sync 1 DAGs
[2025-02-22T12:16:11.273+0000] {logging_mixin.py:190} INFO - [2025-02-22T12:16:11.272+0000] {dag.py:4180} INFO - Setting next_dagrun for example_params_ui_tutorial to None, run_after=None
[2025-02-22T12:16:11.587+0000] {processor.py:208} INFO - Processing /home/airflow/.local/lib/python3.12/site-packages/airflow/example_dags/example_params_ui_tutorial.py took 0.506 seconds
[2025-02-22T12:16:42.242+0000] {processor.py:186} INFO - Started process (PID=176) to work on /home/airflow/.local/lib/python3.12/site-packages/airflow/example_dags/example_params_ui_tutorial.py
[2025-02-22T12:16:42.243+0000] {processor.py:914} INFO - Processing file /home/airflow/.local/lib/python3.12/site-packages/airflow/example_dags/example_params_ui_tutorial.py for tasks to queue
[2025-02-22T12:16:42.246+0000] {logging_mixin.py:190} INFO - [2025-02-22T12:16:42.245+0000] {dagbag.py:588} INFO - Filling up the DagBag from /home/airflow/.local/lib/python3.12/site-packages/airflow/example_dags/example_params_ui_tutorial.py
[2025-02-22T12:16:42.259+0000] {processor.py:925} INFO - DAG(s) 'example_params_ui_tutorial' retrieved from /home/airflow/.local/lib/python3.12/site-packages/airflow/example_dags/example_params_ui_tutorial.py
[2025-02-22T12:16:42.321+0000] {logging_mixin.py:190} INFO - [2025-02-22T12:16:42.320+0000] {dag.py:3239} INFO - Sync 1 DAGs
[2025-02-22T12:16:42.339+0000] {logging_mixin.py:190} INFO - [2025-02-22T12:16:42.339+0000] {dag.py:4180} INFO - Setting next_dagrun for example_params_ui_tutorial to None, run_after=None
[2025-02-22T12:16:42.362+0000] {processor.py:208} INFO - Processing /home/airflow/.local/lib/python3.12/site-packages/airflow/example_dags/example_params_ui_tutorial.py took 0.126 seconds
[2025-02-22T12:17:13.246+0000] {processor.py:186} INFO - Started process (PID=239) to work on /home/airflow/.local/lib/python3.12/site-packages/airflow/example_dags/example_params_ui_tutorial.py
[2025-02-22T12:17:13.246+0000] {processor.py:914} INFO - Processing file /home/airflow/.local/lib/python3.12/site-packages/airflow/example_dags/example_params_ui_tutorial.py for tasks to queue
[2025-02-22T12:17:13.249+0000] {logging_mixin.py:190} INFO - [2025-02-22T12:17:13.248+0000] {dagbag.py:588} INFO - Filling up the DagBag from /home/airflow/.local/lib/python3.12/site-packages/airflow/example_dags/example_params_ui_tutorial.py
[2025-02-22T12:17:13.263+0000] {processor.py:925} INFO - DAG(s) 'example_params_ui_tutorial' retrieved from /home/airflow/.local/lib/python3.12/site-packages/airflow/example_dags/example_params_ui_tutorial.py
[2025-02-22T12:17:13.350+0000] {logging_mixin.py:190} INFO - [2025-02-22T12:17:13.349+0000] {dag.py:3239} INFO - Sync 1 DAGs
[2025-02-22T12:17:13.374+0000] {logging_mixin.py:190} INFO - [2025-02-22T12:17:13.373+0000] {dag.py:4180} INFO - Setting next_dagrun for example_params_ui_tutorial to None, run_after=None
[2025-02-22T12:17:13.419+0000] {processor.py:208} INFO - Processing /home/airflow/.local/lib/python3.12/site-packages/airflow/example_dags/example_params_ui_tutorial.py took 0.179 seconds
