[2025-02-22T12:15:45.601+0000] {processor.py:186} INFO - Started process (PID=67) to work on /home/airflow/.local/lib/python3.12/site-packages/airflow/example_dags/example_dataset_alias.py
[2025-02-22T12:15:45.602+0000] {processor.py:914} INFO - Processing file /home/airflow/.local/lib/python3.12/site-packages/airflow/example_dags/example_dataset_alias.py for tasks to queue
[2025-02-22T12:15:45.605+0000] {logging_mixin.py:190} INFO - [2025-02-22T12:15:45.604+0000] {dagbag.py:588} INFO - Filling up the DagBag from /home/airflow/.local/lib/python3.12/site-packages/airflow/example_dags/example_dataset_alias.py
[2025-02-22T12:15:46.351+0000] {processor.py:925} INFO - DAG(s) 'dataset_s3_bucket_consumer', 'dataset_alias_example_alias_consumer', 'dataset_s3_bucket_producer', 'dataset_alias_example_alias_producer' retrieved from /home/airflow/.local/lib/python3.12/site-packages/airflow/example_dags/example_dataset_alias.py
[2025-02-22T12:15:46.521+0000] {logging_mixin.py:190} INFO - [2025-02-22T12:15:46.520+0000] {override.py:1912} INFO - Created Permission View: can delete on DAG:dataset_s3_bucket_consumer
[2025-02-22T12:15:46.533+0000] {logging_mixin.py:190} INFO - [2025-02-22T12:15:46.533+0000] {override.py:1912} INFO - Created Permission View: can edit on DAG:dataset_s3_bucket_consumer
[2025-02-22T12:15:46.544+0000] {logging_mixin.py:190} INFO - [2025-02-22T12:15:46.543+0000] {override.py:1912} INFO - Created Permission View: can read on DAG:dataset_s3_bucket_consumer
[2025-02-22T12:15:46.556+0000] {logging_mixin.py:190} INFO - [2025-02-22T12:15:46.556+0000] {override.py:1912} INFO - Created Permission View: can delete on DAG Run:dataset_s3_bucket_consumer
[2025-02-22T12:15:46.564+0000] {logging_mixin.py:190} INFO - [2025-02-22T12:15:46.564+0000] {override.py:1912} INFO - Created Permission View: can create on DAG Run:dataset_s3_bucket_consumer
[2025-02-22T12:15:46.574+0000] {logging_mixin.py:190} INFO - [2025-02-22T12:15:46.574+0000] {override.py:1912} INFO - Created Permission View: menu access on DAG Run:dataset_s3_bucket_consumer
[2025-02-22T12:15:46.584+0000] {logging_mixin.py:190} INFO - [2025-02-22T12:15:46.584+0000] {override.py:1912} INFO - Created Permission View: can read on DAG Run:dataset_s3_bucket_consumer
[2025-02-22T12:15:46.605+0000] {logging_mixin.py:190} INFO - [2025-02-22T12:15:46.604+0000] {override.py:1912} INFO - Created Permission View: can delete on DAG:dataset_alias_example_alias_consumer
[2025-02-22T12:15:46.615+0000] {logging_mixin.py:190} INFO - [2025-02-22T12:15:46.614+0000] {override.py:1912} INFO - Created Permission View: can edit on DAG:dataset_alias_example_alias_consumer
[2025-02-22T12:15:46.625+0000] {logging_mixin.py:190} INFO - [2025-02-22T12:15:46.624+0000] {override.py:1912} INFO - Created Permission View: can read on DAG:dataset_alias_example_alias_consumer
[2025-02-22T12:15:46.639+0000] {logging_mixin.py:190} INFO - [2025-02-22T12:15:46.638+0000] {override.py:1912} INFO - Created Permission View: can delete on DAG Run:dataset_alias_example_alias_consumer
[2025-02-22T12:15:46.649+0000] {logging_mixin.py:190} INFO - [2025-02-22T12:15:46.648+0000] {override.py:1912} INFO - Created Permission View: can create on DAG Run:dataset_alias_example_alias_consumer
[2025-02-22T12:15:46.658+0000] {logging_mixin.py:190} INFO - [2025-02-22T12:15:46.658+0000] {override.py:1912} INFO - Created Permission View: menu access on DAG Run:dataset_alias_example_alias_consumer
[2025-02-22T12:15:46.667+0000] {logging_mixin.py:190} INFO - [2025-02-22T12:15:46.666+0000] {override.py:1912} INFO - Created Permission View: can read on DAG Run:dataset_alias_example_alias_consumer
[2025-02-22T12:15:46.683+0000] {logging_mixin.py:190} INFO - [2025-02-22T12:15:46.683+0000] {override.py:1912} INFO - Created Permission View: can delete on DAG:dataset_s3_bucket_producer
[2025-02-22T12:15:46.691+0000] {logging_mixin.py:190} INFO - [2025-02-22T12:15:46.690+0000] {override.py:1912} INFO - Created Permission View: can edit on DAG:dataset_s3_bucket_producer
[2025-02-22T12:15:46.700+0000] {logging_mixin.py:190} INFO - [2025-02-22T12:15:46.700+0000] {override.py:1912} INFO - Created Permission View: can read on DAG:dataset_s3_bucket_producer
[2025-02-22T12:15:46.710+0000] {logging_mixin.py:190} INFO - [2025-02-22T12:15:46.710+0000] {override.py:1912} INFO - Created Permission View: can delete on DAG Run:dataset_s3_bucket_producer
[2025-02-22T12:15:46.719+0000] {logging_mixin.py:190} INFO - [2025-02-22T12:15:46.719+0000] {override.py:1912} INFO - Created Permission View: can create on DAG Run:dataset_s3_bucket_producer
[2025-02-22T12:15:46.728+0000] {logging_mixin.py:190} INFO - [2025-02-22T12:15:46.728+0000] {override.py:1912} INFO - Created Permission View: menu access on DAG Run:dataset_s3_bucket_producer
[2025-02-22T12:15:46.738+0000] {logging_mixin.py:190} INFO - [2025-02-22T12:15:46.737+0000] {override.py:1912} INFO - Created Permission View: can read on DAG Run:dataset_s3_bucket_producer
[2025-02-22T12:15:46.756+0000] {logging_mixin.py:190} INFO - [2025-02-22T12:15:46.756+0000] {override.py:1912} INFO - Created Permission View: can delete on DAG:dataset_alias_example_alias_producer
[2025-02-22T12:15:46.765+0000] {logging_mixin.py:190} INFO - [2025-02-22T12:15:46.764+0000] {override.py:1912} INFO - Created Permission View: can edit on DAG:dataset_alias_example_alias_producer
[2025-02-22T12:15:46.774+0000] {logging_mixin.py:190} INFO - [2025-02-22T12:15:46.773+0000] {override.py:1912} INFO - Created Permission View: can read on DAG:dataset_alias_example_alias_producer
[2025-02-22T12:15:46.784+0000] {logging_mixin.py:190} INFO - [2025-02-22T12:15:46.784+0000] {override.py:1912} INFO - Created Permission View: can delete on DAG Run:dataset_alias_example_alias_producer
[2025-02-22T12:15:46.792+0000] {logging_mixin.py:190} INFO - [2025-02-22T12:15:46.792+0000] {override.py:1912} INFO - Created Permission View: can create on DAG Run:dataset_alias_example_alias_producer
[2025-02-22T12:15:46.801+0000] {logging_mixin.py:190} INFO - [2025-02-22T12:15:46.800+0000] {override.py:1912} INFO - Created Permission View: menu access on DAG Run:dataset_alias_example_alias_producer
[2025-02-22T12:15:46.809+0000] {logging_mixin.py:190} INFO - [2025-02-22T12:15:46.809+0000] {override.py:1912} INFO - Created Permission View: can read on DAG Run:dataset_alias_example_alias_producer
[2025-02-22T12:15:46.810+0000] {logging_mixin.py:190} INFO - [2025-02-22T12:15:46.809+0000] {dag.py:3239} INFO - Sync 4 DAGs
[2025-02-22T12:15:46.828+0000] {logging_mixin.py:190} INFO - [2025-02-22T12:15:46.827+0000] {dag.py:3262} INFO - Creating ORM DAG for dataset_alias_example_alias_producer
[2025-02-22T12:15:46.828+0000] {logging_mixin.py:190} INFO - [2025-02-22T12:15:46.828+0000] {dag.py:3262} INFO - Creating ORM DAG for dataset_s3_bucket_consumer
[2025-02-22T12:15:46.829+0000] {logging_mixin.py:190} INFO - [2025-02-22T12:15:46.829+0000] {dag.py:3262} INFO - Creating ORM DAG for dataset_s3_bucket_producer
[2025-02-22T12:15:46.830+0000] {logging_mixin.py:190} INFO - [2025-02-22T12:15:46.830+0000] {dag.py:3262} INFO - Creating ORM DAG for dataset_alias_example_alias_consumer
[2025-02-22T12:15:46.842+0000] {logging_mixin.py:190} INFO - [2025-02-22T12:15:46.841+0000] {dag.py:4180} INFO - Setting next_dagrun for dataset_alias_example_alias_consumer to None, run_after=None
[2025-02-22T12:15:46.842+0000] {logging_mixin.py:190} INFO - [2025-02-22T12:15:46.842+0000] {dag.py:4180} INFO - Setting next_dagrun for dataset_alias_example_alias_producer to None, run_after=None
[2025-02-22T12:15:46.843+0000] {logging_mixin.py:190} INFO - [2025-02-22T12:15:46.843+0000] {dag.py:4180} INFO - Setting next_dagrun for dataset_s3_bucket_consumer to None, run_after=None
[2025-02-22T12:15:46.844+0000] {logging_mixin.py:190} INFO - [2025-02-22T12:15:46.843+0000] {dag.py:4180} INFO - Setting next_dagrun for dataset_s3_bucket_producer to None, run_after=None
[2025-02-22T12:15:46.882+0000] {processor.py:208} INFO - Processing /home/airflow/.local/lib/python3.12/site-packages/airflow/example_dags/example_dataset_alias.py took 1.289 seconds
[2025-02-22T12:16:17.035+0000] {processor.py:186} INFO - Started process (PID=132) to work on /home/airflow/.local/lib/python3.12/site-packages/airflow/example_dags/example_dataset_alias.py
[2025-02-22T12:16:17.036+0000] {processor.py:914} INFO - Processing file /home/airflow/.local/lib/python3.12/site-packages/airflow/example_dags/example_dataset_alias.py for tasks to queue
[2025-02-22T12:16:17.039+0000] {logging_mixin.py:190} INFO - [2025-02-22T12:16:17.038+0000] {dagbag.py:588} INFO - Filling up the DagBag from /home/airflow/.local/lib/python3.12/site-packages/airflow/example_dags/example_dataset_alias.py
[2025-02-22T12:16:17.790+0000] {processor.py:925} INFO - DAG(s) 'dataset_s3_bucket_consumer', 'dataset_alias_example_alias_producer', 'dataset_s3_bucket_producer', 'dataset_alias_example_alias_consumer' retrieved from /home/airflow/.local/lib/python3.12/site-packages/airflow/example_dags/example_dataset_alias.py
[2025-02-22T12:16:17.816+0000] {logging_mixin.py:190} INFO - [2025-02-22T12:16:17.816+0000] {dag.py:3239} INFO - Sync 4 DAGs
[2025-02-22T12:16:17.848+0000] {logging_mixin.py:190} INFO - [2025-02-22T12:16:17.848+0000] {dag.py:4180} INFO - Setting next_dagrun for dataset_alias_example_alias_consumer to None, run_after=None
[2025-02-22T12:16:17.851+0000] {logging_mixin.py:190} INFO - [2025-02-22T12:16:17.851+0000] {dag.py:4180} INFO - Setting next_dagrun for dataset_alias_example_alias_producer to None, run_after=None
[2025-02-22T12:16:17.853+0000] {logging_mixin.py:190} INFO - [2025-02-22T12:16:17.853+0000] {dag.py:4180} INFO - Setting next_dagrun for dataset_s3_bucket_consumer to None, run_after=None
[2025-02-22T12:16:17.855+0000] {logging_mixin.py:190} INFO - [2025-02-22T12:16:17.855+0000] {dag.py:4180} INFO - Setting next_dagrun for dataset_s3_bucket_producer to None, run_after=None
[2025-02-22T12:16:17.901+0000] {processor.py:208} INFO - Processing /home/airflow/.local/lib/python3.12/site-packages/airflow/example_dags/example_dataset_alias.py took 0.874 seconds
[2025-02-22T12:16:48.251+0000] {processor.py:186} INFO - Started process (PID=196) to work on /home/airflow/.local/lib/python3.12/site-packages/airflow/example_dags/example_dataset_alias.py
[2025-02-22T12:16:48.252+0000] {processor.py:914} INFO - Processing file /home/airflow/.local/lib/python3.12/site-packages/airflow/example_dags/example_dataset_alias.py for tasks to queue
[2025-02-22T12:16:48.256+0000] {logging_mixin.py:190} INFO - [2025-02-22T12:16:48.255+0000] {dagbag.py:588} INFO - Filling up the DagBag from /home/airflow/.local/lib/python3.12/site-packages/airflow/example_dags/example_dataset_alias.py
[2025-02-22T12:16:49.159+0000] {processor.py:925} INFO - DAG(s) 'dataset_alias_example_alias_consumer', 'dataset_s3_bucket_producer', 'dataset_alias_example_alias_producer', 'dataset_s3_bucket_consumer' retrieved from /home/airflow/.local/lib/python3.12/site-packages/airflow/example_dags/example_dataset_alias.py
[2025-02-22T12:16:49.192+0000] {logging_mixin.py:190} INFO - [2025-02-22T12:16:49.191+0000] {dag.py:3239} INFO - Sync 4 DAGs
[2025-02-22T12:16:49.228+0000] {logging_mixin.py:190} INFO - [2025-02-22T12:16:49.227+0000] {dag.py:4180} INFO - Setting next_dagrun for dataset_alias_example_alias_consumer to None, run_after=None
[2025-02-22T12:16:49.233+0000] {logging_mixin.py:190} INFO - [2025-02-22T12:16:49.231+0000] {dag.py:4180} INFO - Setting next_dagrun for dataset_alias_example_alias_producer to None, run_after=None
[2025-02-22T12:16:49.238+0000] {logging_mixin.py:190} INFO - [2025-02-22T12:16:49.238+0000] {dag.py:4180} INFO - Setting next_dagrun for dataset_s3_bucket_consumer to None, run_after=None
[2025-02-22T12:16:49.240+0000] {logging_mixin.py:190} INFO - [2025-02-22T12:16:49.240+0000] {dag.py:4180} INFO - Setting next_dagrun for dataset_s3_bucket_producer to None, run_after=None
[2025-02-22T12:16:49.275+0000] {processor.py:208} INFO - Processing /home/airflow/.local/lib/python3.12/site-packages/airflow/example_dags/example_dataset_alias.py took 1.033 seconds
[2025-02-22T12:17:19.639+0000] {processor.py:186} INFO - Started process (PID=261) to work on /home/airflow/.local/lib/python3.12/site-packages/airflow/example_dags/example_dataset_alias.py
[2025-02-22T12:17:19.640+0000] {processor.py:914} INFO - Processing file /home/airflow/.local/lib/python3.12/site-packages/airflow/example_dags/example_dataset_alias.py for tasks to queue
[2025-02-22T12:17:19.643+0000] {logging_mixin.py:190} INFO - [2025-02-22T12:17:19.642+0000] {dagbag.py:588} INFO - Filling up the DagBag from /home/airflow/.local/lib/python3.12/site-packages/airflow/example_dags/example_dataset_alias.py
[2025-02-22T12:17:20.384+0000] {processor.py:925} INFO - DAG(s) 'dataset_s3_bucket_consumer', 'dataset_alias_example_alias_consumer', 'dataset_s3_bucket_producer', 'dataset_alias_example_alias_producer' retrieved from /home/airflow/.local/lib/python3.12/site-packages/airflow/example_dags/example_dataset_alias.py
[2025-02-22T12:17:20.410+0000] {logging_mixin.py:190} INFO - [2025-02-22T12:17:20.410+0000] {dag.py:3239} INFO - Sync 4 DAGs
[2025-02-22T12:17:20.437+0000] {logging_mixin.py:190} INFO - [2025-02-22T12:17:20.437+0000] {dag.py:4180} INFO - Setting next_dagrun for dataset_alias_example_alias_consumer to None, run_after=None
[2025-02-22T12:17:20.440+0000] {logging_mixin.py:190} INFO - [2025-02-22T12:17:20.440+0000] {dag.py:4180} INFO - Setting next_dagrun for dataset_alias_example_alias_producer to None, run_after=None
[2025-02-22T12:17:20.441+0000] {logging_mixin.py:190} INFO - [2025-02-22T12:17:20.441+0000] {dag.py:4180} INFO - Setting next_dagrun for dataset_s3_bucket_consumer to None, run_after=None
[2025-02-22T12:17:20.442+0000] {logging_mixin.py:190} INFO - [2025-02-22T12:17:20.442+0000] {dag.py:4180} INFO - Setting next_dagrun for dataset_s3_bucket_producer to None, run_after=None
[2025-02-22T12:17:20.466+0000] {processor.py:208} INFO - Processing /home/airflow/.local/lib/python3.12/site-packages/airflow/example_dags/example_dataset_alias.py took 0.835 seconds
