[2025-02-22T12:15:51.431+0000] {processor.py:186} INFO - Started process (PID=85) to work on /home/airflow/.local/lib/python3.12/site-packages/airflow/example_dags/example_latest_only_with_trigger.py
[2025-02-22T12:15:51.431+0000] {processor.py:914} INFO - Processing file /home/airflow/.local/lib/python3.12/site-packages/airflow/example_dags/example_latest_only_with_trigger.py for tasks to queue
[2025-02-22T12:15:51.435+0000] {logging_mixin.py:190} INFO - [2025-02-22T12:15:51.434+0000] {dagbag.py:588} INFO - Filling up the DagBag from /home/airflow/.local/lib/python3.12/site-packages/airflow/example_dags/example_latest_only_with_trigger.py
[2025-02-22T12:15:51.443+0000] {processor.py:925} INFO - DAG(s) 'latest_only_with_trigger' retrieved from /home/airflow/.local/lib/python3.12/site-packages/airflow/example_dags/example_latest_only_with_trigger.py
[2025-02-22T12:15:51.667+0000] {logging_mixin.py:190} INFO - [2025-02-22T12:15:51.666+0000] {override.py:1912} INFO - Created Permission View: can delete on DAG:latest_only_with_trigger
[2025-02-22T12:15:51.686+0000] {logging_mixin.py:190} INFO - [2025-02-22T12:15:51.685+0000] {override.py:1912} INFO - Created Permission View: can edit on DAG:latest_only_with_trigger
[2025-02-22T12:15:51.695+0000] {logging_mixin.py:190} INFO - [2025-02-22T12:15:51.695+0000] {override.py:1912} INFO - Created Permission View: can read on DAG:latest_only_with_trigger
[2025-02-22T12:15:51.710+0000] {logging_mixin.py:190} INFO - [2025-02-22T12:15:51.710+0000] {override.py:1912} INFO - Created Permission View: can delete on DAG Run:latest_only_with_trigger
[2025-02-22T12:15:51.721+0000] {logging_mixin.py:190} INFO - [2025-02-22T12:15:51.721+0000] {override.py:1912} INFO - Created Permission View: can create on DAG Run:latest_only_with_trigger
[2025-02-22T12:15:51.730+0000] {logging_mixin.py:190} INFO - [2025-02-22T12:15:51.730+0000] {override.py:1912} INFO - Created Permission View: menu access on DAG Run:latest_only_with_trigger
[2025-02-22T12:15:51.738+0000] {logging_mixin.py:190} INFO - [2025-02-22T12:15:51.738+0000] {override.py:1912} INFO - Created Permission View: can read on DAG Run:latest_only_with_trigger
[2025-02-22T12:15:51.739+0000] {logging_mixin.py:190} INFO - [2025-02-22T12:15:51.739+0000] {dag.py:3239} INFO - Sync 1 DAGs
[2025-02-22T12:15:51.756+0000] {logging_mixin.py:190} INFO - [2025-02-22T12:15:51.755+0000] {dag.py:3262} INFO - Creating ORM DAG for latest_only_with_trigger
[2025-02-22T12:15:51.767+0000] {logging_mixin.py:190} INFO - [2025-02-22T12:15:51.767+0000] {dag.py:4180} INFO - Setting next_dagrun for latest_only_with_trigger to 2025-02-22 08:00:00+00:00, run_after=2025-02-22 12:00:00+00:00
[2025-02-22T12:15:51.788+0000] {processor.py:208} INFO - Processing /home/airflow/.local/lib/python3.12/site-packages/airflow/example_dags/example_latest_only_with_trigger.py took 0.365 seconds
[2025-02-22T12:16:22.585+0000] {processor.py:186} INFO - Started process (PID=148) to work on /home/airflow/.local/lib/python3.12/site-packages/airflow/example_dags/example_latest_only_with_trigger.py
[2025-02-22T12:16:22.597+0000] {processor.py:914} INFO - Processing file /home/airflow/.local/lib/python3.12/site-packages/airflow/example_dags/example_latest_only_with_trigger.py for tasks to queue
[2025-02-22T12:16:22.599+0000] {logging_mixin.py:190} INFO - [2025-02-22T12:16:22.599+0000] {dagbag.py:588} INFO - Filling up the DagBag from /home/airflow/.local/lib/python3.12/site-packages/airflow/example_dags/example_latest_only_with_trigger.py
[2025-02-22T12:16:22.607+0000] {processor.py:925} INFO - DAG(s) 'latest_only_with_trigger' retrieved from /home/airflow/.local/lib/python3.12/site-packages/airflow/example_dags/example_latest_only_with_trigger.py
[2025-02-22T12:16:22.628+0000] {logging_mixin.py:190} INFO - [2025-02-22T12:16:22.628+0000] {dag.py:3239} INFO - Sync 1 DAGs
[2025-02-22T12:16:22.656+0000] {logging_mixin.py:190} INFO - [2025-02-22T12:16:22.655+0000] {dag.py:4180} INFO - Setting next_dagrun for latest_only_with_trigger to 2025-02-22 08:00:00+00:00, run_after=2025-02-22 12:00:00+00:00
[2025-02-22T12:16:22.683+0000] {processor.py:208} INFO - Processing /home/airflow/.local/lib/python3.12/site-packages/airflow/example_dags/example_latest_only_with_trigger.py took 0.105 seconds
[2025-02-22T12:16:53.497+0000] {processor.py:186} INFO - Started process (PID=211) to work on /home/airflow/.local/lib/python3.12/site-packages/airflow/example_dags/example_latest_only_with_trigger.py
[2025-02-22T12:16:53.498+0000] {processor.py:914} INFO - Processing file /home/airflow/.local/lib/python3.12/site-packages/airflow/example_dags/example_latest_only_with_trigger.py for tasks to queue
[2025-02-22T12:16:53.500+0000] {logging_mixin.py:190} INFO - [2025-02-22T12:16:53.500+0000] {dagbag.py:588} INFO - Filling up the DagBag from /home/airflow/.local/lib/python3.12/site-packages/airflow/example_dags/example_latest_only_with_trigger.py
[2025-02-22T12:16:53.508+0000] {processor.py:925} INFO - DAG(s) 'latest_only_with_trigger' retrieved from /home/airflow/.local/lib/python3.12/site-packages/airflow/example_dags/example_latest_only_with_trigger.py
[2025-02-22T12:16:53.535+0000] {logging_mixin.py:190} INFO - [2025-02-22T12:16:53.535+0000] {dag.py:3239} INFO - Sync 1 DAGs
[2025-02-22T12:16:53.565+0000] {logging_mixin.py:190} INFO - [2025-02-22T12:16:53.565+0000] {dag.py:4180} INFO - Setting next_dagrun for latest_only_with_trigger to 2025-02-22 08:00:00+00:00, run_after=2025-02-22 12:00:00+00:00
[2025-02-22T12:16:53.586+0000] {processor.py:208} INFO - Processing /home/airflow/.local/lib/python3.12/site-packages/airflow/example_dags/example_latest_only_with_trigger.py took 0.096 seconds
[2025-02-22T12:17:25.017+0000] {processor.py:186} INFO - Started process (PID=274) to work on /home/airflow/.local/lib/python3.12/site-packages/airflow/example_dags/example_latest_only_with_trigger.py
[2025-02-22T12:17:25.019+0000] {processor.py:914} INFO - Processing file /home/airflow/.local/lib/python3.12/site-packages/airflow/example_dags/example_latest_only_with_trigger.py for tasks to queue
[2025-02-22T12:17:25.021+0000] {logging_mixin.py:190} INFO - [2025-02-22T12:17:25.020+0000] {dagbag.py:588} INFO - Filling up the DagBag from /home/airflow/.local/lib/python3.12/site-packages/airflow/example_dags/example_latest_only_with_trigger.py
[2025-02-22T12:17:25.029+0000] {processor.py:925} INFO - DAG(s) 'latest_only_with_trigger' retrieved from /home/airflow/.local/lib/python3.12/site-packages/airflow/example_dags/example_latest_only_with_trigger.py
[2025-02-22T12:17:25.059+0000] {logging_mixin.py:190} INFO - [2025-02-22T12:17:25.059+0000] {dag.py:3239} INFO - Sync 1 DAGs
[2025-02-22T12:17:25.098+0000] {logging_mixin.py:190} INFO - [2025-02-22T12:17:25.098+0000] {dag.py:4180} INFO - Setting next_dagrun for latest_only_with_trigger to 2025-02-22 08:00:00+00:00, run_after=2025-02-22 12:00:00+00:00
[2025-02-22T12:17:25.125+0000] {processor.py:208} INFO - Processing /home/airflow/.local/lib/python3.12/site-packages/airflow/example_dags/example_latest_only_with_trigger.py took 0.115 seconds
