[2025-02-22T12:15:38.128+0000] {processor.py:186} INFO - Started process (PID=46) to work on /home/airflow/.local/lib/python3.12/site-packages/airflow/example_dags/example_skip_dag.py
[2025-02-22T12:15:38.129+0000] {processor.py:914} INFO - Processing file /home/airflow/.local/lib/python3.12/site-packages/airflow/example_dags/example_skip_dag.py for tasks to queue
[2025-02-22T12:15:38.131+0000] {logging_mixin.py:190} INFO - [2025-02-22T12:15:38.131+0000] {dagbag.py:588} INFO - Filling up the DagBag from /home/airflow/.local/lib/python3.12/site-packages/airflow/example_dags/example_skip_dag.py
[2025-02-22T12:15:38.142+0000] {processor.py:925} INFO - DAG(s) 'example_skip_dag' retrieved from /home/airflow/.local/lib/python3.12/site-packages/airflow/example_dags/example_skip_dag.py
[2025-02-22T12:15:38.359+0000] {logging_mixin.py:190} INFO - [2025-02-22T12:15:38.358+0000] {override.py:1912} INFO - Created Permission View: can delete on DAG:example_skip_dag
[2025-02-22T12:15:38.379+0000] {logging_mixin.py:190} INFO - [2025-02-22T12:15:38.379+0000] {override.py:1912} INFO - Created Permission View: can edit on DAG:example_skip_dag
[2025-02-22T12:15:38.396+0000] {logging_mixin.py:190} INFO - [2025-02-22T12:15:38.395+0000] {override.py:1912} INFO - Created Permission View: can read on DAG:example_skip_dag
[2025-02-22T12:15:38.413+0000] {logging_mixin.py:190} INFO - [2025-02-22T12:15:38.413+0000] {override.py:1912} INFO - Created Permission View: can delete on DAG Run:example_skip_dag
[2025-02-22T12:15:38.429+0000] {logging_mixin.py:190} INFO - [2025-02-22T12:15:38.428+0000] {override.py:1912} INFO - Created Permission View: can create on DAG Run:example_skip_dag
[2025-02-22T12:15:38.445+0000] {logging_mixin.py:190} INFO - [2025-02-22T12:15:38.445+0000] {override.py:1912} INFO - Created Permission View: menu access on DAG Run:example_skip_dag
[2025-02-22T12:15:38.459+0000] {logging_mixin.py:190} INFO - [2025-02-22T12:15:38.459+0000] {override.py:1912} INFO - Created Permission View: can read on DAG Run:example_skip_dag
[2025-02-22T12:15:38.460+0000] {logging_mixin.py:190} INFO - [2025-02-22T12:15:38.459+0000] {dag.py:3239} INFO - Sync 1 DAGs
[2025-02-22T12:15:38.483+0000] {logging_mixin.py:190} INFO - [2025-02-22T12:15:38.483+0000] {dag.py:3262} INFO - Creating ORM DAG for example_skip_dag
[2025-02-22T12:15:38.511+0000] {logging_mixin.py:190} INFO - [2025-02-22T12:15:38.511+0000] {dag.py:4180} INFO - Setting next_dagrun for example_skip_dag to 2025-02-21 00:00:00+00:00, run_after=2025-02-22 00:00:00+00:00
[2025-02-22T12:15:38.561+0000] {processor.py:208} INFO - Processing /home/airflow/.local/lib/python3.12/site-packages/airflow/example_dags/example_skip_dag.py took 0.440 seconds
[2025-02-22T12:16:08.911+0000] {processor.py:186} INFO - Started process (PID=109) to work on /home/airflow/.local/lib/python3.12/site-packages/airflow/example_dags/example_skip_dag.py
[2025-02-22T12:16:08.922+0000] {processor.py:914} INFO - Processing file /home/airflow/.local/lib/python3.12/site-packages/airflow/example_dags/example_skip_dag.py for tasks to queue
[2025-02-22T12:16:08.924+0000] {logging_mixin.py:190} INFO - [2025-02-22T12:16:08.924+0000] {dagbag.py:588} INFO - Filling up the DagBag from /home/airflow/.local/lib/python3.12/site-packages/airflow/example_dags/example_skip_dag.py
[2025-02-22T12:16:08.933+0000] {processor.py:925} INFO - DAG(s) 'example_skip_dag' retrieved from /home/airflow/.local/lib/python3.12/site-packages/airflow/example_dags/example_skip_dag.py
[2025-02-22T12:16:08.957+0000] {logging_mixin.py:190} INFO - [2025-02-22T12:16:08.957+0000] {dag.py:3239} INFO - Sync 1 DAGs
[2025-02-22T12:16:08.985+0000] {logging_mixin.py:190} INFO - [2025-02-22T12:16:08.985+0000] {dag.py:4180} INFO - Setting next_dagrun for example_skip_dag to 2025-02-21 00:00:00+00:00, run_after=2025-02-22 00:00:00+00:00
[2025-02-22T12:16:09.020+0000] {processor.py:208} INFO - Processing /home/airflow/.local/lib/python3.12/site-packages/airflow/example_dags/example_skip_dag.py took 0.115 seconds
[2025-02-22T12:16:39.193+0000] {processor.py:186} INFO - Started process (PID=172) to work on /home/airflow/.local/lib/python3.12/site-packages/airflow/example_dags/example_skip_dag.py
[2025-02-22T12:16:39.194+0000] {processor.py:914} INFO - Processing file /home/airflow/.local/lib/python3.12/site-packages/airflow/example_dags/example_skip_dag.py for tasks to queue
[2025-02-22T12:16:39.197+0000] {logging_mixin.py:190} INFO - [2025-02-22T12:16:39.196+0000] {dagbag.py:588} INFO - Filling up the DagBag from /home/airflow/.local/lib/python3.12/site-packages/airflow/example_dags/example_skip_dag.py
[2025-02-22T12:16:39.207+0000] {processor.py:925} INFO - DAG(s) 'example_skip_dag' retrieved from /home/airflow/.local/lib/python3.12/site-packages/airflow/example_dags/example_skip_dag.py
[2025-02-22T12:16:39.235+0000] {logging_mixin.py:190} INFO - [2025-02-22T12:16:39.234+0000] {dag.py:3239} INFO - Sync 1 DAGs
[2025-02-22T12:16:39.267+0000] {logging_mixin.py:190} INFO - [2025-02-22T12:16:39.266+0000] {dag.py:4180} INFO - Setting next_dagrun for example_skip_dag to 2025-02-21 00:00:00+00:00, run_after=2025-02-22 00:00:00+00:00
[2025-02-22T12:16:39.290+0000] {processor.py:208} INFO - Processing /home/airflow/.local/lib/python3.12/site-packages/airflow/example_dags/example_skip_dag.py took 0.104 seconds
[2025-02-22T12:17:10.082+0000] {processor.py:186} INFO - Started process (PID=235) to work on /home/airflow/.local/lib/python3.12/site-packages/airflow/example_dags/example_skip_dag.py
[2025-02-22T12:17:10.083+0000] {processor.py:914} INFO - Processing file /home/airflow/.local/lib/python3.12/site-packages/airflow/example_dags/example_skip_dag.py for tasks to queue
[2025-02-22T12:17:10.086+0000] {logging_mixin.py:190} INFO - [2025-02-22T12:17:10.085+0000] {dagbag.py:588} INFO - Filling up the DagBag from /home/airflow/.local/lib/python3.12/site-packages/airflow/example_dags/example_skip_dag.py
[2025-02-22T12:17:10.094+0000] {processor.py:925} INFO - DAG(s) 'example_skip_dag' retrieved from /home/airflow/.local/lib/python3.12/site-packages/airflow/example_dags/example_skip_dag.py
[2025-02-22T12:17:10.123+0000] {logging_mixin.py:190} INFO - [2025-02-22T12:17:10.122+0000] {dag.py:3239} INFO - Sync 1 DAGs
[2025-02-22T12:17:10.159+0000] {logging_mixin.py:190} INFO - [2025-02-22T12:17:10.159+0000] {dag.py:4180} INFO - Setting next_dagrun for example_skip_dag to 2025-02-21 00:00:00+00:00, run_after=2025-02-22 00:00:00+00:00
[2025-02-22T12:17:10.182+0000] {processor.py:208} INFO - Processing /home/airflow/.local/lib/python3.12/site-packages/airflow/example_dags/example_skip_dag.py took 0.107 seconds
