[2025-02-22T12:15:47.037+0000] {processor.py:186} INFO - Started process (PID=72) to work on /home/airflow/.local/lib/python3.12/site-packages/airflow/example_dags/example_local_kubernetes_executor.py
[2025-02-22T12:15:47.038+0000] {processor.py:914} INFO - Processing file /home/airflow/.local/lib/python3.12/site-packages/airflow/example_dags/example_local_kubernetes_executor.py for tasks to queue
[2025-02-22T12:15:47.041+0000] {logging_mixin.py:190} INFO - [2025-02-22T12:15:47.040+0000] {dagbag.py:588} INFO - Filling up the DagBag from /home/airflow/.local/lib/python3.12/site-packages/airflow/example_dags/example_local_kubernetes_executor.py
[2025-02-22T12:15:47.054+0000] {processor.py:925} INFO - DAG(s) 'example_local_kubernetes_executor' retrieved from /home/airflow/.local/lib/python3.12/site-packages/airflow/example_dags/example_local_kubernetes_executor.py
[2025-02-22T12:15:47.195+0000] {logging_mixin.py:190} INFO - [2025-02-22T12:15:47.195+0000] {override.py:1912} INFO - Created Permission View: can delete on DAG:example_local_kubernetes_executor
[2025-02-22T12:15:47.207+0000] {logging_mixin.py:190} INFO - [2025-02-22T12:15:47.206+0000] {override.py:1912} INFO - Created Permission View: can edit on DAG:example_local_kubernetes_executor
[2025-02-22T12:15:47.215+0000] {logging_mixin.py:190} INFO - [2025-02-22T12:15:47.215+0000] {override.py:1912} INFO - Created Permission View: can read on DAG:example_local_kubernetes_executor
[2025-02-22T12:15:47.226+0000] {logging_mixin.py:190} INFO - [2025-02-22T12:15:47.226+0000] {override.py:1912} INFO - Created Permission View: can delete on DAG Run:example_local_kubernetes_executor
[2025-02-22T12:15:47.237+0000] {logging_mixin.py:190} INFO - [2025-02-22T12:15:47.237+0000] {override.py:1912} INFO - Created Permission View: can create on DAG Run:example_local_kubernetes_executor
[2025-02-22T12:15:47.247+0000] {logging_mixin.py:190} INFO - [2025-02-22T12:15:47.246+0000] {override.py:1912} INFO - Created Permission View: menu access on DAG Run:example_local_kubernetes_executor
[2025-02-22T12:15:47.256+0000] {logging_mixin.py:190} INFO - [2025-02-22T12:15:47.256+0000] {override.py:1912} INFO - Created Permission View: can read on DAG Run:example_local_kubernetes_executor
[2025-02-22T12:15:47.257+0000] {logging_mixin.py:190} INFO - [2025-02-22T12:15:47.257+0000] {dag.py:3239} INFO - Sync 1 DAGs
[2025-02-22T12:15:47.273+0000] {logging_mixin.py:190} INFO - [2025-02-22T12:15:47.272+0000] {dag.py:3262} INFO - Creating ORM DAG for example_local_kubernetes_executor
[2025-02-22T12:15:47.274+0000] {logging_mixin.py:190} INFO - [2025-02-22T12:15:47.273+0000] {dag.py:4180} INFO - Setting next_dagrun for example_local_kubernetes_executor to None, run_after=None
[2025-02-22T12:15:47.292+0000] {processor.py:208} INFO - Processing /home/airflow/.local/lib/python3.12/site-packages/airflow/example_dags/example_local_kubernetes_executor.py took 0.264 seconds
[2025-02-22T12:16:17.943+0000] {processor.py:186} INFO - Started process (PID=135) to work on /home/airflow/.local/lib/python3.12/site-packages/airflow/example_dags/example_local_kubernetes_executor.py
[2025-02-22T12:16:17.951+0000] {processor.py:914} INFO - Processing file /home/airflow/.local/lib/python3.12/site-packages/airflow/example_dags/example_local_kubernetes_executor.py for tasks to queue
[2025-02-22T12:16:17.954+0000] {logging_mixin.py:190} INFO - [2025-02-22T12:16:17.953+0000] {dagbag.py:588} INFO - Filling up the DagBag from /home/airflow/.local/lib/python3.12/site-packages/airflow/example_dags/example_local_kubernetes_executor.py
[2025-02-22T12:16:17.963+0000] {processor.py:925} INFO - DAG(s) 'example_local_kubernetes_executor' retrieved from /home/airflow/.local/lib/python3.12/site-packages/airflow/example_dags/example_local_kubernetes_executor.py
[2025-02-22T12:16:17.985+0000] {logging_mixin.py:190} INFO - [2025-02-22T12:16:17.984+0000] {dag.py:3239} INFO - Sync 1 DAGs
[2025-02-22T12:16:18.004+0000] {logging_mixin.py:190} INFO - [2025-02-22T12:16:18.004+0000] {dag.py:4180} INFO - Setting next_dagrun for example_local_kubernetes_executor to None, run_after=None
[2025-02-22T12:16:18.039+0000] {processor.py:208} INFO - Processing /home/airflow/.local/lib/python3.12/site-packages/airflow/example_dags/example_local_kubernetes_executor.py took 0.102 seconds
[2025-02-22T12:16:48.438+0000] {processor.py:186} INFO - Started process (PID=198) to work on /home/airflow/.local/lib/python3.12/site-packages/airflow/example_dags/example_local_kubernetes_executor.py
[2025-02-22T12:16:48.439+0000] {processor.py:914} INFO - Processing file /home/airflow/.local/lib/python3.12/site-packages/airflow/example_dags/example_local_kubernetes_executor.py for tasks to queue
[2025-02-22T12:16:48.441+0000] {logging_mixin.py:190} INFO - [2025-02-22T12:16:48.441+0000] {dagbag.py:588} INFO - Filling up the DagBag from /home/airflow/.local/lib/python3.12/site-packages/airflow/example_dags/example_local_kubernetes_executor.py
[2025-02-22T12:16:48.451+0000] {processor.py:925} INFO - DAG(s) 'example_local_kubernetes_executor' retrieved from /home/airflow/.local/lib/python3.12/site-packages/airflow/example_dags/example_local_kubernetes_executor.py
[2025-02-22T12:16:48.482+0000] {logging_mixin.py:190} INFO - [2025-02-22T12:16:48.482+0000] {dag.py:3239} INFO - Sync 1 DAGs
[2025-02-22T12:16:48.507+0000] {logging_mixin.py:190} INFO - [2025-02-22T12:16:48.507+0000] {dag.py:4180} INFO - Setting next_dagrun for example_local_kubernetes_executor to None, run_after=None
[2025-02-22T12:16:48.548+0000] {processor.py:208} INFO - Processing /home/airflow/.local/lib/python3.12/site-packages/airflow/example_dags/example_local_kubernetes_executor.py took 0.119 seconds
[2025-02-22T12:17:18.628+0000] {processor.py:186} INFO - Started process (PID=260) to work on /home/airflow/.local/lib/python3.12/site-packages/airflow/example_dags/example_local_kubernetes_executor.py
[2025-02-22T12:17:18.629+0000] {processor.py:914} INFO - Processing file /home/airflow/.local/lib/python3.12/site-packages/airflow/example_dags/example_local_kubernetes_executor.py for tasks to queue
[2025-02-22T12:17:18.632+0000] {logging_mixin.py:190} INFO - [2025-02-22T12:17:18.632+0000] {dagbag.py:588} INFO - Filling up the DagBag from /home/airflow/.local/lib/python3.12/site-packages/airflow/example_dags/example_local_kubernetes_executor.py
[2025-02-22T12:17:18.645+0000] {processor.py:925} INFO - DAG(s) 'example_local_kubernetes_executor' retrieved from /home/airflow/.local/lib/python3.12/site-packages/airflow/example_dags/example_local_kubernetes_executor.py
[2025-02-22T12:17:18.667+0000] {logging_mixin.py:190} INFO - [2025-02-22T12:17:18.667+0000] {dag.py:3239} INFO - Sync 1 DAGs
[2025-02-22T12:17:18.684+0000] {logging_mixin.py:190} INFO - [2025-02-22T12:17:18.683+0000] {dag.py:4180} INFO - Setting next_dagrun for example_local_kubernetes_executor to None, run_after=None
[2025-02-22T12:17:18.704+0000] {processor.py:208} INFO - Processing /home/airflow/.local/lib/python3.12/site-packages/airflow/example_dags/example_local_kubernetes_executor.py took 0.085 seconds
