[2025-02-22T12:15:42.033+0000] {processor.py:186} INFO - Started process (PID=54) to work on /home/airflow/.local/lib/python3.12/site-packages/airflow/example_dags/example_dag_decorator.py
[2025-02-22T12:15:42.034+0000] {processor.py:914} INFO - Processing file /home/airflow/.local/lib/python3.12/site-packages/airflow/example_dags/example_dag_decorator.py for tasks to queue
[2025-02-22T12:15:42.036+0000] {logging_mixin.py:190} INFO - [2025-02-22T12:15:42.036+0000] {dagbag.py:588} INFO - Filling up the DagBag from /home/airflow/.local/lib/python3.12/site-packages/airflow/example_dags/example_dag_decorator.py
[2025-02-22T12:15:42.583+0000] {processor.py:925} INFO - DAG(s) 'example_dag_decorator' retrieved from /home/airflow/.local/lib/python3.12/site-packages/airflow/example_dags/example_dag_decorator.py
[2025-02-22T12:15:42.783+0000] {logging_mixin.py:190} INFO - [2025-02-22T12:15:42.782+0000] {override.py:1912} INFO - Created Permission View: can delete on DAG:example_dag_decorator
[2025-02-22T12:15:42.800+0000] {logging_mixin.py:190} INFO - [2025-02-22T12:15:42.799+0000] {override.py:1912} INFO - Created Permission View: can edit on DAG:example_dag_decorator
[2025-02-22T12:15:42.811+0000] {logging_mixin.py:190} INFO - [2025-02-22T12:15:42.810+0000] {override.py:1912} INFO - Created Permission View: can read on DAG:example_dag_decorator
[2025-02-22T12:15:42.827+0000] {logging_mixin.py:190} INFO - [2025-02-22T12:15:42.826+0000] {override.py:1912} INFO - Created Permission View: can delete on DAG Run:example_dag_decorator
[2025-02-22T12:15:42.838+0000] {logging_mixin.py:190} INFO - [2025-02-22T12:15:42.837+0000] {override.py:1912} INFO - Created Permission View: can create on DAG Run:example_dag_decorator
[2025-02-22T12:15:42.848+0000] {logging_mixin.py:190} INFO - [2025-02-22T12:15:42.848+0000] {override.py:1912} INFO - Created Permission View: menu access on DAG Run:example_dag_decorator
[2025-02-22T12:15:42.858+0000] {logging_mixin.py:190} INFO - [2025-02-22T12:15:42.857+0000] {override.py:1912} INFO - Created Permission View: can read on DAG Run:example_dag_decorator
[2025-02-22T12:15:42.858+0000] {logging_mixin.py:190} INFO - [2025-02-22T12:15:42.858+0000] {dag.py:3239} INFO - Sync 1 DAGs
[2025-02-22T12:15:42.880+0000] {logging_mixin.py:190} INFO - [2025-02-22T12:15:42.880+0000] {dag.py:3262} INFO - Creating ORM DAG for example_dag_decorator
[2025-02-22T12:15:42.881+0000] {logging_mixin.py:190} INFO - [2025-02-22T12:15:42.881+0000] {dag.py:4180} INFO - Setting next_dagrun for example_dag_decorator to None, run_after=None
[2025-02-22T12:15:42.910+0000] {processor.py:208} INFO - Processing /home/airflow/.local/lib/python3.12/site-packages/airflow/example_dags/example_dag_decorator.py took 0.884 seconds
[2025-02-22T12:16:13.265+0000] {processor.py:186} INFO - Started process (PID=116) to work on /home/airflow/.local/lib/python3.12/site-packages/airflow/example_dags/example_dag_decorator.py
[2025-02-22T12:16:13.266+0000] {processor.py:914} INFO - Processing file /home/airflow/.local/lib/python3.12/site-packages/airflow/example_dags/example_dag_decorator.py for tasks to queue
[2025-02-22T12:16:13.269+0000] {logging_mixin.py:190} INFO - [2025-02-22T12:16:13.268+0000] {dagbag.py:588} INFO - Filling up the DagBag from /home/airflow/.local/lib/python3.12/site-packages/airflow/example_dags/example_dag_decorator.py
[2025-02-22T12:16:13.398+0000] {processor.py:925} INFO - DAG(s) 'example_dag_decorator' retrieved from /home/airflow/.local/lib/python3.12/site-packages/airflow/example_dags/example_dag_decorator.py
[2025-02-22T12:16:13.583+0000] {logging_mixin.py:190} INFO - [2025-02-22T12:16:13.583+0000] {dag.py:3239} INFO - Sync 1 DAGs
[2025-02-22T12:16:13.603+0000] {logging_mixin.py:190} INFO - [2025-02-22T12:16:13.603+0000] {dag.py:4180} INFO - Setting next_dagrun for example_dag_decorator to None, run_after=None
[2025-02-22T12:16:13.630+0000] {processor.py:208} INFO - Processing /home/airflow/.local/lib/python3.12/site-packages/airflow/example_dags/example_dag_decorator.py took 0.372 seconds
[2025-02-22T12:16:44.503+0000] {processor.py:186} INFO - Started process (PID=179) to work on /home/airflow/.local/lib/python3.12/site-packages/airflow/example_dags/example_dag_decorator.py
[2025-02-22T12:16:44.504+0000] {processor.py:914} INFO - Processing file /home/airflow/.local/lib/python3.12/site-packages/airflow/example_dags/example_dag_decorator.py for tasks to queue
[2025-02-22T12:16:44.507+0000] {logging_mixin.py:190} INFO - [2025-02-22T12:16:44.507+0000] {dagbag.py:588} INFO - Filling up the DagBag from /home/airflow/.local/lib/python3.12/site-packages/airflow/example_dags/example_dag_decorator.py
[2025-02-22T12:16:44.636+0000] {processor.py:925} INFO - DAG(s) 'example_dag_decorator' retrieved from /home/airflow/.local/lib/python3.12/site-packages/airflow/example_dags/example_dag_decorator.py
[2025-02-22T12:16:44.828+0000] {logging_mixin.py:190} INFO - [2025-02-22T12:16:44.828+0000] {dag.py:3239} INFO - Sync 1 DAGs
[2025-02-22T12:16:44.844+0000] {logging_mixin.py:190} INFO - [2025-02-22T12:16:44.844+0000] {dag.py:4180} INFO - Setting next_dagrun for example_dag_decorator to None, run_after=None
[2025-02-22T12:16:44.868+0000] {processor.py:208} INFO - Processing /home/airflow/.local/lib/python3.12/site-packages/airflow/example_dags/example_dag_decorator.py took 0.372 seconds
[2025-02-22T12:17:15.669+0000] {processor.py:186} INFO - Started process (PID=243) to work on /home/airflow/.local/lib/python3.12/site-packages/airflow/example_dags/example_dag_decorator.py
[2025-02-22T12:17:15.670+0000] {processor.py:914} INFO - Processing file /home/airflow/.local/lib/python3.12/site-packages/airflow/example_dags/example_dag_decorator.py for tasks to queue
[2025-02-22T12:17:15.673+0000] {logging_mixin.py:190} INFO - [2025-02-22T12:17:15.672+0000] {dagbag.py:588} INFO - Filling up the DagBag from /home/airflow/.local/lib/python3.12/site-packages/airflow/example_dags/example_dag_decorator.py
[2025-02-22T12:17:15.803+0000] {processor.py:925} INFO - DAG(s) 'example_dag_decorator' retrieved from /home/airflow/.local/lib/python3.12/site-packages/airflow/example_dags/example_dag_decorator.py
[2025-02-22T12:17:15.973+0000] {logging_mixin.py:190} INFO - [2025-02-22T12:17:15.973+0000] {dag.py:3239} INFO - Sync 1 DAGs
[2025-02-22T12:17:15.988+0000] {logging_mixin.py:190} INFO - [2025-02-22T12:17:15.987+0000] {dag.py:4180} INFO - Setting next_dagrun for example_dag_decorator to None, run_after=None
[2025-02-22T12:17:16.008+0000] {processor.py:208} INFO - Processing /home/airflow/.local/lib/python3.12/site-packages/airflow/example_dags/example_dag_decorator.py took 0.345 seconds
