[2025-02-22T12:15:38.601+0000] {processor.py:186} INFO - Started process (PID=47) to work on /home/airflow/.local/lib/python3.12/site-packages/airflow/example_dags/example_task_group.py
[2025-02-22T12:15:38.602+0000] {processor.py:914} INFO - Processing file /home/airflow/.local/lib/python3.12/site-packages/airflow/example_dags/example_task_group.py for tasks to queue
[2025-02-22T12:15:38.604+0000] {logging_mixin.py:190} INFO - [2025-02-22T12:15:38.604+0000] {dagbag.py:588} INFO - Filling up the DagBag from /home/airflow/.local/lib/python3.12/site-packages/airflow/example_dags/example_task_group.py
[2025-02-22T12:15:38.617+0000] {processor.py:925} INFO - DAG(s) 'example_task_group' retrieved from /home/airflow/.local/lib/python3.12/site-packages/airflow/example_dags/example_task_group.py
[2025-02-22T12:15:39.016+0000] {logging_mixin.py:190} INFO - [2025-02-22T12:15:39.015+0000] {override.py:1912} INFO - Created Permission View: can delete on DAG:example_task_group
[2025-02-22T12:15:39.041+0000] {logging_mixin.py:190} INFO - [2025-02-22T12:15:39.040+0000] {override.py:1912} INFO - Created Permission View: can edit on DAG:example_task_group
[2025-02-22T12:15:39.066+0000] {logging_mixin.py:190} INFO - [2025-02-22T12:15:39.065+0000] {override.py:1912} INFO - Created Permission View: can read on DAG:example_task_group
[2025-02-22T12:15:39.092+0000] {logging_mixin.py:190} INFO - [2025-02-22T12:15:39.091+0000] {override.py:1912} INFO - Created Permission View: can delete on DAG Run:example_task_group
[2025-02-22T12:15:39.111+0000] {logging_mixin.py:190} INFO - [2025-02-22T12:15:39.110+0000] {override.py:1912} INFO - Created Permission View: can create on DAG Run:example_task_group
[2025-02-22T12:15:39.127+0000] {logging_mixin.py:190} INFO - [2025-02-22T12:15:39.126+0000] {override.py:1912} INFO - Created Permission View: menu access on DAG Run:example_task_group
[2025-02-22T12:15:39.141+0000] {logging_mixin.py:190} INFO - [2025-02-22T12:15:39.140+0000] {override.py:1912} INFO - Created Permission View: can read on DAG Run:example_task_group
[2025-02-22T12:15:39.141+0000] {logging_mixin.py:190} INFO - [2025-02-22T12:15:39.141+0000] {dag.py:3239} INFO - Sync 1 DAGs
[2025-02-22T12:15:39.162+0000] {logging_mixin.py:190} INFO - [2025-02-22T12:15:39.162+0000] {dag.py:3262} INFO - Creating ORM DAG for example_task_group
[2025-02-22T12:15:39.163+0000] {logging_mixin.py:190} INFO - [2025-02-22T12:15:39.163+0000] {dag.py:4180} INFO - Setting next_dagrun for example_task_group to None, run_after=None
[2025-02-22T12:15:39.193+0000] {processor.py:208} INFO - Processing /home/airflow/.local/lib/python3.12/site-packages/airflow/example_dags/example_task_group.py took 0.601 seconds
[2025-02-22T12:16:09.973+0000] {processor.py:186} INFO - Started process (PID=110) to work on /home/airflow/.local/lib/python3.12/site-packages/airflow/example_dags/example_task_group.py
[2025-02-22T12:16:09.975+0000] {processor.py:914} INFO - Processing file /home/airflow/.local/lib/python3.12/site-packages/airflow/example_dags/example_task_group.py for tasks to queue
[2025-02-22T12:16:09.978+0000] {logging_mixin.py:190} INFO - [2025-02-22T12:16:09.977+0000] {dagbag.py:588} INFO - Filling up the DagBag from /home/airflow/.local/lib/python3.12/site-packages/airflow/example_dags/example_task_group.py
[2025-02-22T12:16:09.991+0000] {processor.py:925} INFO - DAG(s) 'example_task_group' retrieved from /home/airflow/.local/lib/python3.12/site-packages/airflow/example_dags/example_task_group.py
[2025-02-22T12:16:10.020+0000] {logging_mixin.py:190} INFO - [2025-02-22T12:16:10.019+0000] {dag.py:3239} INFO - Sync 1 DAGs
[2025-02-22T12:16:10.043+0000] {logging_mixin.py:190} INFO - [2025-02-22T12:16:10.043+0000] {dag.py:4180} INFO - Setting next_dagrun for example_task_group to None, run_after=None
[2025-02-22T12:16:10.076+0000] {processor.py:208} INFO - Processing /home/airflow/.local/lib/python3.12/site-packages/airflow/example_dags/example_task_group.py took 0.110 seconds
[2025-02-22T12:16:40.206+0000] {processor.py:186} INFO - Started process (PID=173) to work on /home/airflow/.local/lib/python3.12/site-packages/airflow/example_dags/example_task_group.py
[2025-02-22T12:16:40.207+0000] {processor.py:914} INFO - Processing file /home/airflow/.local/lib/python3.12/site-packages/airflow/example_dags/example_task_group.py for tasks to queue
[2025-02-22T12:16:40.209+0000] {logging_mixin.py:190} INFO - [2025-02-22T12:16:40.209+0000] {dagbag.py:588} INFO - Filling up the DagBag from /home/airflow/.local/lib/python3.12/site-packages/airflow/example_dags/example_task_group.py
[2025-02-22T12:16:40.220+0000] {processor.py:925} INFO - DAG(s) 'example_task_group' retrieved from /home/airflow/.local/lib/python3.12/site-packages/airflow/example_dags/example_task_group.py
[2025-02-22T12:16:40.245+0000] {logging_mixin.py:190} INFO - [2025-02-22T12:16:40.244+0000] {dag.py:3239} INFO - Sync 1 DAGs
[2025-02-22T12:16:40.262+0000] {logging_mixin.py:190} INFO - [2025-02-22T12:16:40.261+0000] {dag.py:4180} INFO - Setting next_dagrun for example_task_group to None, run_after=None
[2025-02-22T12:16:40.285+0000] {processor.py:208} INFO - Processing /home/airflow/.local/lib/python3.12/site-packages/airflow/example_dags/example_task_group.py took 0.086 seconds
[2025-02-22T12:17:11.110+0000] {processor.py:186} INFO - Started process (PID=236) to work on /home/airflow/.local/lib/python3.12/site-packages/airflow/example_dags/example_task_group.py
[2025-02-22T12:17:11.111+0000] {processor.py:914} INFO - Processing file /home/airflow/.local/lib/python3.12/site-packages/airflow/example_dags/example_task_group.py for tasks to queue
[2025-02-22T12:17:11.114+0000] {logging_mixin.py:190} INFO - [2025-02-22T12:17:11.114+0000] {dagbag.py:588} INFO - Filling up the DagBag from /home/airflow/.local/lib/python3.12/site-packages/airflow/example_dags/example_task_group.py
[2025-02-22T12:17:11.124+0000] {processor.py:925} INFO - DAG(s) 'example_task_group' retrieved from /home/airflow/.local/lib/python3.12/site-packages/airflow/example_dags/example_task_group.py
[2025-02-22T12:17:11.153+0000] {logging_mixin.py:190} INFO - [2025-02-22T12:17:11.153+0000] {dag.py:3239} INFO - Sync 1 DAGs
[2025-02-22T12:17:11.175+0000] {logging_mixin.py:190} INFO - [2025-02-22T12:17:11.175+0000] {dag.py:4180} INFO - Setting next_dagrun for example_task_group to None, run_after=None
[2025-02-22T12:17:11.202+0000] {processor.py:208} INFO - Processing /home/airflow/.local/lib/python3.12/site-packages/airflow/example_dags/example_task_group.py took 0.098 seconds
