[2025-02-22T12:15:44.339+0000] {processor.py:186} INFO - Started process (PID=60) to work on /home/airflow/.local/lib/python3.12/site-packages/airflow/example_dags/example_latest_only.py
[2025-02-22T12:15:44.345+0000] {processor.py:914} INFO - Processing file /home/airflow/.local/lib/python3.12/site-packages/airflow/example_dags/example_latest_only.py for tasks to queue
[2025-02-22T12:15:44.351+0000] {logging_mixin.py:190} INFO - [2025-02-22T12:15:44.351+0000] {dagbag.py:588} INFO - Filling up the DagBag from /home/airflow/.local/lib/python3.12/site-packages/airflow/example_dags/example_latest_only.py
[2025-02-22T12:15:44.373+0000] {processor.py:925} INFO - DAG(s) 'latest_only' retrieved from /home/airflow/.local/lib/python3.12/site-packages/airflow/example_dags/example_latest_only.py
[2025-02-22T12:15:44.588+0000] {logging_mixin.py:190} INFO - [2025-02-22T12:15:44.587+0000] {override.py:1912} INFO - Created Permission View: can delete on DAG:latest_only
[2025-02-22T12:15:44.602+0000] {logging_mixin.py:190} INFO - [2025-02-22T12:15:44.602+0000] {override.py:1912} INFO - Created Permission View: can edit on DAG:latest_only
[2025-02-22T12:15:44.610+0000] {logging_mixin.py:190} INFO - [2025-02-22T12:15:44.609+0000] {override.py:1912} INFO - Created Permission View: can read on DAG:latest_only
[2025-02-22T12:15:44.621+0000] {logging_mixin.py:190} INFO - [2025-02-22T12:15:44.620+0000] {override.py:1912} INFO - Created Permission View: can delete on DAG Run:latest_only
[2025-02-22T12:15:44.629+0000] {logging_mixin.py:190} INFO - [2025-02-22T12:15:44.628+0000] {override.py:1912} INFO - Created Permission View: can create on DAG Run:latest_only
[2025-02-22T12:15:44.638+0000] {logging_mixin.py:190} INFO - [2025-02-22T12:15:44.638+0000] {override.py:1912} INFO - Created Permission View: menu access on DAG Run:latest_only
[2025-02-22T12:15:44.648+0000] {logging_mixin.py:190} INFO - [2025-02-22T12:15:44.648+0000] {override.py:1912} INFO - Created Permission View: can read on DAG Run:latest_only
[2025-02-22T12:15:44.649+0000] {logging_mixin.py:190} INFO - [2025-02-22T12:15:44.648+0000] {dag.py:3239} INFO - Sync 1 DAGs
[2025-02-22T12:15:44.672+0000] {logging_mixin.py:190} INFO - [2025-02-22T12:15:44.672+0000] {dag.py:3262} INFO - Creating ORM DAG for latest_only
[2025-02-22T12:15:44.688+0000] {logging_mixin.py:190} INFO - [2025-02-22T12:15:44.687+0000] {dag.py:4180} INFO - Setting next_dagrun for latest_only to 2025-02-22 08:00:00+00:00, run_after=2025-02-22 12:00:00+00:00
[2025-02-22T12:15:44.713+0000] {processor.py:208} INFO - Processing /home/airflow/.local/lib/python3.12/site-packages/airflow/example_dags/example_latest_only.py took 0.397 seconds
[2025-02-22T12:16:15.236+0000] {processor.py:186} INFO - Started process (PID=123) to work on /home/airflow/.local/lib/python3.12/site-packages/airflow/example_dags/example_latest_only.py
[2025-02-22T12:16:15.237+0000] {processor.py:914} INFO - Processing file /home/airflow/.local/lib/python3.12/site-packages/airflow/example_dags/example_latest_only.py for tasks to queue
[2025-02-22T12:16:15.240+0000] {logging_mixin.py:190} INFO - [2025-02-22T12:16:15.239+0000] {dagbag.py:588} INFO - Filling up the DagBag from /home/airflow/.local/lib/python3.12/site-packages/airflow/example_dags/example_latest_only.py
[2025-02-22T12:16:15.248+0000] {processor.py:925} INFO - DAG(s) 'latest_only' retrieved from /home/airflow/.local/lib/python3.12/site-packages/airflow/example_dags/example_latest_only.py
[2025-02-22T12:16:15.274+0000] {logging_mixin.py:190} INFO - [2025-02-22T12:16:15.273+0000] {dag.py:3239} INFO - Sync 1 DAGs
[2025-02-22T12:16:15.309+0000] {logging_mixin.py:190} INFO - [2025-02-22T12:16:15.309+0000] {dag.py:4180} INFO - Setting next_dagrun for latest_only to 2025-02-22 08:00:00+00:00, run_after=2025-02-22 12:00:00+00:00
[2025-02-22T12:16:15.331+0000] {processor.py:208} INFO - Processing /home/airflow/.local/lib/python3.12/site-packages/airflow/example_dags/example_latest_only.py took 0.104 seconds
[2025-02-22T12:16:46.060+0000] {processor.py:186} INFO - Started process (PID=186) to work on /home/airflow/.local/lib/python3.12/site-packages/airflow/example_dags/example_latest_only.py
[2025-02-22T12:16:46.061+0000] {processor.py:914} INFO - Processing file /home/airflow/.local/lib/python3.12/site-packages/airflow/example_dags/example_latest_only.py for tasks to queue
[2025-02-22T12:16:46.063+0000] {logging_mixin.py:190} INFO - [2025-02-22T12:16:46.063+0000] {dagbag.py:588} INFO - Filling up the DagBag from /home/airflow/.local/lib/python3.12/site-packages/airflow/example_dags/example_latest_only.py
[2025-02-22T12:16:46.071+0000] {processor.py:925} INFO - DAG(s) 'latest_only' retrieved from /home/airflow/.local/lib/python3.12/site-packages/airflow/example_dags/example_latest_only.py
[2025-02-22T12:16:46.092+0000] {logging_mixin.py:190} INFO - [2025-02-22T12:16:46.091+0000] {dag.py:3239} INFO - Sync 1 DAGs
[2025-02-22T12:16:46.120+0000] {logging_mixin.py:190} INFO - [2025-02-22T12:16:46.120+0000] {dag.py:4180} INFO - Setting next_dagrun for latest_only to 2025-02-22 08:00:00+00:00, run_after=2025-02-22 12:00:00+00:00
[2025-02-22T12:16:46.143+0000] {processor.py:208} INFO - Processing /home/airflow/.local/lib/python3.12/site-packages/airflow/example_dags/example_latest_only.py took 0.090 seconds
[2025-02-22T12:17:17.047+0000] {processor.py:186} INFO - Started process (PID=248) to work on /home/airflow/.local/lib/python3.12/site-packages/airflow/example_dags/example_latest_only.py
[2025-02-22T12:17:17.048+0000] {processor.py:914} INFO - Processing file /home/airflow/.local/lib/python3.12/site-packages/airflow/example_dags/example_latest_only.py for tasks to queue
[2025-02-22T12:17:17.051+0000] {logging_mixin.py:190} INFO - [2025-02-22T12:17:17.050+0000] {dagbag.py:588} INFO - Filling up the DagBag from /home/airflow/.local/lib/python3.12/site-packages/airflow/example_dags/example_latest_only.py
[2025-02-22T12:17:17.059+0000] {processor.py:925} INFO - DAG(s) 'latest_only' retrieved from /home/airflow/.local/lib/python3.12/site-packages/airflow/example_dags/example_latest_only.py
[2025-02-22T12:17:17.084+0000] {logging_mixin.py:190} INFO - [2025-02-22T12:17:17.084+0000] {dag.py:3239} INFO - Sync 1 DAGs
[2025-02-22T12:17:17.121+0000] {logging_mixin.py:190} INFO - [2025-02-22T12:17:17.120+0000] {dag.py:4180} INFO - Setting next_dagrun for latest_only to 2025-02-22 08:00:00+00:00, run_after=2025-02-22 12:00:00+00:00
[2025-02-22T12:17:17.144+0000] {processor.py:208} INFO - Processing /home/airflow/.local/lib/python3.12/site-packages/airflow/example_dags/example_latest_only.py took 0.103 seconds
