[2025-02-22T12:15:48.352+0000] {processor.py:186} INFO - Started process (PID=77) to work on /home/airflow/.local/lib/python3.12/site-packages/airflow/example_dags/example_bash_operator.py
[2025-02-22T12:15:48.353+0000] {processor.py:914} INFO - Processing file /home/airflow/.local/lib/python3.12/site-packages/airflow/example_dags/example_bash_operator.py for tasks to queue
[2025-02-22T12:15:48.357+0000] {logging_mixin.py:190} INFO - [2025-02-22T12:15:48.357+0000] {dagbag.py:588} INFO - Filling up the DagBag from /home/airflow/.local/lib/python3.12/site-packages/airflow/example_dags/example_bash_operator.py
[2025-02-22T12:15:48.383+0000] {processor.py:925} INFO - DAG(s) 'example_bash_operator' retrieved from /home/airflow/.local/lib/python3.12/site-packages/airflow/example_dags/example_bash_operator.py
[2025-02-22T12:15:48.534+0000] {logging_mixin.py:190} INFO - [2025-02-22T12:15:48.533+0000] {override.py:1912} INFO - Created Permission View: can delete on DAG:example_bash_operator
[2025-02-22T12:15:48.546+0000] {logging_mixin.py:190} INFO - [2025-02-22T12:15:48.546+0000] {override.py:1912} INFO - Created Permission View: can edit on DAG:example_bash_operator
[2025-02-22T12:15:48.554+0000] {logging_mixin.py:190} INFO - [2025-02-22T12:15:48.553+0000] {override.py:1912} INFO - Created Permission View: can read on DAG:example_bash_operator
[2025-02-22T12:15:48.565+0000] {logging_mixin.py:190} INFO - [2025-02-22T12:15:48.565+0000] {override.py:1912} INFO - Created Permission View: can delete on DAG Run:example_bash_operator
[2025-02-22T12:15:48.573+0000] {logging_mixin.py:190} INFO - [2025-02-22T12:15:48.573+0000] {override.py:1912} INFO - Created Permission View: can create on DAG Run:example_bash_operator
[2025-02-22T12:15:48.581+0000] {logging_mixin.py:190} INFO - [2025-02-22T12:15:48.580+0000] {override.py:1912} INFO - Created Permission View: menu access on DAG Run:example_bash_operator
[2025-02-22T12:15:48.590+0000] {logging_mixin.py:190} INFO - [2025-02-22T12:15:48.590+0000] {override.py:1912} INFO - Created Permission View: can read on DAG Run:example_bash_operator
[2025-02-22T12:15:48.591+0000] {logging_mixin.py:190} INFO - [2025-02-22T12:15:48.591+0000] {dag.py:3239} INFO - Sync 1 DAGs
[2025-02-22T12:15:48.612+0000] {logging_mixin.py:190} INFO - [2025-02-22T12:15:48.612+0000] {dag.py:3262} INFO - Creating ORM DAG for example_bash_operator
[2025-02-22T12:15:48.630+0000] {logging_mixin.py:190} INFO - [2025-02-22T12:15:48.630+0000] {dag.py:4180} INFO - Setting next_dagrun for example_bash_operator to 2025-02-21 00:00:00+00:00, run_after=2025-02-22 00:00:00+00:00
[2025-02-22T12:15:48.678+0000] {processor.py:208} INFO - Processing /home/airflow/.local/lib/python3.12/site-packages/airflow/example_dags/example_bash_operator.py took 0.343 seconds
[2025-02-22T12:16:19.396+0000] {processor.py:186} INFO - Started process (PID=139) to work on /home/airflow/.local/lib/python3.12/site-packages/airflow/example_dags/example_bash_operator.py
[2025-02-22T12:16:19.590+0000] {processor.py:914} INFO - Processing file /home/airflow/.local/lib/python3.12/site-packages/airflow/example_dags/example_bash_operator.py for tasks to queue
[2025-02-22T12:16:19.593+0000] {logging_mixin.py:190} INFO - [2025-02-22T12:16:19.593+0000] {dagbag.py:588} INFO - Filling up the DagBag from /home/airflow/.local/lib/python3.12/site-packages/airflow/example_dags/example_bash_operator.py
[2025-02-22T12:16:19.608+0000] {processor.py:925} INFO - DAG(s) 'example_bash_operator' retrieved from /home/airflow/.local/lib/python3.12/site-packages/airflow/example_dags/example_bash_operator.py
[2025-02-22T12:16:19.639+0000] {logging_mixin.py:190} INFO - [2025-02-22T12:16:19.638+0000] {dag.py:3239} INFO - Sync 1 DAGs
[2025-02-22T12:16:19.667+0000] {logging_mixin.py:190} INFO - [2025-02-22T12:16:19.667+0000] {dag.py:4180} INFO - Setting next_dagrun for example_bash_operator to 2025-02-21 00:00:00+00:00, run_after=2025-02-22 00:00:00+00:00
[2025-02-22T12:16:19.714+0000] {processor.py:208} INFO - Processing /home/airflow/.local/lib/python3.12/site-packages/airflow/example_dags/example_bash_operator.py took 0.325 seconds
[2025-02-22T12:16:50.104+0000] {processor.py:186} INFO - Started process (PID=202) to work on /home/airflow/.local/lib/python3.12/site-packages/airflow/example_dags/example_bash_operator.py
[2025-02-22T12:16:50.105+0000] {processor.py:914} INFO - Processing file /home/airflow/.local/lib/python3.12/site-packages/airflow/example_dags/example_bash_operator.py for tasks to queue
[2025-02-22T12:16:50.108+0000] {logging_mixin.py:190} INFO - [2025-02-22T12:16:50.107+0000] {dagbag.py:588} INFO - Filling up the DagBag from /home/airflow/.local/lib/python3.12/site-packages/airflow/example_dags/example_bash_operator.py
[2025-02-22T12:16:50.123+0000] {processor.py:925} INFO - DAG(s) 'example_bash_operator' retrieved from /home/airflow/.local/lib/python3.12/site-packages/airflow/example_dags/example_bash_operator.py
[2025-02-22T12:16:50.167+0000] {logging_mixin.py:190} INFO - [2025-02-22T12:16:50.167+0000] {dag.py:3239} INFO - Sync 1 DAGs
[2025-02-22T12:16:50.208+0000] {logging_mixin.py:190} INFO - [2025-02-22T12:16:50.208+0000] {dag.py:4180} INFO - Setting next_dagrun for example_bash_operator to 2025-02-21 00:00:00+00:00, run_after=2025-02-22 00:00:00+00:00
[2025-02-22T12:16:50.234+0000] {processor.py:208} INFO - Processing /home/airflow/.local/lib/python3.12/site-packages/airflow/example_dags/example_bash_operator.py took 0.136 seconds
[2025-02-22T12:17:20.499+0000] {processor.py:186} INFO - Started process (PID=265) to work on /home/airflow/.local/lib/python3.12/site-packages/airflow/example_dags/example_bash_operator.py
[2025-02-22T12:17:20.499+0000] {processor.py:914} INFO - Processing file /home/airflow/.local/lib/python3.12/site-packages/airflow/example_dags/example_bash_operator.py for tasks to queue
[2025-02-22T12:17:20.501+0000] {logging_mixin.py:190} INFO - [2025-02-22T12:17:20.501+0000] {dagbag.py:588} INFO - Filling up the DagBag from /home/airflow/.local/lib/python3.12/site-packages/airflow/example_dags/example_bash_operator.py
[2025-02-22T12:17:20.516+0000] {processor.py:925} INFO - DAG(s) 'example_bash_operator' retrieved from /home/airflow/.local/lib/python3.12/site-packages/airflow/example_dags/example_bash_operator.py
[2025-02-22T12:17:20.548+0000] {logging_mixin.py:190} INFO - [2025-02-22T12:17:20.547+0000] {dag.py:3239} INFO - Sync 1 DAGs
[2025-02-22T12:17:20.581+0000] {logging_mixin.py:190} INFO - [2025-02-22T12:17:20.581+0000] {dag.py:4180} INFO - Setting next_dagrun for example_bash_operator to 2025-02-21 00:00:00+00:00, run_after=2025-02-22 00:00:00+00:00
[2025-02-22T12:17:20.611+0000] {processor.py:208} INFO - Processing /home/airflow/.local/lib/python3.12/site-packages/airflow/example_dags/example_bash_operator.py took 0.119 seconds
