[2025-02-22T12:15:45.804+0000] {processor.py:186} INFO - Started process (PID=68) to work on /home/airflow/.local/lib/python3.12/site-packages/airflow/example_dags/example_branch_labels.py
[2025-02-22T12:15:45.805+0000] {processor.py:914} INFO - Processing file /home/airflow/.local/lib/python3.12/site-packages/airflow/example_dags/example_branch_labels.py for tasks to queue
[2025-02-22T12:15:45.808+0000] {logging_mixin.py:190} INFO - [2025-02-22T12:15:45.808+0000] {dagbag.py:588} INFO - Filling up the DagBag from /home/airflow/.local/lib/python3.12/site-packages/airflow/example_dags/example_branch_labels.py
[2025-02-22T12:15:45.820+0000] {processor.py:925} INFO - DAG(s) 'example_branch_labels' retrieved from /home/airflow/.local/lib/python3.12/site-packages/airflow/example_dags/example_branch_labels.py
[2025-02-22T12:15:46.215+0000] {logging_mixin.py:190} INFO - [2025-02-22T12:15:46.214+0000] {override.py:1912} INFO - Created Permission View: can delete on DAG:example_branch_labels
[2025-02-22T12:15:46.230+0000] {logging_mixin.py:190} INFO - [2025-02-22T12:15:46.229+0000] {override.py:1912} INFO - Created Permission View: can edit on DAG:example_branch_labels
[2025-02-22T12:15:46.241+0000] {logging_mixin.py:190} INFO - [2025-02-22T12:15:46.240+0000] {override.py:1912} INFO - Created Permission View: can read on DAG:example_branch_labels
[2025-02-22T12:15:46.255+0000] {logging_mixin.py:190} INFO - [2025-02-22T12:15:46.254+0000] {override.py:1912} INFO - Created Permission View: can delete on DAG Run:example_branch_labels
[2025-02-22T12:15:46.269+0000] {logging_mixin.py:190} INFO - [2025-02-22T12:15:46.268+0000] {override.py:1912} INFO - Created Permission View: can create on DAG Run:example_branch_labels
[2025-02-22T12:15:46.288+0000] {logging_mixin.py:190} INFO - [2025-02-22T12:15:46.288+0000] {override.py:1912} INFO - Created Permission View: menu access on DAG Run:example_branch_labels
[2025-02-22T12:15:46.319+0000] {logging_mixin.py:190} INFO - [2025-02-22T12:15:46.318+0000] {override.py:1912} INFO - Created Permission View: can read on DAG Run:example_branch_labels
[2025-02-22T12:15:46.320+0000] {logging_mixin.py:190} INFO - [2025-02-22T12:15:46.320+0000] {dag.py:3239} INFO - Sync 1 DAGs
[2025-02-22T12:15:46.347+0000] {logging_mixin.py:190} INFO - [2025-02-22T12:15:46.347+0000] {dag.py:3262} INFO - Creating ORM DAG for example_branch_labels
[2025-02-22T12:15:46.367+0000] {logging_mixin.py:190} INFO - [2025-02-22T12:15:46.367+0000] {dag.py:4180} INFO - Setting next_dagrun for example_branch_labels to 2025-02-21 00:00:00+00:00, run_after=2025-02-22 00:00:00+00:00
[2025-02-22T12:15:46.398+0000] {processor.py:208} INFO - Processing /home/airflow/.local/lib/python3.12/site-packages/airflow/example_dags/example_branch_labels.py took 0.602 seconds
[2025-02-22T12:16:16.894+0000] {processor.py:186} INFO - Started process (PID=130) to work on /home/airflow/.local/lib/python3.12/site-packages/airflow/example_dags/example_branch_labels.py
[2025-02-22T12:16:16.917+0000] {processor.py:914} INFO - Processing file /home/airflow/.local/lib/python3.12/site-packages/airflow/example_dags/example_branch_labels.py for tasks to queue
[2025-02-22T12:16:16.920+0000] {logging_mixin.py:190} INFO - [2025-02-22T12:16:16.919+0000] {dagbag.py:588} INFO - Filling up the DagBag from /home/airflow/.local/lib/python3.12/site-packages/airflow/example_dags/example_branch_labels.py
[2025-02-22T12:16:16.934+0000] {processor.py:925} INFO - DAG(s) 'example_branch_labels' retrieved from /home/airflow/.local/lib/python3.12/site-packages/airflow/example_dags/example_branch_labels.py
[2025-02-22T12:16:16.963+0000] {logging_mixin.py:190} INFO - [2025-02-22T12:16:16.963+0000] {dag.py:3239} INFO - Sync 1 DAGs
[2025-02-22T12:16:17.004+0000] {logging_mixin.py:190} INFO - [2025-02-22T12:16:17.004+0000] {dag.py:4180} INFO - Setting next_dagrun for example_branch_labels to 2025-02-21 00:00:00+00:00, run_after=2025-02-22 00:00:00+00:00
[2025-02-22T12:16:17.036+0000] {processor.py:208} INFO - Processing /home/airflow/.local/lib/python3.12/site-packages/airflow/example_dags/example_branch_labels.py took 0.151 seconds
[2025-02-22T12:16:47.098+0000] {processor.py:186} INFO - Started process (PID=194) to work on /home/airflow/.local/lib/python3.12/site-packages/airflow/example_dags/example_branch_labels.py
[2025-02-22T12:16:47.100+0000] {processor.py:914} INFO - Processing file /home/airflow/.local/lib/python3.12/site-packages/airflow/example_dags/example_branch_labels.py for tasks to queue
[2025-02-22T12:16:47.103+0000] {logging_mixin.py:190} INFO - [2025-02-22T12:16:47.103+0000] {dagbag.py:588} INFO - Filling up the DagBag from /home/airflow/.local/lib/python3.12/site-packages/airflow/example_dags/example_branch_labels.py
[2025-02-22T12:16:47.118+0000] {processor.py:925} INFO - DAG(s) 'example_branch_labels' retrieved from /home/airflow/.local/lib/python3.12/site-packages/airflow/example_dags/example_branch_labels.py
[2025-02-22T12:16:47.144+0000] {logging_mixin.py:190} INFO - [2025-02-22T12:16:47.144+0000] {dag.py:3239} INFO - Sync 1 DAGs
[2025-02-22T12:16:47.178+0000] {logging_mixin.py:190} INFO - [2025-02-22T12:16:47.178+0000] {dag.py:4180} INFO - Setting next_dagrun for example_branch_labels to 2025-02-21 00:00:00+00:00, run_after=2025-02-22 00:00:00+00:00
[2025-02-22T12:16:47.202+0000] {processor.py:208} INFO - Processing /home/airflow/.local/lib/python3.12/site-packages/airflow/example_dags/example_branch_labels.py took 0.113 seconds
[2025-02-22T12:17:17.707+0000] {processor.py:186} INFO - Started process (PID=256) to work on /home/airflow/.local/lib/python3.12/site-packages/airflow/example_dags/example_branch_labels.py
[2025-02-22T12:17:17.708+0000] {processor.py:914} INFO - Processing file /home/airflow/.local/lib/python3.12/site-packages/airflow/example_dags/example_branch_labels.py for tasks to queue
[2025-02-22T12:17:17.710+0000] {logging_mixin.py:190} INFO - [2025-02-22T12:17:17.710+0000] {dagbag.py:588} INFO - Filling up the DagBag from /home/airflow/.local/lib/python3.12/site-packages/airflow/example_dags/example_branch_labels.py
[2025-02-22T12:17:17.721+0000] {processor.py:925} INFO - DAG(s) 'example_branch_labels' retrieved from /home/airflow/.local/lib/python3.12/site-packages/airflow/example_dags/example_branch_labels.py
[2025-02-22T12:17:17.751+0000] {logging_mixin.py:190} INFO - [2025-02-22T12:17:17.750+0000] {dag.py:3239} INFO - Sync 1 DAGs
[2025-02-22T12:17:17.792+0000] {logging_mixin.py:190} INFO - [2025-02-22T12:17:17.792+0000] {dag.py:4180} INFO - Setting next_dagrun for example_branch_labels to 2025-02-21 00:00:00+00:00, run_after=2025-02-22 00:00:00+00:00
[2025-02-22T12:17:17.822+0000] {processor.py:208} INFO - Processing /home/airflow/.local/lib/python3.12/site-packages/airflow/example_dags/example_branch_labels.py took 0.121 seconds
