[2025-02-22T12:15:47.708+0000] {processor.py:186} INFO - Started process (PID=75) to work on /home/airflow/.local/lib/python3.12/site-packages/airflow/example_dags/example_datasets.py
[2025-02-22T12:15:47.709+0000] {processor.py:914} INFO - Processing file /home/airflow/.local/lib/python3.12/site-packages/airflow/example_dags/example_datasets.py for tasks to queue
[2025-02-22T12:15:47.712+0000] {logging_mixin.py:190} INFO - [2025-02-22T12:15:47.711+0000] {dagbag.py:588} INFO - Filling up the DagBag from /home/airflow/.local/lib/python3.12/site-packages/airflow/example_dags/example_datasets.py
[2025-02-22T12:15:48.556+0000] {processor.py:925} INFO - DAG(s) 'dataset_produces_1', 'dataset_consumes_1_never_scheduled', 'consume_1_or_2_with_dataset_expressions', 'consume_1_and_2_with_dataset_expressions', 'dataset_produces_2', 'dataset_consumes_1_and_2', 'conditional_dataset_and_time_based_timetable', 'dataset_consumes_1', 'dataset_consumes_unknown_never_scheduled', 'consume_1_or_both_2_and_3_with_dataset_expressions' retrieved from /home/airflow/.local/lib/python3.12/site-packages/airflow/example_dags/example_datasets.py
[2025-02-22T12:15:48.707+0000] {logging_mixin.py:190} INFO - [2025-02-22T12:15:48.706+0000] {override.py:1912} INFO - Created Permission View: can delete on DAG:dataset_produces_1
[2025-02-22T12:15:48.728+0000] {logging_mixin.py:190} INFO - [2025-02-22T12:15:48.727+0000] {override.py:1912} INFO - Created Permission View: can edit on DAG:dataset_produces_1
[2025-02-22T12:15:48.742+0000] {logging_mixin.py:190} INFO - [2025-02-22T12:15:48.742+0000] {override.py:1912} INFO - Created Permission View: can read on DAG:dataset_produces_1
[2025-02-22T12:15:48.757+0000] {logging_mixin.py:190} INFO - [2025-02-22T12:15:48.756+0000] {override.py:1912} INFO - Created Permission View: can delete on DAG Run:dataset_produces_1
[2025-02-22T12:15:48.769+0000] {logging_mixin.py:190} INFO - [2025-02-22T12:15:48.768+0000] {override.py:1912} INFO - Created Permission View: can create on DAG Run:dataset_produces_1
[2025-02-22T12:15:48.785+0000] {logging_mixin.py:190} INFO - [2025-02-22T12:15:48.784+0000] {override.py:1912} INFO - Created Permission View: menu access on DAG Run:dataset_produces_1
[2025-02-22T12:15:48.798+0000] {logging_mixin.py:190} INFO - [2025-02-22T12:15:48.798+0000] {override.py:1912} INFO - Created Permission View: can read on DAG Run:dataset_produces_1
[2025-02-22T12:15:48.823+0000] {logging_mixin.py:190} INFO - [2025-02-22T12:15:48.822+0000] {override.py:1912} INFO - Created Permission View: can delete on DAG:dataset_consumes_1_never_scheduled
[2025-02-22T12:15:48.834+0000] {logging_mixin.py:190} INFO - [2025-02-22T12:15:48.834+0000] {override.py:1912} INFO - Created Permission View: can edit on DAG:dataset_consumes_1_never_scheduled
[2025-02-22T12:15:48.847+0000] {logging_mixin.py:190} INFO - [2025-02-22T12:15:48.846+0000] {override.py:1912} INFO - Created Permission View: can read on DAG:dataset_consumes_1_never_scheduled
[2025-02-22T12:15:48.862+0000] {logging_mixin.py:190} INFO - [2025-02-22T12:15:48.861+0000] {override.py:1912} INFO - Created Permission View: can delete on DAG Run:dataset_consumes_1_never_scheduled
[2025-02-22T12:15:48.874+0000] {logging_mixin.py:190} INFO - [2025-02-22T12:15:48.874+0000] {override.py:1912} INFO - Created Permission View: can create on DAG Run:dataset_consumes_1_never_scheduled
[2025-02-22T12:15:48.885+0000] {logging_mixin.py:190} INFO - [2025-02-22T12:15:48.885+0000] {override.py:1912} INFO - Created Permission View: menu access on DAG Run:dataset_consumes_1_never_scheduled
[2025-02-22T12:15:48.896+0000] {logging_mixin.py:190} INFO - [2025-02-22T12:15:48.896+0000] {override.py:1912} INFO - Created Permission View: can read on DAG Run:dataset_consumes_1_never_scheduled
[2025-02-22T12:15:48.919+0000] {logging_mixin.py:190} INFO - [2025-02-22T12:15:48.918+0000] {override.py:1912} INFO - Created Permission View: can delete on DAG:consume_1_or_2_with_dataset_expressions
[2025-02-22T12:15:48.930+0000] {logging_mixin.py:190} INFO - [2025-02-22T12:15:48.929+0000] {override.py:1912} INFO - Created Permission View: can edit on DAG:consume_1_or_2_with_dataset_expressions
[2025-02-22T12:15:48.941+0000] {logging_mixin.py:190} INFO - [2025-02-22T12:15:48.940+0000] {override.py:1912} INFO - Created Permission View: can read on DAG:consume_1_or_2_with_dataset_expressions
[2025-02-22T12:15:48.953+0000] {logging_mixin.py:190} INFO - [2025-02-22T12:15:48.953+0000] {override.py:1912} INFO - Created Permission View: can delete on DAG Run:consume_1_or_2_with_dataset_expressions
[2025-02-22T12:15:48.965+0000] {logging_mixin.py:190} INFO - [2025-02-22T12:15:48.964+0000] {override.py:1912} INFO - Created Permission View: can create on DAG Run:consume_1_or_2_with_dataset_expressions
[2025-02-22T12:15:48.975+0000] {logging_mixin.py:190} INFO - [2025-02-22T12:15:48.975+0000] {override.py:1912} INFO - Created Permission View: menu access on DAG Run:consume_1_or_2_with_dataset_expressions
[2025-02-22T12:15:48.986+0000] {logging_mixin.py:190} INFO - [2025-02-22T12:15:48.985+0000] {override.py:1912} INFO - Created Permission View: can read on DAG Run:consume_1_or_2_with_dataset_expressions
[2025-02-22T12:15:49.007+0000] {logging_mixin.py:190} INFO - [2025-02-22T12:15:49.006+0000] {override.py:1912} INFO - Created Permission View: can delete on DAG:consume_1_and_2_with_dataset_expressions
[2025-02-22T12:15:49.018+0000] {logging_mixin.py:190} INFO - [2025-02-22T12:15:49.018+0000] {override.py:1912} INFO - Created Permission View: can edit on DAG:consume_1_and_2_with_dataset_expressions
[2025-02-22T12:15:49.029+0000] {logging_mixin.py:190} INFO - [2025-02-22T12:15:49.028+0000] {override.py:1912} INFO - Created Permission View: can read on DAG:consume_1_and_2_with_dataset_expressions
[2025-02-22T12:15:49.042+0000] {logging_mixin.py:190} INFO - [2025-02-22T12:15:49.041+0000] {override.py:1912} INFO - Created Permission View: can delete on DAG Run:consume_1_and_2_with_dataset_expressions
[2025-02-22T12:15:49.053+0000] {logging_mixin.py:190} INFO - [2025-02-22T12:15:49.053+0000] {override.py:1912} INFO - Created Permission View: can create on DAG Run:consume_1_and_2_with_dataset_expressions
[2025-02-22T12:15:49.064+0000] {logging_mixin.py:190} INFO - [2025-02-22T12:15:49.063+0000] {override.py:1912} INFO - Created Permission View: menu access on DAG Run:consume_1_and_2_with_dataset_expressions
[2025-02-22T12:15:49.075+0000] {logging_mixin.py:190} INFO - [2025-02-22T12:15:49.075+0000] {override.py:1912} INFO - Created Permission View: can read on DAG Run:consume_1_and_2_with_dataset_expressions
[2025-02-22T12:15:49.097+0000] {logging_mixin.py:190} INFO - [2025-02-22T12:15:49.097+0000] {override.py:1912} INFO - Created Permission View: can delete on DAG:dataset_produces_2
[2025-02-22T12:15:49.120+0000] {logging_mixin.py:190} INFO - [2025-02-22T12:15:49.119+0000] {override.py:1912} INFO - Created Permission View: can edit on DAG:dataset_produces_2
[2025-02-22T12:15:49.131+0000] {logging_mixin.py:190} INFO - [2025-02-22T12:15:49.130+0000] {override.py:1912} INFO - Created Permission View: can read on DAG:dataset_produces_2
[2025-02-22T12:15:49.153+0000] {logging_mixin.py:190} INFO - [2025-02-22T12:15:49.153+0000] {override.py:1912} INFO - Created Permission View: can delete on DAG Run:dataset_produces_2
[2025-02-22T12:15:49.165+0000] {logging_mixin.py:190} INFO - [2025-02-22T12:15:49.165+0000] {override.py:1912} INFO - Created Permission View: can create on DAG Run:dataset_produces_2
[2025-02-22T12:15:49.175+0000] {logging_mixin.py:190} INFO - [2025-02-22T12:15:49.175+0000] {override.py:1912} INFO - Created Permission View: menu access on DAG Run:dataset_produces_2
[2025-02-22T12:15:49.188+0000] {logging_mixin.py:190} INFO - [2025-02-22T12:15:49.188+0000] {override.py:1912} INFO - Created Permission View: can read on DAG Run:dataset_produces_2
[2025-02-22T12:15:49.209+0000] {logging_mixin.py:190} INFO - [2025-02-22T12:15:49.209+0000] {override.py:1912} INFO - Created Permission View: can delete on DAG:dataset_consumes_1_and_2
[2025-02-22T12:15:49.222+0000] {logging_mixin.py:190} INFO - [2025-02-22T12:15:49.221+0000] {override.py:1912} INFO - Created Permission View: can edit on DAG:dataset_consumes_1_and_2
[2025-02-22T12:15:49.232+0000] {logging_mixin.py:190} INFO - [2025-02-22T12:15:49.232+0000] {override.py:1912} INFO - Created Permission View: can read on DAG:dataset_consumes_1_and_2
[2025-02-22T12:15:49.246+0000] {logging_mixin.py:190} INFO - [2025-02-22T12:15:49.246+0000] {override.py:1912} INFO - Created Permission View: can delete on DAG Run:dataset_consumes_1_and_2
[2025-02-22T12:15:49.256+0000] {logging_mixin.py:190} INFO - [2025-02-22T12:15:49.255+0000] {override.py:1912} INFO - Created Permission View: can create on DAG Run:dataset_consumes_1_and_2
[2025-02-22T12:15:49.268+0000] {logging_mixin.py:190} INFO - [2025-02-22T12:15:49.268+0000] {override.py:1912} INFO - Created Permission View: menu access on DAG Run:dataset_consumes_1_and_2
[2025-02-22T12:15:49.280+0000] {logging_mixin.py:190} INFO - [2025-02-22T12:15:49.280+0000] {override.py:1912} INFO - Created Permission View: can read on DAG Run:dataset_consumes_1_and_2
[2025-02-22T12:15:49.300+0000] {logging_mixin.py:190} INFO - [2025-02-22T12:15:49.299+0000] {override.py:1912} INFO - Created Permission View: can delete on DAG:conditional_dataset_and_time_based_timetable
[2025-02-22T12:15:49.310+0000] {logging_mixin.py:190} INFO - [2025-02-22T12:15:49.310+0000] {override.py:1912} INFO - Created Permission View: can edit on DAG:conditional_dataset_and_time_based_timetable
[2025-02-22T12:15:49.321+0000] {logging_mixin.py:190} INFO - [2025-02-22T12:15:49.321+0000] {override.py:1912} INFO - Created Permission View: can read on DAG:conditional_dataset_and_time_based_timetable
[2025-02-22T12:15:49.334+0000] {logging_mixin.py:190} INFO - [2025-02-22T12:15:49.333+0000] {override.py:1912} INFO - Created Permission View: can delete on DAG Run:conditional_dataset_and_time_based_timetable
[2025-02-22T12:15:49.346+0000] {logging_mixin.py:190} INFO - [2025-02-22T12:15:49.345+0000] {override.py:1912} INFO - Created Permission View: can create on DAG Run:conditional_dataset_and_time_based_timetable
[2025-02-22T12:15:49.359+0000] {logging_mixin.py:190} INFO - [2025-02-22T12:15:49.359+0000] {override.py:1912} INFO - Created Permission View: menu access on DAG Run:conditional_dataset_and_time_based_timetable
[2025-02-22T12:15:49.369+0000] {logging_mixin.py:190} INFO - [2025-02-22T12:15:49.368+0000] {override.py:1912} INFO - Created Permission View: can read on DAG Run:conditional_dataset_and_time_based_timetable
[2025-02-22T12:15:49.399+0000] {logging_mixin.py:190} INFO - [2025-02-22T12:15:49.398+0000] {override.py:1912} INFO - Created Permission View: can delete on DAG:dataset_consumes_1
[2025-02-22T12:15:49.414+0000] {logging_mixin.py:190} INFO - [2025-02-22T12:15:49.414+0000] {override.py:1912} INFO - Created Permission View: can edit on DAG:dataset_consumes_1
[2025-02-22T12:15:49.428+0000] {logging_mixin.py:190} INFO - [2025-02-22T12:15:49.427+0000] {override.py:1912} INFO - Created Permission View: can read on DAG:dataset_consumes_1
[2025-02-22T12:15:49.442+0000] {logging_mixin.py:190} INFO - [2025-02-22T12:15:49.441+0000] {override.py:1912} INFO - Created Permission View: can delete on DAG Run:dataset_consumes_1
[2025-02-22T12:15:49.454+0000] {logging_mixin.py:190} INFO - [2025-02-22T12:15:49.453+0000] {override.py:1912} INFO - Created Permission View: can create on DAG Run:dataset_consumes_1
[2025-02-22T12:15:49.466+0000] {logging_mixin.py:190} INFO - [2025-02-22T12:15:49.465+0000] {override.py:1912} INFO - Created Permission View: menu access on DAG Run:dataset_consumes_1
[2025-02-22T12:15:49.477+0000] {logging_mixin.py:190} INFO - [2025-02-22T12:15:49.477+0000] {override.py:1912} INFO - Created Permission View: can read on DAG Run:dataset_consumes_1
[2025-02-22T12:15:49.498+0000] {logging_mixin.py:190} INFO - [2025-02-22T12:15:49.498+0000] {override.py:1912} INFO - Created Permission View: can delete on DAG:dataset_consumes_unknown_never_scheduled
[2025-02-22T12:15:49.509+0000] {logging_mixin.py:190} INFO - [2025-02-22T12:15:49.508+0000] {override.py:1912} INFO - Created Permission View: can edit on DAG:dataset_consumes_unknown_never_scheduled
[2025-02-22T12:15:49.521+0000] {logging_mixin.py:190} INFO - [2025-02-22T12:15:49.520+0000] {override.py:1912} INFO - Created Permission View: can read on DAG:dataset_consumes_unknown_never_scheduled
[2025-02-22T12:15:49.538+0000] {logging_mixin.py:190} INFO - [2025-02-22T12:15:49.538+0000] {override.py:1912} INFO - Created Permission View: can delete on DAG Run:dataset_consumes_unknown_never_scheduled
[2025-02-22T12:15:49.556+0000] {logging_mixin.py:190} INFO - [2025-02-22T12:15:49.555+0000] {override.py:1912} INFO - Created Permission View: can create on DAG Run:dataset_consumes_unknown_never_scheduled
[2025-02-22T12:15:49.569+0000] {logging_mixin.py:190} INFO - [2025-02-22T12:15:49.569+0000] {override.py:1912} INFO - Created Permission View: menu access on DAG Run:dataset_consumes_unknown_never_scheduled
[2025-02-22T12:15:49.588+0000] {logging_mixin.py:190} INFO - [2025-02-22T12:15:49.587+0000] {override.py:1912} INFO - Created Permission View: can read on DAG Run:dataset_consumes_unknown_never_scheduled
[2025-02-22T12:15:49.628+0000] {logging_mixin.py:190} INFO - [2025-02-22T12:15:49.628+0000] {override.py:1912} INFO - Created Permission View: can delete on DAG:consume_1_or_both_2_and_3_with_dataset_expressions
[2025-02-22T12:15:49.651+0000] {logging_mixin.py:190} INFO - [2025-02-22T12:15:49.650+0000] {override.py:1912} INFO - Created Permission View: can edit on DAG:consume_1_or_both_2_and_3_with_dataset_expressions
[2025-02-22T12:15:49.673+0000] {logging_mixin.py:190} INFO - [2025-02-22T12:15:49.673+0000] {override.py:1912} INFO - Created Permission View: can read on DAG:consume_1_or_both_2_and_3_with_dataset_expressions
[2025-02-22T12:15:49.691+0000] {logging_mixin.py:190} INFO - [2025-02-22T12:15:49.686+0000] {override.py:1912} INFO - Created Permission View: can delete on DAG Run:consume_1_or_both_2_and_3_with_dataset_expressions
[2025-02-22T12:15:49.707+0000] {logging_mixin.py:190} INFO - [2025-02-22T12:15:49.706+0000] {override.py:1912} INFO - Created Permission View: can create on DAG Run:consume_1_or_both_2_and_3_with_dataset_expressions
[2025-02-22T12:15:49.719+0000] {logging_mixin.py:190} INFO - [2025-02-22T12:15:49.718+0000] {override.py:1912} INFO - Created Permission View: menu access on DAG Run:consume_1_or_both_2_and_3_with_dataset_expressions
[2025-02-22T12:15:49.729+0000] {logging_mixin.py:190} INFO - [2025-02-22T12:15:49.728+0000] {override.py:1912} INFO - Created Permission View: can read on DAG Run:consume_1_or_both_2_and_3_with_dataset_expressions
[2025-02-22T12:15:49.729+0000] {logging_mixin.py:190} INFO - [2025-02-22T12:15:49.729+0000] {dag.py:3239} INFO - Sync 10 DAGs
[2025-02-22T12:15:49.753+0000] {logging_mixin.py:190} INFO - [2025-02-22T12:15:49.752+0000] {dag.py:3262} INFO - Creating ORM DAG for dataset_consumes_unknown_never_scheduled
[2025-02-22T12:15:49.755+0000] {logging_mixin.py:190} INFO - [2025-02-22T12:15:49.754+0000] {dag.py:3262} INFO - Creating ORM DAG for consume_1_and_2_with_dataset_expressions
[2025-02-22T12:15:49.756+0000] {logging_mixin.py:190} INFO - [2025-02-22T12:15:49.755+0000] {dag.py:3262} INFO - Creating ORM DAG for dataset_produces_2
[2025-02-22T12:15:49.757+0000] {logging_mixin.py:190} INFO - [2025-02-22T12:15:49.756+0000] {dag.py:3262} INFO - Creating ORM DAG for conditional_dataset_and_time_based_timetable
[2025-02-22T12:15:49.758+0000] {logging_mixin.py:190} INFO - [2025-02-22T12:15:49.757+0000] {dag.py:3262} INFO - Creating ORM DAG for consume_1_or_both_2_and_3_with_dataset_expressions
[2025-02-22T12:15:49.759+0000] {logging_mixin.py:190} INFO - [2025-02-22T12:15:49.758+0000] {dag.py:3262} INFO - Creating ORM DAG for dataset_consumes_1_never_scheduled
[2025-02-22T12:15:49.760+0000] {logging_mixin.py:190} INFO - [2025-02-22T12:15:49.760+0000] {dag.py:3262} INFO - Creating ORM DAG for consume_1_or_2_with_dataset_expressions
[2025-02-22T12:15:49.761+0000] {logging_mixin.py:190} INFO - [2025-02-22T12:15:49.761+0000] {dag.py:3262} INFO - Creating ORM DAG for dataset_produces_1
[2025-02-22T12:15:49.762+0000] {logging_mixin.py:190} INFO - [2025-02-22T12:15:49.762+0000] {dag.py:3262} INFO - Creating ORM DAG for dataset_consumes_1
[2025-02-22T12:15:49.763+0000] {logging_mixin.py:190} INFO - [2025-02-22T12:15:49.763+0000] {dag.py:3262} INFO - Creating ORM DAG for dataset_consumes_1_and_2
[2025-02-22T12:15:49.781+0000] {logging_mixin.py:190} INFO - [2025-02-22T12:15:49.780+0000] {dag.py:4180} INFO - Setting next_dagrun for conditional_dataset_and_time_based_timetable to 2025-02-19 01:00:00+00:00, run_after=2025-02-19 01:00:00+00:00
[2025-02-22T12:15:49.782+0000] {logging_mixin.py:190} INFO - [2025-02-22T12:15:49.782+0000] {dag.py:4180} INFO - Setting next_dagrun for consume_1_and_2_with_dataset_expressions to None, run_after=None
[2025-02-22T12:15:49.782+0000] {logging_mixin.py:190} INFO - [2025-02-22T12:15:49.782+0000] {dag.py:4180} INFO - Setting next_dagrun for consume_1_or_2_with_dataset_expressions to None, run_after=None
[2025-02-22T12:15:49.783+0000] {logging_mixin.py:190} INFO - [2025-02-22T12:15:49.783+0000] {dag.py:4180} INFO - Setting next_dagrun for consume_1_or_both_2_and_3_with_dataset_expressions to None, run_after=None
[2025-02-22T12:15:49.784+0000] {logging_mixin.py:190} INFO - [2025-02-22T12:15:49.783+0000] {dag.py:4180} INFO - Setting next_dagrun for dataset_consumes_1 to None, run_after=None
[2025-02-22T12:15:49.785+0000] {logging_mixin.py:190} INFO - [2025-02-22T12:15:49.784+0000] {dag.py:4180} INFO - Setting next_dagrun for dataset_consumes_1_and_2 to None, run_after=None
[2025-02-22T12:15:49.786+0000] {logging_mixin.py:190} INFO - [2025-02-22T12:15:49.785+0000] {dag.py:4180} INFO - Setting next_dagrun for dataset_consumes_1_never_scheduled to None, run_after=None
[2025-02-22T12:15:49.787+0000] {logging_mixin.py:190} INFO - [2025-02-22T12:15:49.786+0000] {dag.py:4180} INFO - Setting next_dagrun for dataset_consumes_unknown_never_scheduled to None, run_after=None
[2025-02-22T12:15:49.790+0000] {logging_mixin.py:190} INFO - [2025-02-22T12:15:49.790+0000] {dag.py:4180} INFO - Setting next_dagrun for dataset_produces_1 to 2025-02-21 00:00:00+00:00, run_after=2025-02-22 00:00:00+00:00
[2025-02-22T12:15:49.791+0000] {logging_mixin.py:190} INFO - [2025-02-22T12:15:49.791+0000] {dag.py:4180} INFO - Setting next_dagrun for dataset_produces_2 to None, run_after=None
[2025-02-22T12:15:49.854+0000] {processor.py:208} INFO - Processing /home/airflow/.local/lib/python3.12/site-packages/airflow/example_dags/example_datasets.py took 2.156 seconds
[2025-02-22T12:16:20.566+0000] {processor.py:186} INFO - Started process (PID=140) to work on /home/airflow/.local/lib/python3.12/site-packages/airflow/example_dags/example_datasets.py
[2025-02-22T12:16:20.572+0000] {processor.py:914} INFO - Processing file /home/airflow/.local/lib/python3.12/site-packages/airflow/example_dags/example_datasets.py for tasks to queue
[2025-02-22T12:16:20.575+0000] {logging_mixin.py:190} INFO - [2025-02-22T12:16:20.574+0000] {dagbag.py:588} INFO - Filling up the DagBag from /home/airflow/.local/lib/python3.12/site-packages/airflow/example_dags/example_datasets.py
[2025-02-22T12:16:21.294+0000] {processor.py:925} INFO - DAG(s) 'consume_1_or_2_with_dataset_expressions', 'dataset_consumes_1_never_scheduled', 'dataset_consumes_unknown_never_scheduled', 'dataset_consumes_1', 'dataset_consumes_1_and_2', 'dataset_produces_2', 'dataset_produces_1', 'conditional_dataset_and_time_based_timetable', 'consume_1_or_both_2_and_3_with_dataset_expressions', 'consume_1_and_2_with_dataset_expressions' retrieved from /home/airflow/.local/lib/python3.12/site-packages/airflow/example_dags/example_datasets.py
[2025-02-22T12:16:21.361+0000] {logging_mixin.py:190} INFO - [2025-02-22T12:16:21.361+0000] {dag.py:3239} INFO - Sync 10 DAGs
[2025-02-22T12:16:21.397+0000] {logging_mixin.py:190} INFO - [2025-02-22T12:16:21.396+0000] {dag.py:4180} INFO - Setting next_dagrun for conditional_dataset_and_time_based_timetable to 2025-02-19 01:00:00+00:00, run_after=2025-02-19 01:00:00+00:00
[2025-02-22T12:16:21.401+0000] {logging_mixin.py:190} INFO - [2025-02-22T12:16:21.401+0000] {dag.py:4180} INFO - Setting next_dagrun for consume_1_and_2_with_dataset_expressions to None, run_after=None
[2025-02-22T12:16:21.402+0000] {logging_mixin.py:190} INFO - [2025-02-22T12:16:21.402+0000] {dag.py:4180} INFO - Setting next_dagrun for consume_1_or_2_with_dataset_expressions to None, run_after=None
[2025-02-22T12:16:21.403+0000] {logging_mixin.py:190} INFO - [2025-02-22T12:16:21.403+0000] {dag.py:4180} INFO - Setting next_dagrun for consume_1_or_both_2_and_3_with_dataset_expressions to None, run_after=None
[2025-02-22T12:16:21.405+0000] {logging_mixin.py:190} INFO - [2025-02-22T12:16:21.404+0000] {dag.py:4180} INFO - Setting next_dagrun for dataset_consumes_1 to None, run_after=None
[2025-02-22T12:16:21.406+0000] {logging_mixin.py:190} INFO - [2025-02-22T12:16:21.406+0000] {dag.py:4180} INFO - Setting next_dagrun for dataset_consumes_1_and_2 to None, run_after=None
[2025-02-22T12:16:21.407+0000] {logging_mixin.py:190} INFO - [2025-02-22T12:16:21.407+0000] {dag.py:4180} INFO - Setting next_dagrun for dataset_consumes_1_never_scheduled to None, run_after=None
[2025-02-22T12:16:21.408+0000] {logging_mixin.py:190} INFO - [2025-02-22T12:16:21.408+0000] {dag.py:4180} INFO - Setting next_dagrun for dataset_consumes_unknown_never_scheduled to None, run_after=None
[2025-02-22T12:16:21.411+0000] {logging_mixin.py:190} INFO - [2025-02-22T12:16:21.411+0000] {dag.py:4180} INFO - Setting next_dagrun for dataset_produces_1 to 2025-02-21 00:00:00+00:00, run_after=2025-02-22 00:00:00+00:00
[2025-02-22T12:16:21.413+0000] {logging_mixin.py:190} INFO - [2025-02-22T12:16:21.412+0000] {dag.py:4180} INFO - Setting next_dagrun for dataset_produces_2 to None, run_after=None
[2025-02-22T12:16:21.453+0000] {processor.py:208} INFO - Processing /home/airflow/.local/lib/python3.12/site-packages/airflow/example_dags/example_datasets.py took 0.896 seconds
[2025-02-22T12:16:52.127+0000] {processor.py:186} INFO - Started process (PID=203) to work on /home/airflow/.local/lib/python3.12/site-packages/airflow/example_dags/example_datasets.py
[2025-02-22T12:16:52.128+0000] {processor.py:914} INFO - Processing file /home/airflow/.local/lib/python3.12/site-packages/airflow/example_dags/example_datasets.py for tasks to queue
[2025-02-22T12:16:52.132+0000] {logging_mixin.py:190} INFO - [2025-02-22T12:16:52.131+0000] {dagbag.py:588} INFO - Filling up the DagBag from /home/airflow/.local/lib/python3.12/site-packages/airflow/example_dags/example_datasets.py
[2025-02-22T12:16:52.866+0000] {processor.py:925} INFO - DAG(s) 'conditional_dataset_and_time_based_timetable', 'consume_1_or_both_2_and_3_with_dataset_expressions', 'dataset_produces_2', 'dataset_consumes_unknown_never_scheduled', 'dataset_produces_1', 'dataset_consumes_1_never_scheduled', 'dataset_consumes_1', 'consume_1_and_2_with_dataset_expressions', 'dataset_consumes_1_and_2', 'consume_1_or_2_with_dataset_expressions' retrieved from /home/airflow/.local/lib/python3.12/site-packages/airflow/example_dags/example_datasets.py
[2025-02-22T12:16:52.918+0000] {logging_mixin.py:190} INFO - [2025-02-22T12:16:52.918+0000] {dag.py:3239} INFO - Sync 10 DAGs
[2025-02-22T12:16:52.950+0000] {logging_mixin.py:190} INFO - [2025-02-22T12:16:52.949+0000] {dag.py:4180} INFO - Setting next_dagrun for conditional_dataset_and_time_based_timetable to 2025-02-19 01:00:00+00:00, run_after=2025-02-19 01:00:00+00:00
[2025-02-22T12:16:52.954+0000] {logging_mixin.py:190} INFO - [2025-02-22T12:16:52.954+0000] {dag.py:4180} INFO - Setting next_dagrun for consume_1_and_2_with_dataset_expressions to None, run_after=None
[2025-02-22T12:16:52.956+0000] {logging_mixin.py:190} INFO - [2025-02-22T12:16:52.956+0000] {dag.py:4180} INFO - Setting next_dagrun for consume_1_or_2_with_dataset_expressions to None, run_after=None
[2025-02-22T12:16:52.957+0000] {logging_mixin.py:190} INFO - [2025-02-22T12:16:52.957+0000] {dag.py:4180} INFO - Setting next_dagrun for consume_1_or_both_2_and_3_with_dataset_expressions to None, run_after=None
[2025-02-22T12:16:52.958+0000] {logging_mixin.py:190} INFO - [2025-02-22T12:16:52.958+0000] {dag.py:4180} INFO - Setting next_dagrun for dataset_consumes_1 to None, run_after=None
[2025-02-22T12:16:52.960+0000] {logging_mixin.py:190} INFO - [2025-02-22T12:16:52.959+0000] {dag.py:4180} INFO - Setting next_dagrun for dataset_consumes_1_and_2 to None, run_after=None
[2025-02-22T12:16:52.961+0000] {logging_mixin.py:190} INFO - [2025-02-22T12:16:52.961+0000] {dag.py:4180} INFO - Setting next_dagrun for dataset_consumes_1_never_scheduled to None, run_after=None
[2025-02-22T12:16:52.962+0000] {logging_mixin.py:190} INFO - [2025-02-22T12:16:52.962+0000] {dag.py:4180} INFO - Setting next_dagrun for dataset_consumes_unknown_never_scheduled to None, run_after=None
[2025-02-22T12:16:52.965+0000] {logging_mixin.py:190} INFO - [2025-02-22T12:16:52.965+0000] {dag.py:4180} INFO - Setting next_dagrun for dataset_produces_1 to 2025-02-21 00:00:00+00:00, run_after=2025-02-22 00:00:00+00:00
[2025-02-22T12:16:52.966+0000] {logging_mixin.py:190} INFO - [2025-02-22T12:16:52.966+0000] {dag.py:4180} INFO - Setting next_dagrun for dataset_produces_2 to None, run_after=None
[2025-02-22T12:16:53.010+0000] {processor.py:208} INFO - Processing /home/airflow/.local/lib/python3.12/site-packages/airflow/example_dags/example_datasets.py took 0.892 seconds
[2025-02-22T12:17:23.531+0000] {processor.py:186} INFO - Started process (PID=266) to work on /home/airflow/.local/lib/python3.12/site-packages/airflow/example_dags/example_datasets.py
[2025-02-22T12:17:23.532+0000] {processor.py:914} INFO - Processing file /home/airflow/.local/lib/python3.12/site-packages/airflow/example_dags/example_datasets.py for tasks to queue
[2025-02-22T12:17:23.536+0000] {logging_mixin.py:190} INFO - [2025-02-22T12:17:23.536+0000] {dagbag.py:588} INFO - Filling up the DagBag from /home/airflow/.local/lib/python3.12/site-packages/airflow/example_dags/example_datasets.py
[2025-02-22T12:17:24.507+0000] {processor.py:925} INFO - DAG(s) 'conditional_dataset_and_time_based_timetable', 'dataset_consumes_1_and_2', 'consume_1_and_2_with_dataset_expressions', 'consume_1_or_2_with_dataset_expressions', 'dataset_consumes_1_never_scheduled', 'consume_1_or_both_2_and_3_with_dataset_expressions', 'dataset_consumes_unknown_never_scheduled', 'dataset_produces_2', 'dataset_consumes_1', 'dataset_produces_1' retrieved from /home/airflow/.local/lib/python3.12/site-packages/airflow/example_dags/example_datasets.py
[2025-02-22T12:17:24.589+0000] {logging_mixin.py:190} INFO - [2025-02-22T12:17:24.588+0000] {dag.py:3239} INFO - Sync 10 DAGs
[2025-02-22T12:17:24.627+0000] {logging_mixin.py:190} INFO - [2025-02-22T12:17:24.626+0000] {dag.py:4180} INFO - Setting next_dagrun for conditional_dataset_and_time_based_timetable to 2025-02-19 01:00:00+00:00, run_after=2025-02-19 01:00:00+00:00
[2025-02-22T12:17:24.633+0000] {logging_mixin.py:190} INFO - [2025-02-22T12:17:24.633+0000] {dag.py:4180} INFO - Setting next_dagrun for consume_1_and_2_with_dataset_expressions to None, run_after=None
[2025-02-22T12:17:24.636+0000] {logging_mixin.py:190} INFO - [2025-02-22T12:17:24.636+0000] {dag.py:4180} INFO - Setting next_dagrun for consume_1_or_2_with_dataset_expressions to None, run_after=None
[2025-02-22T12:17:24.639+0000] {logging_mixin.py:190} INFO - [2025-02-22T12:17:24.639+0000] {dag.py:4180} INFO - Setting next_dagrun for consume_1_or_both_2_and_3_with_dataset_expressions to None, run_after=None
[2025-02-22T12:17:24.641+0000] {logging_mixin.py:190} INFO - [2025-02-22T12:17:24.641+0000] {dag.py:4180} INFO - Setting next_dagrun for dataset_consumes_1 to None, run_after=None
[2025-02-22T12:17:24.643+0000] {logging_mixin.py:190} INFO - [2025-02-22T12:17:24.643+0000] {dag.py:4180} INFO - Setting next_dagrun for dataset_consumes_1_and_2 to None, run_after=None
[2025-02-22T12:17:24.645+0000] {logging_mixin.py:190} INFO - [2025-02-22T12:17:24.645+0000] {dag.py:4180} INFO - Setting next_dagrun for dataset_consumes_1_never_scheduled to None, run_after=None
[2025-02-22T12:17:24.648+0000] {logging_mixin.py:190} INFO - [2025-02-22T12:17:24.648+0000] {dag.py:4180} INFO - Setting next_dagrun for dataset_consumes_unknown_never_scheduled to None, run_after=None
[2025-02-22T12:17:24.654+0000] {logging_mixin.py:190} INFO - [2025-02-22T12:17:24.654+0000] {dag.py:4180} INFO - Setting next_dagrun for dataset_produces_1 to 2025-02-21 00:00:00+00:00, run_after=2025-02-22 00:00:00+00:00
[2025-02-22T12:17:24.657+0000] {logging_mixin.py:190} INFO - [2025-02-22T12:17:24.656+0000] {dag.py:4180} INFO - Setting next_dagrun for dataset_produces_2 to None, run_after=None
[2025-02-22T12:17:24.732+0000] {processor.py:208} INFO - Processing /home/airflow/.local/lib/python3.12/site-packages/airflow/example_dags/example_datasets.py took 1.210 seconds
