[2025-02-22T12:15:43.908+0000] {processor.py:186} INFO - Started process (PID=58) to work on /home/airflow/.local/lib/python3.12/site-packages/airflow/example_dags/example_params_trigger_ui.py
[2025-02-22T12:15:43.908+0000] {processor.py:914} INFO - Processing file /home/airflow/.local/lib/python3.12/site-packages/airflow/example_dags/example_params_trigger_ui.py for tasks to queue
[2025-02-22T12:15:43.910+0000] {logging_mixin.py:190} INFO - [2025-02-22T12:15:43.910+0000] {dagbag.py:588} INFO - Filling up the DagBag from /home/airflow/.local/lib/python3.12/site-packages/airflow/example_dags/example_params_trigger_ui.py
[2025-02-22T12:15:43.928+0000] {processor.py:925} INFO - DAG(s) 'example_params_trigger_ui' retrieved from /home/airflow/.local/lib/python3.12/site-packages/airflow/example_dags/example_params_trigger_ui.py
[2025-02-22T12:15:44.134+0000] {logging_mixin.py:190} INFO - [2025-02-22T12:15:44.133+0000] {override.py:1912} INFO - Created Permission View: can delete on DAG:example_params_trigger_ui
[2025-02-22T12:15:44.146+0000] {logging_mixin.py:190} INFO - [2025-02-22T12:15:44.146+0000] {override.py:1912} INFO - Created Permission View: can edit on DAG:example_params_trigger_ui
[2025-02-22T12:15:44.156+0000] {logging_mixin.py:190} INFO - [2025-02-22T12:15:44.155+0000] {override.py:1912} INFO - Created Permission View: can read on DAG:example_params_trigger_ui
[2025-02-22T12:15:44.168+0000] {logging_mixin.py:190} INFO - [2025-02-22T12:15:44.167+0000] {override.py:1912} INFO - Created Permission View: can delete on DAG Run:example_params_trigger_ui
[2025-02-22T12:15:44.176+0000] {logging_mixin.py:190} INFO - [2025-02-22T12:15:44.176+0000] {override.py:1912} INFO - Created Permission View: can create on DAG Run:example_params_trigger_ui
[2025-02-22T12:15:44.185+0000] {logging_mixin.py:190} INFO - [2025-02-22T12:15:44.184+0000] {override.py:1912} INFO - Created Permission View: menu access on DAG Run:example_params_trigger_ui
[2025-02-22T12:15:44.195+0000] {logging_mixin.py:190} INFO - [2025-02-22T12:15:44.194+0000] {override.py:1912} INFO - Created Permission View: can read on DAG Run:example_params_trigger_ui
[2025-02-22T12:15:44.195+0000] {logging_mixin.py:190} INFO - [2025-02-22T12:15:44.195+0000] {dag.py:3239} INFO - Sync 1 DAGs
[2025-02-22T12:15:44.214+0000] {logging_mixin.py:190} INFO - [2025-02-22T12:15:44.213+0000] {dag.py:3262} INFO - Creating ORM DAG for example_params_trigger_ui
[2025-02-22T12:15:44.215+0000] {logging_mixin.py:190} INFO - [2025-02-22T12:15:44.214+0000] {dag.py:4180} INFO - Setting next_dagrun for example_params_trigger_ui to None, run_after=None
[2025-02-22T12:15:44.241+0000] {processor.py:208} INFO - Processing /home/airflow/.local/lib/python3.12/site-packages/airflow/example_dags/example_params_trigger_ui.py took 0.340 seconds
[2025-02-22T12:16:14.366+0000] {processor.py:186} INFO - Started process (PID=121) to work on /home/airflow/.local/lib/python3.12/site-packages/airflow/example_dags/example_params_trigger_ui.py
[2025-02-22T12:16:14.368+0000] {processor.py:914} INFO - Processing file /home/airflow/.local/lib/python3.12/site-packages/airflow/example_dags/example_params_trigger_ui.py for tasks to queue
[2025-02-22T12:16:14.370+0000] {logging_mixin.py:190} INFO - [2025-02-22T12:16:14.370+0000] {dagbag.py:588} INFO - Filling up the DagBag from /home/airflow/.local/lib/python3.12/site-packages/airflow/example_dags/example_params_trigger_ui.py
[2025-02-22T12:16:14.384+0000] {processor.py:925} INFO - DAG(s) 'example_params_trigger_ui' retrieved from /home/airflow/.local/lib/python3.12/site-packages/airflow/example_dags/example_params_trigger_ui.py
[2025-02-22T12:16:14.465+0000] {logging_mixin.py:190} INFO - [2025-02-22T12:16:14.465+0000] {dag.py:3239} INFO - Sync 1 DAGs
[2025-02-22T12:16:14.489+0000] {logging_mixin.py:190} INFO - [2025-02-22T12:16:14.489+0000] {dag.py:4180} INFO - Setting next_dagrun for example_params_trigger_ui to None, run_after=None
[2025-02-22T12:16:14.517+0000] {processor.py:208} INFO - Processing /home/airflow/.local/lib/python3.12/site-packages/airflow/example_dags/example_params_trigger_ui.py took 0.158 seconds
[2025-02-22T12:16:44.887+0000] {processor.py:186} INFO - Started process (PID=183) to work on /home/airflow/.local/lib/python3.12/site-packages/airflow/example_dags/example_params_trigger_ui.py
[2025-02-22T12:16:44.888+0000] {processor.py:914} INFO - Processing file /home/airflow/.local/lib/python3.12/site-packages/airflow/example_dags/example_params_trigger_ui.py for tasks to queue
[2025-02-22T12:16:44.890+0000] {logging_mixin.py:190} INFO - [2025-02-22T12:16:44.889+0000] {dagbag.py:588} INFO - Filling up the DagBag from /home/airflow/.local/lib/python3.12/site-packages/airflow/example_dags/example_params_trigger_ui.py
[2025-02-22T12:16:44.904+0000] {processor.py:925} INFO - DAG(s) 'example_params_trigger_ui' retrieved from /home/airflow/.local/lib/python3.12/site-packages/airflow/example_dags/example_params_trigger_ui.py
[2025-02-22T12:16:44.959+0000] {logging_mixin.py:190} INFO - [2025-02-22T12:16:44.959+0000] {dag.py:3239} INFO - Sync 1 DAGs
[2025-02-22T12:16:44.976+0000] {logging_mixin.py:190} INFO - [2025-02-22T12:16:44.975+0000] {dag.py:4180} INFO - Setting next_dagrun for example_params_trigger_ui to None, run_after=None
[2025-02-22T12:16:45.005+0000] {processor.py:208} INFO - Processing /home/airflow/.local/lib/python3.12/site-packages/airflow/example_dags/example_params_trigger_ui.py took 0.125 seconds
[2025-02-22T12:17:15.889+0000] {processor.py:186} INFO - Started process (PID=246) to work on /home/airflow/.local/lib/python3.12/site-packages/airflow/example_dags/example_params_trigger_ui.py
[2025-02-22T12:17:15.890+0000] {processor.py:914} INFO - Processing file /home/airflow/.local/lib/python3.12/site-packages/airflow/example_dags/example_params_trigger_ui.py for tasks to queue
[2025-02-22T12:17:15.892+0000] {logging_mixin.py:190} INFO - [2025-02-22T12:17:15.891+0000] {dagbag.py:588} INFO - Filling up the DagBag from /home/airflow/.local/lib/python3.12/site-packages/airflow/example_dags/example_params_trigger_ui.py
[2025-02-22T12:17:15.906+0000] {processor.py:925} INFO - DAG(s) 'example_params_trigger_ui' retrieved from /home/airflow/.local/lib/python3.12/site-packages/airflow/example_dags/example_params_trigger_ui.py
[2025-02-22T12:17:15.967+0000] {logging_mixin.py:190} INFO - [2025-02-22T12:17:15.966+0000] {dag.py:3239} INFO - Sync 1 DAGs
[2025-02-22T12:17:15.984+0000] {logging_mixin.py:190} INFO - [2025-02-22T12:17:15.984+0000] {dag.py:4180} INFO - Setting next_dagrun for example_params_trigger_ui to None, run_after=None
[2025-02-22T12:17:16.004+0000] {processor.py:208} INFO - Processing /home/airflow/.local/lib/python3.12/site-packages/airflow/example_dags/example_params_trigger_ui.py took 0.122 seconds
