[2025-02-22T12:15:51.444+0000] {processor.py:186} INFO - Started process (PID=86) to work on /home/airflow/.local/lib/python3.12/site-packages/airflow/example_dags/example_display_name.py
[2025-02-22T12:15:51.445+0000] {processor.py:914} INFO - Processing file /home/airflow/.local/lib/python3.12/site-packages/airflow/example_dags/example_display_name.py for tasks to queue
[2025-02-22T12:15:51.448+0000] {logging_mixin.py:190} INFO - [2025-02-22T12:15:51.448+0000] {dagbag.py:588} INFO - Filling up the DagBag from /home/airflow/.local/lib/python3.12/site-packages/airflow/example_dags/example_display_name.py
[2025-02-22T12:15:51.459+0000] {processor.py:925} INFO - DAG(s) 'example_display_name' retrieved from /home/airflow/.local/lib/python3.12/site-packages/airflow/example_dags/example_display_name.py
[2025-02-22T12:15:51.670+0000] {logging_mixin.py:190} INFO - [2025-02-22T12:15:51.663+0000] {override.py:1912} INFO - Created Permission View: can delete on DAG:example_display_name
[2025-02-22T12:15:51.692+0000] {logging_mixin.py:190} INFO - [2025-02-22T12:15:51.691+0000] {override.py:1912} INFO - Created Permission View: can edit on DAG:example_display_name
[2025-02-22T12:15:51.702+0000] {logging_mixin.py:190} INFO - [2025-02-22T12:15:51.701+0000] {override.py:1912} INFO - Created Permission View: can read on DAG:example_display_name
[2025-02-22T12:15:51.713+0000] {logging_mixin.py:190} INFO - [2025-02-22T12:15:51.713+0000] {override.py:1912} INFO - Created Permission View: can delete on DAG Run:example_display_name
[2025-02-22T12:15:51.724+0000] {logging_mixin.py:190} INFO - [2025-02-22T12:15:51.723+0000] {override.py:1912} INFO - Created Permission View: can create on DAG Run:example_display_name
[2025-02-22T12:15:51.733+0000] {logging_mixin.py:190} INFO - [2025-02-22T12:15:51.732+0000] {override.py:1912} INFO - Created Permission View: menu access on DAG Run:example_display_name
[2025-02-22T12:15:51.741+0000] {logging_mixin.py:190} INFO - [2025-02-22T12:15:51.741+0000] {override.py:1912} INFO - Created Permission View: can read on DAG Run:example_display_name
[2025-02-22T12:15:51.742+0000] {logging_mixin.py:190} INFO - [2025-02-22T12:15:51.741+0000] {dag.py:3239} INFO - Sync 1 DAGs
[2025-02-22T12:15:51.760+0000] {logging_mixin.py:190} INFO - [2025-02-22T12:15:51.759+0000] {dag.py:3262} INFO - Creating ORM DAG for example_display_name
[2025-02-22T12:15:51.760+0000] {logging_mixin.py:190} INFO - [2025-02-22T12:15:51.760+0000] {dag.py:4180} INFO - Setting next_dagrun for example_display_name to None, run_after=None
[2025-02-22T12:15:51.782+0000] {processor.py:208} INFO - Processing /home/airflow/.local/lib/python3.12/site-packages/airflow/example_dags/example_display_name.py took 0.344 seconds
[2025-02-22T12:16:22.592+0000] {processor.py:186} INFO - Started process (PID=149) to work on /home/airflow/.local/lib/python3.12/site-packages/airflow/example_dags/example_display_name.py
[2025-02-22T12:16:22.597+0000] {processor.py:914} INFO - Processing file /home/airflow/.local/lib/python3.12/site-packages/airflow/example_dags/example_display_name.py for tasks to queue
[2025-02-22T12:16:22.599+0000] {logging_mixin.py:190} INFO - [2025-02-22T12:16:22.599+0000] {dagbag.py:588} INFO - Filling up the DagBag from /home/airflow/.local/lib/python3.12/site-packages/airflow/example_dags/example_display_name.py
[2025-02-22T12:16:22.607+0000] {processor.py:925} INFO - DAG(s) 'example_display_name' retrieved from /home/airflow/.local/lib/python3.12/site-packages/airflow/example_dags/example_display_name.py
[2025-02-22T12:16:22.627+0000] {logging_mixin.py:190} INFO - [2025-02-22T12:16:22.627+0000] {dag.py:3239} INFO - Sync 1 DAGs
[2025-02-22T12:16:22.645+0000] {logging_mixin.py:190} INFO - [2025-02-22T12:16:22.645+0000] {dag.py:4180} INFO - Setting next_dagrun for example_display_name to None, run_after=None
[2025-02-22T12:16:22.679+0000] {processor.py:208} INFO - Processing /home/airflow/.local/lib/python3.12/site-packages/airflow/example_dags/example_display_name.py took 0.093 seconds
[2025-02-22T12:16:53.616+0000] {processor.py:186} INFO - Started process (PID=212) to work on /home/airflow/.local/lib/python3.12/site-packages/airflow/example_dags/example_display_name.py
[2025-02-22T12:16:53.618+0000] {processor.py:914} INFO - Processing file /home/airflow/.local/lib/python3.12/site-packages/airflow/example_dags/example_display_name.py for tasks to queue
[2025-02-22T12:16:53.620+0000] {logging_mixin.py:190} INFO - [2025-02-22T12:16:53.619+0000] {dagbag.py:588} INFO - Filling up the DagBag from /home/airflow/.local/lib/python3.12/site-packages/airflow/example_dags/example_display_name.py
[2025-02-22T12:16:53.627+0000] {processor.py:925} INFO - DAG(s) 'example_display_name' retrieved from /home/airflow/.local/lib/python3.12/site-packages/airflow/example_dags/example_display_name.py
[2025-02-22T12:16:53.654+0000] {logging_mixin.py:190} INFO - [2025-02-22T12:16:53.653+0000] {dag.py:3239} INFO - Sync 1 DAGs
[2025-02-22T12:16:53.712+0000] {logging_mixin.py:190} INFO - [2025-02-22T12:16:53.711+0000] {dag.py:4180} INFO - Setting next_dagrun for example_display_name to None, run_after=None
[2025-02-22T12:16:53.787+0000] {processor.py:208} INFO - Processing /home/airflow/.local/lib/python3.12/site-packages/airflow/example_dags/example_display_name.py took 0.177 seconds
[2025-02-22T12:17:25.157+0000] {processor.py:186} INFO - Started process (PID=275) to work on /home/airflow/.local/lib/python3.12/site-packages/airflow/example_dags/example_display_name.py
[2025-02-22T12:17:25.158+0000] {processor.py:914} INFO - Processing file /home/airflow/.local/lib/python3.12/site-packages/airflow/example_dags/example_display_name.py for tasks to queue
[2025-02-22T12:17:25.161+0000] {logging_mixin.py:190} INFO - [2025-02-22T12:17:25.160+0000] {dagbag.py:588} INFO - Filling up the DagBag from /home/airflow/.local/lib/python3.12/site-packages/airflow/example_dags/example_display_name.py
[2025-02-22T12:17:25.169+0000] {processor.py:925} INFO - DAG(s) 'example_display_name' retrieved from /home/airflow/.local/lib/python3.12/site-packages/airflow/example_dags/example_display_name.py
[2025-02-22T12:17:25.195+0000] {logging_mixin.py:190} INFO - [2025-02-22T12:17:25.195+0000] {dag.py:3239} INFO - Sync 1 DAGs
[2025-02-22T12:17:25.219+0000] {logging_mixin.py:190} INFO - [2025-02-22T12:17:25.219+0000] {dag.py:4180} INFO - Setting next_dagrun for example_display_name to None, run_after=None
[2025-02-22T12:17:25.243+0000] {processor.py:208} INFO - Processing /home/airflow/.local/lib/python3.12/site-packages/airflow/example_dags/example_display_name.py took 0.092 seconds
