[2025-02-22T12:15:53.001+0000] {processor.py:186} INFO - Started process (PID=93) to work on /home/airflow/.local/lib/python3.12/site-packages/airflow/example_dags/example_branch_datetime_operator.py
[2025-02-22T12:15:53.002+0000] {processor.py:914} INFO - Processing file /home/airflow/.local/lib/python3.12/site-packages/airflow/example_dags/example_branch_datetime_operator.py for tasks to queue
[2025-02-22T12:15:53.004+0000] {logging_mixin.py:190} INFO - [2025-02-22T12:15:53.004+0000] {dagbag.py:588} INFO - Filling up the DagBag from /home/airflow/.local/lib/python3.12/site-packages/airflow/example_dags/example_branch_datetime_operator.py
[2025-02-22T12:15:53.021+0000] {processor.py:925} INFO - DAG(s) 'example_branch_datetime_operator', 'example_branch_datetime_operator_2', 'example_branch_datetime_operator_3' retrieved from /home/airflow/.local/lib/python3.12/site-packages/airflow/example_dags/example_branch_datetime_operator.py
[2025-02-22T12:15:53.161+0000] {logging_mixin.py:190} INFO - [2025-02-22T12:15:53.160+0000] {override.py:1912} INFO - Created Permission View: can delete on DAG:example_branch_datetime_operator
[2025-02-22T12:15:53.177+0000] {logging_mixin.py:190} INFO - [2025-02-22T12:15:53.176+0000] {override.py:1912} INFO - Created Permission View: can edit on DAG:example_branch_datetime_operator
[2025-02-22T12:15:53.185+0000] {logging_mixin.py:190} INFO - [2025-02-22T12:15:53.185+0000] {override.py:1912} INFO - Created Permission View: can read on DAG:example_branch_datetime_operator
[2025-02-22T12:15:53.197+0000] {logging_mixin.py:190} INFO - [2025-02-22T12:15:53.197+0000] {override.py:1912} INFO - Created Permission View: can delete on DAG Run:example_branch_datetime_operator
[2025-02-22T12:15:53.206+0000] {logging_mixin.py:190} INFO - [2025-02-22T12:15:53.205+0000] {override.py:1912} INFO - Created Permission View: can create on DAG Run:example_branch_datetime_operator
[2025-02-22T12:15:53.214+0000] {logging_mixin.py:190} INFO - [2025-02-22T12:15:53.214+0000] {override.py:1912} INFO - Created Permission View: menu access on DAG Run:example_branch_datetime_operator
[2025-02-22T12:15:53.224+0000] {logging_mixin.py:190} INFO - [2025-02-22T12:15:53.224+0000] {override.py:1912} INFO - Created Permission View: can read on DAG Run:example_branch_datetime_operator
[2025-02-22T12:15:53.243+0000] {logging_mixin.py:190} INFO - [2025-02-22T12:15:53.243+0000] {override.py:1912} INFO - Created Permission View: can delete on DAG:example_branch_datetime_operator_2
[2025-02-22T12:15:53.252+0000] {logging_mixin.py:190} INFO - [2025-02-22T12:15:53.252+0000] {override.py:1912} INFO - Created Permission View: can edit on DAG:example_branch_datetime_operator_2
[2025-02-22T12:15:53.262+0000] {logging_mixin.py:190} INFO - [2025-02-22T12:15:53.262+0000] {override.py:1912} INFO - Created Permission View: can read on DAG:example_branch_datetime_operator_2
[2025-02-22T12:15:53.273+0000] {logging_mixin.py:190} INFO - [2025-02-22T12:15:53.273+0000] {override.py:1912} INFO - Created Permission View: can delete on DAG Run:example_branch_datetime_operator_2
[2025-02-22T12:15:53.281+0000] {logging_mixin.py:190} INFO - [2025-02-22T12:15:53.280+0000] {override.py:1912} INFO - Created Permission View: can create on DAG Run:example_branch_datetime_operator_2
[2025-02-22T12:15:53.289+0000] {logging_mixin.py:190} INFO - [2025-02-22T12:15:53.288+0000] {override.py:1912} INFO - Created Permission View: menu access on DAG Run:example_branch_datetime_operator_2
[2025-02-22T12:15:53.296+0000] {logging_mixin.py:190} INFO - [2025-02-22T12:15:53.296+0000] {override.py:1912} INFO - Created Permission View: can read on DAG Run:example_branch_datetime_operator_2
[2025-02-22T12:15:53.312+0000] {logging_mixin.py:190} INFO - [2025-02-22T12:15:53.311+0000] {override.py:1912} INFO - Created Permission View: can delete on DAG:example_branch_datetime_operator_3
[2025-02-22T12:15:53.320+0000] {logging_mixin.py:190} INFO - [2025-02-22T12:15:53.319+0000] {override.py:1912} INFO - Created Permission View: can edit on DAG:example_branch_datetime_operator_3
[2025-02-22T12:15:53.327+0000] {logging_mixin.py:190} INFO - [2025-02-22T12:15:53.327+0000] {override.py:1912} INFO - Created Permission View: can read on DAG:example_branch_datetime_operator_3
[2025-02-22T12:15:53.337+0000] {logging_mixin.py:190} INFO - [2025-02-22T12:15:53.336+0000] {override.py:1912} INFO - Created Permission View: can delete on DAG Run:example_branch_datetime_operator_3
[2025-02-22T12:15:53.345+0000] {logging_mixin.py:190} INFO - [2025-02-22T12:15:53.344+0000] {override.py:1912} INFO - Created Permission View: can create on DAG Run:example_branch_datetime_operator_3
[2025-02-22T12:15:53.353+0000] {logging_mixin.py:190} INFO - [2025-02-22T12:15:53.352+0000] {override.py:1912} INFO - Created Permission View: menu access on DAG Run:example_branch_datetime_operator_3
[2025-02-22T12:15:53.363+0000] {logging_mixin.py:190} INFO - [2025-02-22T12:15:53.363+0000] {override.py:1912} INFO - Created Permission View: can read on DAG Run:example_branch_datetime_operator_3
[2025-02-22T12:15:53.364+0000] {logging_mixin.py:190} INFO - [2025-02-22T12:15:53.364+0000] {dag.py:3239} INFO - Sync 3 DAGs
[2025-02-22T12:15:53.389+0000] {logging_mixin.py:190} INFO - [2025-02-22T12:15:53.388+0000] {dag.py:3262} INFO - Creating ORM DAG for example_branch_datetime_operator_3
[2025-02-22T12:15:53.390+0000] {logging_mixin.py:190} INFO - [2025-02-22T12:15:53.390+0000] {dag.py:3262} INFO - Creating ORM DAG for example_branch_datetime_operator_2
[2025-02-22T12:15:53.391+0000] {logging_mixin.py:190} INFO - [2025-02-22T12:15:53.391+0000] {dag.py:3262} INFO - Creating ORM DAG for example_branch_datetime_operator
[2025-02-22T12:15:53.410+0000] {logging_mixin.py:190} INFO - [2025-02-22T12:15:53.410+0000] {dag.py:4180} INFO - Setting next_dagrun for example_branch_datetime_operator to 2025-02-21 00:00:00+00:00, run_after=2025-02-22 00:00:00+00:00
[2025-02-22T12:15:53.414+0000] {logging_mixin.py:190} INFO - [2025-02-22T12:15:53.414+0000] {dag.py:4180} INFO - Setting next_dagrun for example_branch_datetime_operator_2 to 2025-02-21 00:00:00+00:00, run_after=2025-02-22 00:00:00+00:00
[2025-02-22T12:15:53.418+0000] {logging_mixin.py:190} INFO - [2025-02-22T12:15:53.418+0000] {dag.py:4180} INFO - Setting next_dagrun for example_branch_datetime_operator_3 to 2025-02-21 00:00:00+00:00, run_after=2025-02-22 00:00:00+00:00
[2025-02-22T12:15:53.454+0000] {processor.py:208} INFO - Processing /home/airflow/.local/lib/python3.12/site-packages/airflow/example_dags/example_branch_datetime_operator.py took 0.460 seconds
[2025-02-22T12:16:23.537+0000] {processor.py:186} INFO - Started process (PID=160) to work on /home/airflow/.local/lib/python3.12/site-packages/airflow/example_dags/example_branch_datetime_operator.py
[2025-02-22T12:16:23.556+0000] {processor.py:914} INFO - Processing file /home/airflow/.local/lib/python3.12/site-packages/airflow/example_dags/example_branch_datetime_operator.py for tasks to queue
[2025-02-22T12:16:23.559+0000] {logging_mixin.py:190} INFO - [2025-02-22T12:16:23.558+0000] {dagbag.py:588} INFO - Filling up the DagBag from /home/airflow/.local/lib/python3.12/site-packages/airflow/example_dags/example_branch_datetime_operator.py
[2025-02-22T12:16:23.573+0000] {processor.py:925} INFO - DAG(s) 'example_branch_datetime_operator', 'example_branch_datetime_operator_2', 'example_branch_datetime_operator_3' retrieved from /home/airflow/.local/lib/python3.12/site-packages/airflow/example_dags/example_branch_datetime_operator.py
[2025-02-22T12:16:23.606+0000] {logging_mixin.py:190} INFO - [2025-02-22T12:16:23.606+0000] {dag.py:3239} INFO - Sync 3 DAGs
[2025-02-22T12:16:23.635+0000] {logging_mixin.py:190} INFO - [2025-02-22T12:16:23.635+0000] {dag.py:4180} INFO - Setting next_dagrun for example_branch_datetime_operator to 2025-02-21 00:00:00+00:00, run_after=2025-02-22 00:00:00+00:00
[2025-02-22T12:16:23.641+0000] {logging_mixin.py:190} INFO - [2025-02-22T12:16:23.641+0000] {dag.py:4180} INFO - Setting next_dagrun for example_branch_datetime_operator_2 to 2025-02-21 00:00:00+00:00, run_after=2025-02-22 00:00:00+00:00
[2025-02-22T12:16:23.644+0000] {logging_mixin.py:190} INFO - [2025-02-22T12:16:23.644+0000] {dag.py:4180} INFO - Setting next_dagrun for example_branch_datetime_operator_3 to 2025-02-21 00:00:00+00:00, run_after=2025-02-22 00:00:00+00:00
[2025-02-22T12:16:23.678+0000] {processor.py:208} INFO - Processing /home/airflow/.local/lib/python3.12/site-packages/airflow/example_dags/example_branch_datetime_operator.py took 0.148 seconds
[2025-02-22T12:16:54.481+0000] {processor.py:186} INFO - Started process (PID=219) to work on /home/airflow/.local/lib/python3.12/site-packages/airflow/example_dags/example_branch_datetime_operator.py
[2025-02-22T12:16:54.482+0000] {processor.py:914} INFO - Processing file /home/airflow/.local/lib/python3.12/site-packages/airflow/example_dags/example_branch_datetime_operator.py for tasks to queue
[2025-02-22T12:16:54.484+0000] {logging_mixin.py:190} INFO - [2025-02-22T12:16:54.484+0000] {dagbag.py:588} INFO - Filling up the DagBag from /home/airflow/.local/lib/python3.12/site-packages/airflow/example_dags/example_branch_datetime_operator.py
[2025-02-22T12:16:54.500+0000] {processor.py:925} INFO - DAG(s) 'example_branch_datetime_operator_2', 'example_branch_datetime_operator_3', 'example_branch_datetime_operator' retrieved from /home/airflow/.local/lib/python3.12/site-packages/airflow/example_dags/example_branch_datetime_operator.py
[2025-02-22T12:16:54.538+0000] {logging_mixin.py:190} INFO - [2025-02-22T12:16:54.537+0000] {dag.py:3239} INFO - Sync 3 DAGs
[2025-02-22T12:16:54.571+0000] {logging_mixin.py:190} INFO - [2025-02-22T12:16:54.571+0000] {dag.py:4180} INFO - Setting next_dagrun for example_branch_datetime_operator to 2025-02-21 00:00:00+00:00, run_after=2025-02-22 00:00:00+00:00
[2025-02-22T12:16:54.578+0000] {logging_mixin.py:190} INFO - [2025-02-22T12:16:54.577+0000] {dag.py:4180} INFO - Setting next_dagrun for example_branch_datetime_operator_2 to 2025-02-21 00:00:00+00:00, run_after=2025-02-22 00:00:00+00:00
[2025-02-22T12:16:54.581+0000] {logging_mixin.py:190} INFO - [2025-02-22T12:16:54.581+0000] {dag.py:4180} INFO - Setting next_dagrun for example_branch_datetime_operator_3 to 2025-02-21 00:00:00+00:00, run_after=2025-02-22 00:00:00+00:00
[2025-02-22T12:16:54.600+0000] {processor.py:208} INFO - Processing /home/airflow/.local/lib/python3.12/site-packages/airflow/example_dags/example_branch_datetime_operator.py took 0.127 seconds
[2025-02-22T12:17:26.002+0000] {processor.py:186} INFO - Started process (PID=282) to work on /home/airflow/.local/lib/python3.12/site-packages/airflow/example_dags/example_branch_datetime_operator.py
[2025-02-22T12:17:26.003+0000] {processor.py:914} INFO - Processing file /home/airflow/.local/lib/python3.12/site-packages/airflow/example_dags/example_branch_datetime_operator.py for tasks to queue
[2025-02-22T12:17:26.005+0000] {logging_mixin.py:190} INFO - [2025-02-22T12:17:26.005+0000] {dagbag.py:588} INFO - Filling up the DagBag from /home/airflow/.local/lib/python3.12/site-packages/airflow/example_dags/example_branch_datetime_operator.py
[2025-02-22T12:17:26.024+0000] {processor.py:925} INFO - DAG(s) 'example_branch_datetime_operator_2', 'example_branch_datetime_operator', 'example_branch_datetime_operator_3' retrieved from /home/airflow/.local/lib/python3.12/site-packages/airflow/example_dags/example_branch_datetime_operator.py
[2025-02-22T12:17:26.054+0000] {logging_mixin.py:190} INFO - [2025-02-22T12:17:26.054+0000] {dag.py:3239} INFO - Sync 3 DAGs
[2025-02-22T12:17:26.085+0000] {logging_mixin.py:190} INFO - [2025-02-22T12:17:26.085+0000] {dag.py:4180} INFO - Setting next_dagrun for example_branch_datetime_operator to 2025-02-21 00:00:00+00:00, run_after=2025-02-22 00:00:00+00:00
[2025-02-22T12:17:26.091+0000] {logging_mixin.py:190} INFO - [2025-02-22T12:17:26.091+0000] {dag.py:4180} INFO - Setting next_dagrun for example_branch_datetime_operator_2 to 2025-02-21 00:00:00+00:00, run_after=2025-02-22 00:00:00+00:00
[2025-02-22T12:17:26.095+0000] {logging_mixin.py:190} INFO - [2025-02-22T12:17:26.094+0000] {dag.py:4180} INFO - Setting next_dagrun for example_branch_datetime_operator_3 to 2025-02-21 00:00:00+00:00, run_after=2025-02-22 00:00:00+00:00
[2025-02-22T12:17:26.114+0000] {processor.py:208} INFO - Processing /home/airflow/.local/lib/python3.12/site-packages/airflow/example_dags/example_branch_datetime_operator.py took 0.120 seconds
