[2025-02-22T12:15:39.251+0000] {processor.py:186} INFO - Started process (PID=49) to work on /home/airflow/.local/lib/python3.12/site-packages/airflow/example_dags/example_complex.py
[2025-02-22T12:15:39.264+0000] {processor.py:914} INFO - Processing file /home/airflow/.local/lib/python3.12/site-packages/airflow/example_dags/example_complex.py for tasks to queue
[2025-02-22T12:15:39.269+0000] {logging_mixin.py:190} INFO - [2025-02-22T12:15:39.268+0000] {dagbag.py:588} INFO - Filling up the DagBag from /home/airflow/.local/lib/python3.12/site-packages/airflow/example_dags/example_complex.py
[2025-02-22T12:15:39.300+0000] {processor.py:925} INFO - DAG(s) 'example_complex' retrieved from /home/airflow/.local/lib/python3.12/site-packages/airflow/example_dags/example_complex.py
[2025-02-22T12:15:40.214+0000] {logging_mixin.py:190} INFO - [2025-02-22T12:15:40.213+0000] {override.py:1912} INFO - Created Permission View: can delete on DAG:example_complex
[2025-02-22T12:15:40.256+0000] {logging_mixin.py:190} INFO - [2025-02-22T12:15:40.255+0000] {override.py:1912} INFO - Created Permission View: can edit on DAG:example_complex
[2025-02-22T12:15:40.278+0000] {logging_mixin.py:190} INFO - [2025-02-22T12:15:40.278+0000] {override.py:1912} INFO - Created Permission View: can read on DAG:example_complex
[2025-02-22T12:15:40.294+0000] {logging_mixin.py:190} INFO - [2025-02-22T12:15:40.293+0000] {override.py:1912} INFO - Created Permission View: can delete on DAG Run:example_complex
[2025-02-22T12:15:40.306+0000] {logging_mixin.py:190} INFO - [2025-02-22T12:15:40.305+0000] {override.py:1912} INFO - Created Permission View: can create on DAG Run:example_complex
[2025-02-22T12:15:40.318+0000] {logging_mixin.py:190} INFO - [2025-02-22T12:15:40.318+0000] {override.py:1912} INFO - Created Permission View: menu access on DAG Run:example_complex
[2025-02-22T12:15:40.340+0000] {logging_mixin.py:190} INFO - [2025-02-22T12:15:40.339+0000] {override.py:1912} INFO - Created Permission View: can read on DAG Run:example_complex
[2025-02-22T12:15:40.341+0000] {logging_mixin.py:190} INFO - [2025-02-22T12:15:40.341+0000] {dag.py:3239} INFO - Sync 1 DAGs
[2025-02-22T12:15:40.390+0000] {logging_mixin.py:190} INFO - [2025-02-22T12:15:40.390+0000] {dag.py:3262} INFO - Creating ORM DAG for example_complex
[2025-02-22T12:15:40.399+0000] {logging_mixin.py:190} INFO - [2025-02-22T12:15:40.399+0000] {dag.py:4180} INFO - Setting next_dagrun for example_complex to None, run_after=None
[2025-02-22T12:15:40.696+0000] {processor.py:208} INFO - Processing /home/airflow/.local/lib/python3.12/site-packages/airflow/example_dags/example_complex.py took 1.459 seconds
[2025-02-22T12:16:11.107+0000] {processor.py:186} INFO - Started process (PID=112) to work on /home/airflow/.local/lib/python3.12/site-packages/airflow/example_dags/example_complex.py
[2025-02-22T12:16:11.159+0000] {processor.py:914} INFO - Processing file /home/airflow/.local/lib/python3.12/site-packages/airflow/example_dags/example_complex.py for tasks to queue
[2025-02-22T12:16:11.162+0000] {logging_mixin.py:190} INFO - [2025-02-22T12:16:11.162+0000] {dagbag.py:588} INFO - Filling up the DagBag from /home/airflow/.local/lib/python3.12/site-packages/airflow/example_dags/example_complex.py
[2025-02-22T12:16:11.186+0000] {processor.py:925} INFO - DAG(s) 'example_complex' retrieved from /home/airflow/.local/lib/python3.12/site-packages/airflow/example_dags/example_complex.py
[2025-02-22T12:16:11.232+0000] {logging_mixin.py:190} INFO - [2025-02-22T12:16:11.232+0000] {dag.py:3239} INFO - Sync 1 DAGs
[2025-02-22T12:16:11.251+0000] {logging_mixin.py:190} INFO - [2025-02-22T12:16:11.251+0000] {dag.py:4180} INFO - Setting next_dagrun for example_complex to None, run_after=None
[2025-02-22T12:16:11.585+0000] {processor.py:208} INFO - Processing /home/airflow/.local/lib/python3.12/site-packages/airflow/example_dags/example_complex.py took 0.503 seconds
[2025-02-22T12:16:42.232+0000] {processor.py:186} INFO - Started process (PID=175) to work on /home/airflow/.local/lib/python3.12/site-packages/airflow/example_dags/example_complex.py
[2025-02-22T12:16:42.234+0000] {processor.py:914} INFO - Processing file /home/airflow/.local/lib/python3.12/site-packages/airflow/example_dags/example_complex.py for tasks to queue
[2025-02-22T12:16:42.237+0000] {logging_mixin.py:190} INFO - [2025-02-22T12:16:42.236+0000] {dagbag.py:588} INFO - Filling up the DagBag from /home/airflow/.local/lib/python3.12/site-packages/airflow/example_dags/example_complex.py
[2025-02-22T12:16:42.255+0000] {processor.py:925} INFO - DAG(s) 'example_complex' retrieved from /home/airflow/.local/lib/python3.12/site-packages/airflow/example_dags/example_complex.py
[2025-02-22T12:16:42.295+0000] {logging_mixin.py:190} INFO - [2025-02-22T12:16:42.295+0000] {dag.py:3239} INFO - Sync 1 DAGs
[2025-02-22T12:16:42.314+0000] {logging_mixin.py:190} INFO - [2025-02-22T12:16:42.313+0000] {dag.py:4180} INFO - Setting next_dagrun for example_complex to None, run_after=None
[2025-02-22T12:16:42.336+0000] {processor.py:208} INFO - Processing /home/airflow/.local/lib/python3.12/site-packages/airflow/example_dags/example_complex.py took 0.111 seconds
[2025-02-22T12:17:13.234+0000] {processor.py:186} INFO - Started process (PID=238) to work on /home/airflow/.local/lib/python3.12/site-packages/airflow/example_dags/example_complex.py
[2025-02-22T12:17:13.235+0000] {processor.py:914} INFO - Processing file /home/airflow/.local/lib/python3.12/site-packages/airflow/example_dags/example_complex.py for tasks to queue
[2025-02-22T12:17:13.238+0000] {logging_mixin.py:190} INFO - [2025-02-22T12:17:13.237+0000] {dagbag.py:588} INFO - Filling up the DagBag from /home/airflow/.local/lib/python3.12/site-packages/airflow/example_dags/example_complex.py
[2025-02-22T12:17:13.254+0000] {processor.py:925} INFO - DAG(s) 'example_complex' retrieved from /home/airflow/.local/lib/python3.12/site-packages/airflow/example_dags/example_complex.py
[2025-02-22T12:17:13.313+0000] {logging_mixin.py:190} INFO - [2025-02-22T12:17:13.312+0000] {dag.py:3239} INFO - Sync 1 DAGs
[2025-02-22T12:17:13.335+0000] {logging_mixin.py:190} INFO - [2025-02-22T12:17:13.334+0000] {dag.py:4180} INFO - Setting next_dagrun for example_complex to None, run_after=None
[2025-02-22T12:17:13.364+0000] {processor.py:208} INFO - Processing /home/airflow/.local/lib/python3.12/site-packages/airflow/example_dags/example_complex.py took 0.137 seconds
