[2025-02-22T12:15:52.689+0000] {processor.py:186} INFO - Started process (PID=92) to work on /home/airflow/.local/lib/python3.12/site-packages/airflow/example_dags/example_branch_python_dop_operator_3.py
[2025-02-22T12:15:52.690+0000] {processor.py:914} INFO - Processing file /home/airflow/.local/lib/python3.12/site-packages/airflow/example_dags/example_branch_python_dop_operator_3.py for tasks to queue
[2025-02-22T12:15:52.693+0000] {logging_mixin.py:190} INFO - [2025-02-22T12:15:52.693+0000] {dagbag.py:588} INFO - Filling up the DagBag from /home/airflow/.local/lib/python3.12/site-packages/airflow/example_dags/example_branch_python_dop_operator_3.py
[2025-02-22T12:15:52.710+0000] {processor.py:925} INFO - DAG(s) 'example_branch_dop_operator_v3' retrieved from /home/airflow/.local/lib/python3.12/site-packages/airflow/example_dags/example_branch_python_dop_operator_3.py
[2025-02-22T12:15:52.865+0000] {logging_mixin.py:190} INFO - [2025-02-22T12:15:52.864+0000] {override.py:1912} INFO - Created Permission View: can delete on DAG:example_branch_dop_operator_v3
[2025-02-22T12:15:52.876+0000] {logging_mixin.py:190} INFO - [2025-02-22T12:15:52.876+0000] {override.py:1912} INFO - Created Permission View: can edit on DAG:example_branch_dop_operator_v3
[2025-02-22T12:15:52.884+0000] {logging_mixin.py:190} INFO - [2025-02-22T12:15:52.883+0000] {override.py:1912} INFO - Created Permission View: can read on DAG:example_branch_dop_operator_v3
[2025-02-22T12:15:52.893+0000] {logging_mixin.py:190} INFO - [2025-02-22T12:15:52.893+0000] {override.py:1912} INFO - Created Permission View: can delete on DAG Run:example_branch_dop_operator_v3
[2025-02-22T12:15:52.901+0000] {logging_mixin.py:190} INFO - [2025-02-22T12:15:52.901+0000] {override.py:1912} INFO - Created Permission View: can create on DAG Run:example_branch_dop_operator_v3
[2025-02-22T12:15:52.909+0000] {logging_mixin.py:190} INFO - [2025-02-22T12:15:52.909+0000] {override.py:1912} INFO - Created Permission View: menu access on DAG Run:example_branch_dop_operator_v3
[2025-02-22T12:15:52.919+0000] {logging_mixin.py:190} INFO - [2025-02-22T12:15:52.918+0000] {override.py:1912} INFO - Created Permission View: can read on DAG Run:example_branch_dop_operator_v3
[2025-02-22T12:15:52.919+0000] {logging_mixin.py:190} INFO - [2025-02-22T12:15:52.919+0000] {dag.py:3239} INFO - Sync 1 DAGs
[2025-02-22T12:15:52.935+0000] {logging_mixin.py:190} INFO - [2025-02-22T12:15:52.935+0000] {dag.py:3262} INFO - Creating ORM DAG for example_branch_dop_operator_v3
[2025-02-22T12:15:52.950+0000] {logging_mixin.py:190} INFO - [2025-02-22T12:15:52.950+0000] {dag.py:4180} INFO - Setting next_dagrun for example_branch_dop_operator_v3 to 2025-02-22 12:14:00+00:00, run_after=2025-02-22 12:15:00+00:00
[2025-02-22T12:15:52.969+0000] {processor.py:208} INFO - Processing /home/airflow/.local/lib/python3.12/site-packages/airflow/example_dags/example_branch_python_dop_operator_3.py took 0.289 seconds
[2025-02-22T12:16:23.258+0000] {processor.py:186} INFO - Started process (PID=155) to work on /home/airflow/.local/lib/python3.12/site-packages/airflow/example_dags/example_branch_python_dop_operator_3.py
[2025-02-22T12:16:23.268+0000] {processor.py:914} INFO - Processing file /home/airflow/.local/lib/python3.12/site-packages/airflow/example_dags/example_branch_python_dop_operator_3.py for tasks to queue
[2025-02-22T12:16:23.271+0000] {logging_mixin.py:190} INFO - [2025-02-22T12:16:23.271+0000] {dagbag.py:588} INFO - Filling up the DagBag from /home/airflow/.local/lib/python3.12/site-packages/airflow/example_dags/example_branch_python_dop_operator_3.py
[2025-02-22T12:16:23.285+0000] {processor.py:925} INFO - DAG(s) 'example_branch_dop_operator_v3' retrieved from /home/airflow/.local/lib/python3.12/site-packages/airflow/example_dags/example_branch_python_dop_operator_3.py
[2025-02-22T12:16:23.310+0000] {logging_mixin.py:190} INFO - [2025-02-22T12:16:23.310+0000] {dag.py:3239} INFO - Sync 1 DAGs
[2025-02-22T12:16:23.342+0000] {logging_mixin.py:190} INFO - [2025-02-22T12:16:23.342+0000] {dag.py:4180} INFO - Setting next_dagrun for example_branch_dop_operator_v3 to 2025-02-22 12:15:00+00:00, run_after=2025-02-22 12:16:00+00:00
[2025-02-22T12:16:23.370+0000] {processor.py:208} INFO - Processing /home/airflow/.local/lib/python3.12/site-packages/airflow/example_dags/example_branch_python_dop_operator_3.py took 0.121 seconds
[2025-02-22T12:16:54.380+0000] {processor.py:186} INFO - Started process (PID=218) to work on /home/airflow/.local/lib/python3.12/site-packages/airflow/example_dags/example_branch_python_dop_operator_3.py
[2025-02-22T12:16:54.381+0000] {processor.py:914} INFO - Processing file /home/airflow/.local/lib/python3.12/site-packages/airflow/example_dags/example_branch_python_dop_operator_3.py for tasks to queue
[2025-02-22T12:16:54.384+0000] {logging_mixin.py:190} INFO - [2025-02-22T12:16:54.383+0000] {dagbag.py:588} INFO - Filling up the DagBag from /home/airflow/.local/lib/python3.12/site-packages/airflow/example_dags/example_branch_python_dop_operator_3.py
[2025-02-22T12:16:54.396+0000] {processor.py:925} INFO - DAG(s) 'example_branch_dop_operator_v3' retrieved from /home/airflow/.local/lib/python3.12/site-packages/airflow/example_dags/example_branch_python_dop_operator_3.py
[2025-02-22T12:16:54.421+0000] {logging_mixin.py:190} INFO - [2025-02-22T12:16:54.420+0000] {dag.py:3239} INFO - Sync 1 DAGs
[2025-02-22T12:16:54.461+0000] {logging_mixin.py:190} INFO - [2025-02-22T12:16:54.461+0000] {dag.py:4180} INFO - Setting next_dagrun for example_branch_dop_operator_v3 to 2025-02-22 12:15:00+00:00, run_after=2025-02-22 12:16:00+00:00
[2025-02-22T12:16:54.483+0000] {processor.py:208} INFO - Processing /home/airflow/.local/lib/python3.12/site-packages/airflow/example_dags/example_branch_python_dop_operator_3.py took 0.112 seconds
[2025-02-22T12:17:25.894+0000] {processor.py:186} INFO - Started process (PID=281) to work on /home/airflow/.local/lib/python3.12/site-packages/airflow/example_dags/example_branch_python_dop_operator_3.py
[2025-02-22T12:17:25.895+0000] {processor.py:914} INFO - Processing file /home/airflow/.local/lib/python3.12/site-packages/airflow/example_dags/example_branch_python_dop_operator_3.py for tasks to queue
[2025-02-22T12:17:25.898+0000] {logging_mixin.py:190} INFO - [2025-02-22T12:17:25.897+0000] {dagbag.py:588} INFO - Filling up the DagBag from /home/airflow/.local/lib/python3.12/site-packages/airflow/example_dags/example_branch_python_dop_operator_3.py
[2025-02-22T12:17:25.910+0000] {processor.py:925} INFO - DAG(s) 'example_branch_dop_operator_v3' retrieved from /home/airflow/.local/lib/python3.12/site-packages/airflow/example_dags/example_branch_python_dop_operator_3.py
[2025-02-22T12:17:25.931+0000] {logging_mixin.py:190} INFO - [2025-02-22T12:17:25.931+0000] {dag.py:3239} INFO - Sync 1 DAGs
[2025-02-22T12:17:25.976+0000] {logging_mixin.py:190} INFO - [2025-02-22T12:17:25.975+0000] {dag.py:4180} INFO - Setting next_dagrun for example_branch_dop_operator_v3 to 2025-02-22 12:16:00+00:00, run_after=2025-02-22 12:17:00+00:00
[2025-02-22T12:17:25.999+0000] {processor.py:208} INFO - Processing /home/airflow/.local/lib/python3.12/site-packages/airflow/example_dags/example_branch_python_dop_operator_3.py took 0.113 seconds
