[2025-02-22T12:15:46.444+0000] {processor.py:186} INFO - Started process (PID=69) to work on /home/airflow/.local/lib/python3.12/site-packages/airflow/example_dags/example_python_operator.py
[2025-02-22T12:15:46.444+0000] {processor.py:914} INFO - Processing file /home/airflow/.local/lib/python3.12/site-packages/airflow/example_dags/example_python_operator.py for tasks to queue
[2025-02-22T12:15:46.447+0000] {logging_mixin.py:190} INFO - [2025-02-22T12:15:46.446+0000] {dagbag.py:588} INFO - Filling up the DagBag from /home/airflow/.local/lib/python3.12/site-packages/airflow/example_dags/example_python_operator.py
[2025-02-22T12:15:46.462+0000] {processor.py:925} INFO - DAG(s) 'example_python_operator' retrieved from /home/airflow/.local/lib/python3.12/site-packages/airflow/example_dags/example_python_operator.py
[2025-02-22T12:15:46.593+0000] {logging_mixin.py:190} INFO - [2025-02-22T12:15:46.592+0000] {override.py:1912} INFO - Created Permission View: can delete on DAG:example_python_operator
[2025-02-22T12:15:46.607+0000] {logging_mixin.py:190} INFO - [2025-02-22T12:15:46.607+0000] {override.py:1912} INFO - Created Permission View: can edit on DAG:example_python_operator
[2025-02-22T12:15:46.617+0000] {logging_mixin.py:190} INFO - [2025-02-22T12:15:46.616+0000] {override.py:1912} INFO - Created Permission View: can read on DAG:example_python_operator
[2025-02-22T12:15:46.628+0000] {logging_mixin.py:190} INFO - [2025-02-22T12:15:46.628+0000] {override.py:1912} INFO - Created Permission View: can delete on DAG Run:example_python_operator
[2025-02-22T12:15:46.636+0000] {logging_mixin.py:190} INFO - [2025-02-22T12:15:46.636+0000] {override.py:1912} INFO - Created Permission View: can create on DAG Run:example_python_operator
[2025-02-22T12:15:46.645+0000] {logging_mixin.py:190} INFO - [2025-02-22T12:15:46.644+0000] {override.py:1912} INFO - Created Permission View: menu access on DAG Run:example_python_operator
[2025-02-22T12:15:46.653+0000] {logging_mixin.py:190} INFO - [2025-02-22T12:15:46.653+0000] {override.py:1912} INFO - Created Permission View: can read on DAG Run:example_python_operator
[2025-02-22T12:15:46.654+0000] {logging_mixin.py:190} INFO - [2025-02-22T12:15:46.654+0000] {dag.py:3239} INFO - Sync 1 DAGs
[2025-02-22T12:15:46.668+0000] {logging_mixin.py:190} INFO - [2025-02-22T12:15:46.668+0000] {dag.py:3262} INFO - Creating ORM DAG for example_python_operator
[2025-02-22T12:15:46.669+0000] {logging_mixin.py:190} INFO - [2025-02-22T12:15:46.669+0000] {dag.py:4180} INFO - Setting next_dagrun for example_python_operator to None, run_after=None
[2025-02-22T12:15:46.687+0000] {processor.py:208} INFO - Processing /home/airflow/.local/lib/python3.12/site-packages/airflow/example_dags/example_python_operator.py took 0.250 seconds
[2025-02-22T12:16:16.900+0000] {processor.py:186} INFO - Started process (PID=131) to work on /home/airflow/.local/lib/python3.12/site-packages/airflow/example_dags/example_python_operator.py
[2025-02-22T12:16:16.917+0000] {processor.py:914} INFO - Processing file /home/airflow/.local/lib/python3.12/site-packages/airflow/example_dags/example_python_operator.py for tasks to queue
[2025-02-22T12:16:16.919+0000] {logging_mixin.py:190} INFO - [2025-02-22T12:16:16.919+0000] {dagbag.py:588} INFO - Filling up the DagBag from /home/airflow/.local/lib/python3.12/site-packages/airflow/example_dags/example_python_operator.py
[2025-02-22T12:16:16.932+0000] {processor.py:925} INFO - DAG(s) 'example_python_operator' retrieved from /home/airflow/.local/lib/python3.12/site-packages/airflow/example_dags/example_python_operator.py
[2025-02-22T12:16:16.958+0000] {logging_mixin.py:190} INFO - [2025-02-22T12:16:16.957+0000] {dag.py:3239} INFO - Sync 1 DAGs
[2025-02-22T12:16:16.975+0000] {logging_mixin.py:190} INFO - [2025-02-22T12:16:16.975+0000] {dag.py:4180} INFO - Setting next_dagrun for example_python_operator to None, run_after=None
[2025-02-22T12:16:17.001+0000] {processor.py:208} INFO - Processing /home/airflow/.local/lib/python3.12/site-packages/airflow/example_dags/example_python_operator.py took 0.108 seconds
[2025-02-22T12:16:47.060+0000] {processor.py:186} INFO - Started process (PID=193) to work on /home/airflow/.local/lib/python3.12/site-packages/airflow/example_dags/example_python_operator.py
[2025-02-22T12:16:47.061+0000] {processor.py:914} INFO - Processing file /home/airflow/.local/lib/python3.12/site-packages/airflow/example_dags/example_python_operator.py for tasks to queue
[2025-02-22T12:16:47.064+0000] {logging_mixin.py:190} INFO - [2025-02-22T12:16:47.063+0000] {dagbag.py:588} INFO - Filling up the DagBag from /home/airflow/.local/lib/python3.12/site-packages/airflow/example_dags/example_python_operator.py
[2025-02-22T12:16:47.078+0000] {processor.py:925} INFO - DAG(s) 'example_python_operator' retrieved from /home/airflow/.local/lib/python3.12/site-packages/airflow/example_dags/example_python_operator.py
[2025-02-22T12:16:47.110+0000] {logging_mixin.py:190} INFO - [2025-02-22T12:16:47.110+0000] {dag.py:3239} INFO - Sync 1 DAGs
[2025-02-22T12:16:47.131+0000] {logging_mixin.py:190} INFO - [2025-02-22T12:16:47.130+0000] {dag.py:4180} INFO - Setting next_dagrun for example_python_operator to None, run_after=None
[2025-02-22T12:16:47.156+0000] {processor.py:208} INFO - Processing /home/airflow/.local/lib/python3.12/site-packages/airflow/example_dags/example_python_operator.py took 0.103 seconds
[2025-02-22T12:17:17.862+0000] {processor.py:186} INFO - Started process (PID=257) to work on /home/airflow/.local/lib/python3.12/site-packages/airflow/example_dags/example_python_operator.py
[2025-02-22T12:17:17.863+0000] {processor.py:914} INFO - Processing file /home/airflow/.local/lib/python3.12/site-packages/airflow/example_dags/example_python_operator.py for tasks to queue
[2025-02-22T12:17:17.865+0000] {logging_mixin.py:190} INFO - [2025-02-22T12:17:17.865+0000] {dagbag.py:588} INFO - Filling up the DagBag from /home/airflow/.local/lib/python3.12/site-packages/airflow/example_dags/example_python_operator.py
[2025-02-22T12:17:17.880+0000] {processor.py:925} INFO - DAG(s) 'example_python_operator' retrieved from /home/airflow/.local/lib/python3.12/site-packages/airflow/example_dags/example_python_operator.py
[2025-02-22T12:17:17.909+0000] {logging_mixin.py:190} INFO - [2025-02-22T12:17:17.909+0000] {dag.py:3239} INFO - Sync 1 DAGs
[2025-02-22T12:17:17.926+0000] {logging_mixin.py:190} INFO - [2025-02-22T12:17:17.926+0000] {dag.py:4180} INFO - Setting next_dagrun for example_python_operator to None, run_after=None
[2025-02-22T12:17:17.947+0000] {processor.py:208} INFO - Processing /home/airflow/.local/lib/python3.12/site-packages/airflow/example_dags/example_python_operator.py took 0.094 seconds
