[2025-02-22T12:15:40.730+0000] {processor.py:186} INFO - Started process (PID=51) to work on /home/airflow/.local/lib/python3.12/site-packages/airflow/example_dags/example_outlet_event_extra.py
[2025-02-22T12:15:40.731+0000] {processor.py:914} INFO - Processing file /home/airflow/.local/lib/python3.12/site-packages/airflow/example_dags/example_outlet_event_extra.py for tasks to queue
[2025-02-22T12:15:40.734+0000] {logging_mixin.py:190} INFO - [2025-02-22T12:15:40.733+0000] {dagbag.py:588} INFO - Filling up the DagBag from /home/airflow/.local/lib/python3.12/site-packages/airflow/example_dags/example_outlet_event_extra.py
[2025-02-22T12:15:43.319+0000] {processor.py:925} INFO - DAG(s) 'dataset_with_extra_by_yield', 'dataset_with_extra_by_context', 'dataset_with_extra_from_classic_operator' retrieved from /home/airflow/.local/lib/python3.12/site-packages/airflow/example_dags/example_outlet_event_extra.py
[2025-02-22T12:15:43.483+0000] {logging_mixin.py:190} INFO - [2025-02-22T12:15:43.482+0000] {override.py:1912} INFO - Created Permission View: can delete on DAG:dataset_with_extra_by_yield
[2025-02-22T12:15:43.503+0000] {logging_mixin.py:190} INFO - [2025-02-22T12:15:43.503+0000] {override.py:1912} INFO - Created Permission View: can edit on DAG:dataset_with_extra_by_yield
[2025-02-22T12:15:43.523+0000] {logging_mixin.py:190} INFO - [2025-02-22T12:15:43.522+0000] {override.py:1912} INFO - Created Permission View: can read on DAG:dataset_with_extra_by_yield
[2025-02-22T12:15:43.534+0000] {logging_mixin.py:190} INFO - [2025-02-22T12:15:43.533+0000] {override.py:1912} INFO - Created Permission View: can delete on DAG Run:dataset_with_extra_by_yield
[2025-02-22T12:15:43.546+0000] {logging_mixin.py:190} INFO - [2025-02-22T12:15:43.545+0000] {override.py:1912} INFO - Created Permission View: can create on DAG Run:dataset_with_extra_by_yield
[2025-02-22T12:15:43.556+0000] {logging_mixin.py:190} INFO - [2025-02-22T12:15:43.556+0000] {override.py:1912} INFO - Created Permission View: menu access on DAG Run:dataset_with_extra_by_yield
[2025-02-22T12:15:43.566+0000] {logging_mixin.py:190} INFO - [2025-02-22T12:15:43.565+0000] {override.py:1912} INFO - Created Permission View: can read on DAG Run:dataset_with_extra_by_yield
[2025-02-22T12:15:43.588+0000] {logging_mixin.py:190} INFO - [2025-02-22T12:15:43.588+0000] {override.py:1912} INFO - Created Permission View: can delete on DAG:dataset_with_extra_by_context
[2025-02-22T12:15:43.602+0000] {logging_mixin.py:190} INFO - [2025-02-22T12:15:43.602+0000] {override.py:1912} INFO - Created Permission View: can edit on DAG:dataset_with_extra_by_context
[2025-02-22T12:15:43.613+0000] {logging_mixin.py:190} INFO - [2025-02-22T12:15:43.613+0000] {override.py:1912} INFO - Created Permission View: can read on DAG:dataset_with_extra_by_context
[2025-02-22T12:15:43.625+0000] {logging_mixin.py:190} INFO - [2025-02-22T12:15:43.624+0000] {override.py:1912} INFO - Created Permission View: can delete on DAG Run:dataset_with_extra_by_context
[2025-02-22T12:15:43.635+0000] {logging_mixin.py:190} INFO - [2025-02-22T12:15:43.635+0000] {override.py:1912} INFO - Created Permission View: can create on DAG Run:dataset_with_extra_by_context
[2025-02-22T12:15:43.645+0000] {logging_mixin.py:190} INFO - [2025-02-22T12:15:43.645+0000] {override.py:1912} INFO - Created Permission View: menu access on DAG Run:dataset_with_extra_by_context
[2025-02-22T12:15:43.656+0000] {logging_mixin.py:190} INFO - [2025-02-22T12:15:43.656+0000] {override.py:1912} INFO - Created Permission View: can read on DAG Run:dataset_with_extra_by_context
[2025-02-22T12:15:43.686+0000] {logging_mixin.py:190} INFO - [2025-02-22T12:15:43.686+0000] {override.py:1912} INFO - Created Permission View: can delete on DAG:dataset_with_extra_from_classic_operator
[2025-02-22T12:15:43.699+0000] {logging_mixin.py:190} INFO - [2025-02-22T12:15:43.698+0000] {override.py:1912} INFO - Created Permission View: can edit on DAG:dataset_with_extra_from_classic_operator
[2025-02-22T12:15:43.711+0000] {logging_mixin.py:190} INFO - [2025-02-22T12:15:43.710+0000] {override.py:1912} INFO - Created Permission View: can read on DAG:dataset_with_extra_from_classic_operator
[2025-02-22T12:15:43.724+0000] {logging_mixin.py:190} INFO - [2025-02-22T12:15:43.724+0000] {override.py:1912} INFO - Created Permission View: can delete on DAG Run:dataset_with_extra_from_classic_operator
[2025-02-22T12:15:43.735+0000] {logging_mixin.py:190} INFO - [2025-02-22T12:15:43.735+0000] {override.py:1912} INFO - Created Permission View: can create on DAG Run:dataset_with_extra_from_classic_operator
[2025-02-22T12:15:43.746+0000] {logging_mixin.py:190} INFO - [2025-02-22T12:15:43.745+0000] {override.py:1912} INFO - Created Permission View: menu access on DAG Run:dataset_with_extra_from_classic_operator
[2025-02-22T12:15:43.757+0000] {logging_mixin.py:190} INFO - [2025-02-22T12:15:43.756+0000] {override.py:1912} INFO - Created Permission View: can read on DAG Run:dataset_with_extra_from_classic_operator
[2025-02-22T12:15:43.757+0000] {logging_mixin.py:190} INFO - [2025-02-22T12:15:43.757+0000] {dag.py:3239} INFO - Sync 3 DAGs
[2025-02-22T12:15:43.780+0000] {logging_mixin.py:190} INFO - [2025-02-22T12:15:43.780+0000] {dag.py:3262} INFO - Creating ORM DAG for dataset_with_extra_by_yield
[2025-02-22T12:15:43.782+0000] {logging_mixin.py:190} INFO - [2025-02-22T12:15:43.781+0000] {dag.py:3262} INFO - Creating ORM DAG for dataset_with_extra_by_context
[2025-02-22T12:15:43.783+0000] {logging_mixin.py:190} INFO - [2025-02-22T12:15:43.782+0000] {dag.py:3262} INFO - Creating ORM DAG for dataset_with_extra_from_classic_operator
[2025-02-22T12:15:43.803+0000] {logging_mixin.py:190} INFO - [2025-02-22T12:15:43.802+0000] {dag.py:4180} INFO - Setting next_dagrun for dataset_with_extra_by_context to 2025-02-21 00:00:00+00:00, run_after=2025-02-22 00:00:00+00:00
[2025-02-22T12:15:43.807+0000] {logging_mixin.py:190} INFO - [2025-02-22T12:15:43.807+0000] {dag.py:4180} INFO - Setting next_dagrun for dataset_with_extra_by_yield to 2025-02-21 00:00:00+00:00, run_after=2025-02-22 00:00:00+00:00
[2025-02-22T12:15:43.811+0000] {logging_mixin.py:190} INFO - [2025-02-22T12:15:43.811+0000] {dag.py:4180} INFO - Setting next_dagrun for dataset_with_extra_from_classic_operator to 2025-02-21 00:00:00+00:00, run_after=2025-02-22 00:00:00+00:00
[2025-02-22T12:15:43.863+0000] {processor.py:208} INFO - Processing /home/airflow/.local/lib/python3.12/site-packages/airflow/example_dags/example_outlet_event_extra.py took 3.140 seconds
[2025-02-22T12:16:14.181+0000] {processor.py:186} INFO - Started process (PID=119) to work on /home/airflow/.local/lib/python3.12/site-packages/airflow/example_dags/example_outlet_event_extra.py
[2025-02-22T12:16:14.183+0000] {processor.py:914} INFO - Processing file /home/airflow/.local/lib/python3.12/site-packages/airflow/example_dags/example_outlet_event_extra.py for tasks to queue
[2025-02-22T12:16:14.187+0000] {logging_mixin.py:190} INFO - [2025-02-22T12:16:14.187+0000] {dagbag.py:588} INFO - Filling up the DagBag from /home/airflow/.local/lib/python3.12/site-packages/airflow/example_dags/example_outlet_event_extra.py
[2025-02-22T12:16:15.088+0000] {processor.py:925} INFO - DAG(s) 'dataset_with_extra_by_yield', 'dataset_with_extra_from_classic_operator', 'dataset_with_extra_by_context' retrieved from /home/airflow/.local/lib/python3.12/site-packages/airflow/example_dags/example_outlet_event_extra.py
[2025-02-22T12:16:15.116+0000] {logging_mixin.py:190} INFO - [2025-02-22T12:16:15.116+0000] {dag.py:3239} INFO - Sync 3 DAGs
[2025-02-22T12:16:15.148+0000] {logging_mixin.py:190} INFO - [2025-02-22T12:16:15.147+0000] {dag.py:4180} INFO - Setting next_dagrun for dataset_with_extra_by_context to 2025-02-21 00:00:00+00:00, run_after=2025-02-22 00:00:00+00:00
[2025-02-22T12:16:15.154+0000] {logging_mixin.py:190} INFO - [2025-02-22T12:16:15.154+0000] {dag.py:4180} INFO - Setting next_dagrun for dataset_with_extra_by_yield to 2025-02-21 00:00:00+00:00, run_after=2025-02-22 00:00:00+00:00
[2025-02-22T12:16:15.158+0000] {logging_mixin.py:190} INFO - [2025-02-22T12:16:15.158+0000] {dag.py:4180} INFO - Setting next_dagrun for dataset_with_extra_from_classic_operator to 2025-02-21 00:00:00+00:00, run_after=2025-02-22 00:00:00+00:00
[2025-02-22T12:16:15.195+0000] {processor.py:208} INFO - Processing /home/airflow/.local/lib/python3.12/site-packages/airflow/example_dags/example_outlet_event_extra.py took 1.025 seconds
[2025-02-22T12:16:46.049+0000] {processor.py:186} INFO - Started process (PID=185) to work on /home/airflow/.local/lib/python3.12/site-packages/airflow/example_dags/example_outlet_event_extra.py
[2025-02-22T12:16:46.051+0000] {processor.py:914} INFO - Processing file /home/airflow/.local/lib/python3.12/site-packages/airflow/example_dags/example_outlet_event_extra.py for tasks to queue
[2025-02-22T12:16:46.054+0000] {logging_mixin.py:190} INFO - [2025-02-22T12:16:46.053+0000] {dagbag.py:588} INFO - Filling up the DagBag from /home/airflow/.local/lib/python3.12/site-packages/airflow/example_dags/example_outlet_event_extra.py
[2025-02-22T12:16:46.902+0000] {processor.py:925} INFO - DAG(s) 'dataset_with_extra_from_classic_operator', 'dataset_with_extra_by_context', 'dataset_with_extra_by_yield' retrieved from /home/airflow/.local/lib/python3.12/site-packages/airflow/example_dags/example_outlet_event_extra.py
[2025-02-22T12:16:46.956+0000] {logging_mixin.py:190} INFO - [2025-02-22T12:16:46.956+0000] {dag.py:3239} INFO - Sync 3 DAGs
[2025-02-22T12:16:47.001+0000] {logging_mixin.py:190} INFO - [2025-02-22T12:16:47.000+0000] {dag.py:4180} INFO - Setting next_dagrun for dataset_with_extra_by_context to 2025-02-21 00:00:00+00:00, run_after=2025-02-22 00:00:00+00:00
[2025-02-22T12:16:47.010+0000] {logging_mixin.py:190} INFO - [2025-02-22T12:16:47.010+0000] {dag.py:4180} INFO - Setting next_dagrun for dataset_with_extra_by_yield to 2025-02-21 00:00:00+00:00, run_after=2025-02-22 00:00:00+00:00
[2025-02-22T12:16:47.016+0000] {logging_mixin.py:190} INFO - [2025-02-22T12:16:47.015+0000] {dag.py:4180} INFO - Setting next_dagrun for dataset_with_extra_from_classic_operator to 2025-02-21 00:00:00+00:00, run_after=2025-02-22 00:00:00+00:00
[2025-02-22T12:16:47.050+0000] {processor.py:208} INFO - Processing /home/airflow/.local/lib/python3.12/site-packages/airflow/example_dags/example_outlet_event_extra.py took 1.007 seconds
[2025-02-22T12:17:17.586+0000] {processor.py:186} INFO - Started process (PID=254) to work on /home/airflow/.local/lib/python3.12/site-packages/airflow/example_dags/example_outlet_event_extra.py
[2025-02-22T12:17:17.587+0000] {processor.py:914} INFO - Processing file /home/airflow/.local/lib/python3.12/site-packages/airflow/example_dags/example_outlet_event_extra.py for tasks to queue
[2025-02-22T12:17:17.589+0000] {logging_mixin.py:190} INFO - [2025-02-22T12:17:17.589+0000] {dagbag.py:588} INFO - Filling up the DagBag from /home/airflow/.local/lib/python3.12/site-packages/airflow/example_dags/example_outlet_event_extra.py
[2025-02-22T12:17:18.313+0000] {processor.py:925} INFO - DAG(s) 'dataset_with_extra_by_yield', 'dataset_with_extra_from_classic_operator', 'dataset_with_extra_by_context' retrieved from /home/airflow/.local/lib/python3.12/site-packages/airflow/example_dags/example_outlet_event_extra.py
[2025-02-22T12:17:18.340+0000] {logging_mixin.py:190} INFO - [2025-02-22T12:17:18.340+0000] {dag.py:3239} INFO - Sync 3 DAGs
[2025-02-22T12:17:18.369+0000] {logging_mixin.py:190} INFO - [2025-02-22T12:17:18.368+0000] {dag.py:4180} INFO - Setting next_dagrun for dataset_with_extra_by_context to 2025-02-21 00:00:00+00:00, run_after=2025-02-22 00:00:00+00:00
[2025-02-22T12:17:18.379+0000] {logging_mixin.py:190} INFO - [2025-02-22T12:17:18.378+0000] {dag.py:4180} INFO - Setting next_dagrun for dataset_with_extra_by_yield to 2025-02-21 00:00:00+00:00, run_after=2025-02-22 00:00:00+00:00
[2025-02-22T12:17:18.385+0000] {logging_mixin.py:190} INFO - [2025-02-22T12:17:18.384+0000] {dag.py:4180} INFO - Setting next_dagrun for dataset_with_extra_from_classic_operator to 2025-02-21 00:00:00+00:00, run_after=2025-02-22 00:00:00+00:00
[2025-02-22T12:17:18.426+0000] {processor.py:208} INFO - Processing /home/airflow/.local/lib/python3.12/site-packages/airflow/example_dags/example_outlet_event_extra.py took 0.847 seconds
