[2025-02-22T12:15:46.718+0000] {processor.py:186} INFO - Started process (PID=70) to work on /home/airflow/.local/lib/python3.12/site-packages/airflow/example_dags/example_trigger_controller_dag.py
[2025-02-22T12:15:46.719+0000] {processor.py:914} INFO - Processing file /home/airflow/.local/lib/python3.12/site-packages/airflow/example_dags/example_trigger_controller_dag.py for tasks to queue
[2025-02-22T12:15:46.721+0000] {logging_mixin.py:190} INFO - [2025-02-22T12:15:46.721+0000] {dagbag.py:588} INFO - Filling up the DagBag from /home/airflow/.local/lib/python3.12/site-packages/airflow/example_dags/example_trigger_controller_dag.py
[2025-02-22T12:15:46.729+0000] {processor.py:925} INFO - DAG(s) 'example_trigger_controller_dag' retrieved from /home/airflow/.local/lib/python3.12/site-packages/airflow/example_dags/example_trigger_controller_dag.py
[2025-02-22T12:15:46.879+0000] {logging_mixin.py:190} INFO - [2025-02-22T12:15:46.879+0000] {override.py:1912} INFO - Created Permission View: can delete on DAG:example_trigger_controller_dag
[2025-02-22T12:15:46.893+0000] {logging_mixin.py:190} INFO - [2025-02-22T12:15:46.892+0000] {override.py:1912} INFO - Created Permission View: can edit on DAG:example_trigger_controller_dag
[2025-02-22T12:15:46.901+0000] {logging_mixin.py:190} INFO - [2025-02-22T12:15:46.901+0000] {override.py:1912} INFO - Created Permission View: can read on DAG:example_trigger_controller_dag
[2025-02-22T12:15:46.913+0000] {logging_mixin.py:190} INFO - [2025-02-22T12:15:46.913+0000] {override.py:1912} INFO - Created Permission View: can delete on DAG Run:example_trigger_controller_dag
[2025-02-22T12:15:46.922+0000] {logging_mixin.py:190} INFO - [2025-02-22T12:15:46.922+0000] {override.py:1912} INFO - Created Permission View: can create on DAG Run:example_trigger_controller_dag
[2025-02-22T12:15:46.931+0000] {logging_mixin.py:190} INFO - [2025-02-22T12:15:46.931+0000] {override.py:1912} INFO - Created Permission View: menu access on DAG Run:example_trigger_controller_dag
[2025-02-22T12:15:46.943+0000] {logging_mixin.py:190} INFO - [2025-02-22T12:15:46.943+0000] {override.py:1912} INFO - Created Permission View: can read on DAG Run:example_trigger_controller_dag
[2025-02-22T12:15:46.944+0000] {logging_mixin.py:190} INFO - [2025-02-22T12:15:46.944+0000] {dag.py:3239} INFO - Sync 1 DAGs
[2025-02-22T12:15:46.964+0000] {logging_mixin.py:190} INFO - [2025-02-22T12:15:46.963+0000] {dag.py:3262} INFO - Creating ORM DAG for example_trigger_controller_dag
[2025-02-22T12:15:46.977+0000] {logging_mixin.py:190} INFO - [2025-02-22T12:15:46.977+0000] {dag.py:4180} INFO - Setting next_dagrun for example_trigger_controller_dag to 2021-01-01 00:00:00+00:00, run_after=2021-01-01 00:00:00+00:00
[2025-02-22T12:15:46.997+0000] {processor.py:208} INFO - Processing /home/airflow/.local/lib/python3.12/site-packages/airflow/example_dags/example_trigger_controller_dag.py took 0.285 seconds
[2025-02-22T12:16:17.074+0000] {processor.py:186} INFO - Started process (PID=133) to work on /home/airflow/.local/lib/python3.12/site-packages/airflow/example_dags/example_trigger_controller_dag.py
[2025-02-22T12:16:17.087+0000] {processor.py:914} INFO - Processing file /home/airflow/.local/lib/python3.12/site-packages/airflow/example_dags/example_trigger_controller_dag.py for tasks to queue
[2025-02-22T12:16:17.090+0000] {logging_mixin.py:190} INFO - [2025-02-22T12:16:17.089+0000] {dagbag.py:588} INFO - Filling up the DagBag from /home/airflow/.local/lib/python3.12/site-packages/airflow/example_dags/example_trigger_controller_dag.py
[2025-02-22T12:16:17.097+0000] {processor.py:925} INFO - DAG(s) 'example_trigger_controller_dag' retrieved from /home/airflow/.local/lib/python3.12/site-packages/airflow/example_dags/example_trigger_controller_dag.py
[2025-02-22T12:16:17.121+0000] {logging_mixin.py:190} INFO - [2025-02-22T12:16:17.121+0000] {dag.py:3239} INFO - Sync 1 DAGs
[2025-02-22T12:16:17.156+0000] {logging_mixin.py:190} INFO - [2025-02-22T12:16:17.156+0000] {dag.py:4180} INFO - Setting next_dagrun for example_trigger_controller_dag to 2021-01-01 00:00:00+00:00, run_after=2021-01-01 00:00:00+00:00
[2025-02-22T12:16:17.203+0000] {processor.py:208} INFO - Processing /home/airflow/.local/lib/python3.12/site-packages/airflow/example_dags/example_trigger_controller_dag.py took 0.137 seconds
[2025-02-22T12:16:47.235+0000] {processor.py:186} INFO - Started process (PID=195) to work on /home/airflow/.local/lib/python3.12/site-packages/airflow/example_dags/example_trigger_controller_dag.py
[2025-02-22T12:16:47.236+0000] {processor.py:914} INFO - Processing file /home/airflow/.local/lib/python3.12/site-packages/airflow/example_dags/example_trigger_controller_dag.py for tasks to queue
[2025-02-22T12:16:47.239+0000] {logging_mixin.py:190} INFO - [2025-02-22T12:16:47.239+0000] {dagbag.py:588} INFO - Filling up the DagBag from /home/airflow/.local/lib/python3.12/site-packages/airflow/example_dags/example_trigger_controller_dag.py
[2025-02-22T12:16:47.247+0000] {processor.py:925} INFO - DAG(s) 'example_trigger_controller_dag' retrieved from /home/airflow/.local/lib/python3.12/site-packages/airflow/example_dags/example_trigger_controller_dag.py
[2025-02-22T12:16:47.270+0000] {logging_mixin.py:190} INFO - [2025-02-22T12:16:47.270+0000] {dag.py:3239} INFO - Sync 1 DAGs
[2025-02-22T12:16:47.302+0000] {logging_mixin.py:190} INFO - [2025-02-22T12:16:47.301+0000] {dag.py:4180} INFO - Setting next_dagrun for example_trigger_controller_dag to 2021-01-01 00:00:00+00:00, run_after=2021-01-01 00:00:00+00:00
[2025-02-22T12:16:47.355+0000] {processor.py:208} INFO - Processing /home/airflow/.local/lib/python3.12/site-packages/airflow/example_dags/example_trigger_controller_dag.py took 0.128 seconds
[2025-02-22T12:17:17.974+0000] {processor.py:186} INFO - Started process (PID=258) to work on /home/airflow/.local/lib/python3.12/site-packages/airflow/example_dags/example_trigger_controller_dag.py
[2025-02-22T12:17:17.975+0000] {processor.py:914} INFO - Processing file /home/airflow/.local/lib/python3.12/site-packages/airflow/example_dags/example_trigger_controller_dag.py for tasks to queue
[2025-02-22T12:17:17.977+0000] {logging_mixin.py:190} INFO - [2025-02-22T12:17:17.977+0000] {dagbag.py:588} INFO - Filling up the DagBag from /home/airflow/.local/lib/python3.12/site-packages/airflow/example_dags/example_trigger_controller_dag.py
[2025-02-22T12:17:17.984+0000] {processor.py:925} INFO - DAG(s) 'example_trigger_controller_dag' retrieved from /home/airflow/.local/lib/python3.12/site-packages/airflow/example_dags/example_trigger_controller_dag.py
[2025-02-22T12:17:18.008+0000] {logging_mixin.py:190} INFO - [2025-02-22T12:17:18.008+0000] {dag.py:3239} INFO - Sync 1 DAGs
[2025-02-22T12:17:18.045+0000] {logging_mixin.py:190} INFO - [2025-02-22T12:17:18.044+0000] {dag.py:4180} INFO - Setting next_dagrun for example_trigger_controller_dag to 2021-01-01 00:00:00+00:00, run_after=2021-01-01 00:00:00+00:00
[2025-02-22T12:17:18.070+0000] {processor.py:208} INFO - Processing /home/airflow/.local/lib/python3.12/site-packages/airflow/example_dags/example_trigger_controller_dag.py took 0.102 seconds
