[2025-02-22T12:15:44.397+0000] {processor.py:186} INFO - Started process (PID=61) to work on /home/airflow/.local/lib/python3.12/site-packages/airflow/example_dags/example_python_decorator.py
[2025-02-22T12:15:44.399+0000] {processor.py:914} INFO - Processing file /home/airflow/.local/lib/python3.12/site-packages/airflow/example_dags/example_python_decorator.py for tasks to queue
[2025-02-22T12:15:44.402+0000] {logging_mixin.py:190} INFO - [2025-02-22T12:15:44.401+0000] {dagbag.py:588} INFO - Filling up the DagBag from /home/airflow/.local/lib/python3.12/site-packages/airflow/example_dags/example_python_decorator.py
[2025-02-22T12:15:44.430+0000] {processor.py:925} INFO - DAG(s) 'example_python_decorator' retrieved from /home/airflow/.local/lib/python3.12/site-packages/airflow/example_dags/example_python_decorator.py
[2025-02-22T12:15:44.619+0000] {logging_mixin.py:190} INFO - [2025-02-22T12:15:44.618+0000] {override.py:1912} INFO - Created Permission View: can delete on DAG:example_python_decorator
[2025-02-22T12:15:44.631+0000] {logging_mixin.py:190} INFO - [2025-02-22T12:15:44.631+0000] {override.py:1912} INFO - Created Permission View: can edit on DAG:example_python_decorator
[2025-02-22T12:15:44.640+0000] {logging_mixin.py:190} INFO - [2025-02-22T12:15:44.640+0000] {override.py:1912} INFO - Created Permission View: can read on DAG:example_python_decorator
[2025-02-22T12:15:44.650+0000] {logging_mixin.py:190} INFO - [2025-02-22T12:15:44.650+0000] {override.py:1912} INFO - Created Permission View: can delete on DAG Run:example_python_decorator
[2025-02-22T12:15:44.659+0000] {logging_mixin.py:190} INFO - [2025-02-22T12:15:44.659+0000] {override.py:1912} INFO - Created Permission View: can create on DAG Run:example_python_decorator
[2025-02-22T12:15:44.668+0000] {logging_mixin.py:190} INFO - [2025-02-22T12:15:44.668+0000] {override.py:1912} INFO - Created Permission View: menu access on DAG Run:example_python_decorator
[2025-02-22T12:15:44.682+0000] {logging_mixin.py:190} INFO - [2025-02-22T12:15:44.682+0000] {override.py:1912} INFO - Created Permission View: can read on DAG Run:example_python_decorator
[2025-02-22T12:15:44.683+0000] {logging_mixin.py:190} INFO - [2025-02-22T12:15:44.683+0000] {dag.py:3239} INFO - Sync 1 DAGs
[2025-02-22T12:15:44.704+0000] {logging_mixin.py:190} INFO - [2025-02-22T12:15:44.704+0000] {dag.py:3262} INFO - Creating ORM DAG for example_python_decorator
[2025-02-22T12:15:44.705+0000] {logging_mixin.py:190} INFO - [2025-02-22T12:15:44.705+0000] {dag.py:4180} INFO - Setting next_dagrun for example_python_decorator to None, run_after=None
[2025-02-22T12:15:44.730+0000] {processor.py:208} INFO - Processing /home/airflow/.local/lib/python3.12/site-packages/airflow/example_dags/example_python_decorator.py took 0.349 seconds
[2025-02-22T12:16:15.246+0000] {processor.py:186} INFO - Started process (PID=124) to work on /home/airflow/.local/lib/python3.12/site-packages/airflow/example_dags/example_python_decorator.py
[2025-02-22T12:16:15.247+0000] {processor.py:914} INFO - Processing file /home/airflow/.local/lib/python3.12/site-packages/airflow/example_dags/example_python_decorator.py for tasks to queue
[2025-02-22T12:16:15.250+0000] {logging_mixin.py:190} INFO - [2025-02-22T12:16:15.249+0000] {dagbag.py:588} INFO - Filling up the DagBag from /home/airflow/.local/lib/python3.12/site-packages/airflow/example_dags/example_python_decorator.py
[2025-02-22T12:16:15.268+0000] {processor.py:925} INFO - DAG(s) 'example_python_decorator' retrieved from /home/airflow/.local/lib/python3.12/site-packages/airflow/example_dags/example_python_decorator.py
[2025-02-22T12:16:15.296+0000] {logging_mixin.py:190} INFO - [2025-02-22T12:16:15.296+0000] {dag.py:3239} INFO - Sync 1 DAGs
[2025-02-22T12:16:15.315+0000] {logging_mixin.py:190} INFO - [2025-02-22T12:16:15.315+0000] {dag.py:4180} INFO - Setting next_dagrun for example_python_decorator to None, run_after=None
[2025-02-22T12:16:15.337+0000] {processor.py:208} INFO - Processing /home/airflow/.local/lib/python3.12/site-packages/airflow/example_dags/example_python_decorator.py took 0.099 seconds
[2025-02-22T12:16:46.175+0000] {processor.py:186} INFO - Started process (PID=187) to work on /home/airflow/.local/lib/python3.12/site-packages/airflow/example_dags/example_python_decorator.py
[2025-02-22T12:16:46.176+0000] {processor.py:914} INFO - Processing file /home/airflow/.local/lib/python3.12/site-packages/airflow/example_dags/example_python_decorator.py for tasks to queue
[2025-02-22T12:16:46.179+0000] {logging_mixin.py:190} INFO - [2025-02-22T12:16:46.179+0000] {dagbag.py:588} INFO - Filling up the DagBag from /home/airflow/.local/lib/python3.12/site-packages/airflow/example_dags/example_python_decorator.py
[2025-02-22T12:16:46.196+0000] {processor.py:925} INFO - DAG(s) 'example_python_decorator' retrieved from /home/airflow/.local/lib/python3.12/site-packages/airflow/example_dags/example_python_decorator.py
[2025-02-22T12:16:46.221+0000] {logging_mixin.py:190} INFO - [2025-02-22T12:16:46.221+0000] {dag.py:3239} INFO - Sync 1 DAGs
[2025-02-22T12:16:46.239+0000] {logging_mixin.py:190} INFO - [2025-02-22T12:16:46.238+0000] {dag.py:4180} INFO - Setting next_dagrun for example_python_decorator to None, run_after=None
[2025-02-22T12:16:46.261+0000] {processor.py:208} INFO - Processing /home/airflow/.local/lib/python3.12/site-packages/airflow/example_dags/example_python_decorator.py took 0.094 seconds
[2025-02-22T12:17:17.059+0000] {processor.py:186} INFO - Started process (PID=249) to work on /home/airflow/.local/lib/python3.12/site-packages/airflow/example_dags/example_python_decorator.py
[2025-02-22T12:17:17.060+0000] {processor.py:914} INFO - Processing file /home/airflow/.local/lib/python3.12/site-packages/airflow/example_dags/example_python_decorator.py for tasks to queue
[2025-02-22T12:17:17.062+0000] {logging_mixin.py:190} INFO - [2025-02-22T12:17:17.062+0000] {dagbag.py:588} INFO - Filling up the DagBag from /home/airflow/.local/lib/python3.12/site-packages/airflow/example_dags/example_python_decorator.py
[2025-02-22T12:17:17.079+0000] {processor.py:925} INFO - DAG(s) 'example_python_decorator' retrieved from /home/airflow/.local/lib/python3.12/site-packages/airflow/example_dags/example_python_decorator.py
[2025-02-22T12:17:17.103+0000] {logging_mixin.py:190} INFO - [2025-02-22T12:17:17.103+0000] {dag.py:3239} INFO - Sync 1 DAGs
[2025-02-22T12:17:17.121+0000] {logging_mixin.py:190} INFO - [2025-02-22T12:17:17.120+0000] {dag.py:4180} INFO - Setting next_dagrun for example_python_decorator to None, run_after=None
[2025-02-22T12:17:17.141+0000] {processor.py:208} INFO - Processing /home/airflow/.local/lib/python3.12/site-packages/airflow/example_dags/example_python_decorator.py took 0.089 seconds
