[2025-02-22T12:15:43.400+0000] {processor.py:186} INFO - Started process (PID=56) to work on /home/airflow/.local/lib/python3.12/site-packages/airflow/example_dags/example_setup_teardown.py
[2025-02-22T12:15:43.401+0000] {processor.py:914} INFO - Processing file /home/airflow/.local/lib/python3.12/site-packages/airflow/example_dags/example_setup_teardown.py for tasks to queue
[2025-02-22T12:15:43.403+0000] {logging_mixin.py:190} INFO - [2025-02-22T12:15:43.403+0000] {dagbag.py:588} INFO - Filling up the DagBag from /home/airflow/.local/lib/python3.12/site-packages/airflow/example_dags/example_setup_teardown.py
[2025-02-22T12:15:43.414+0000] {processor.py:925} INFO - DAG(s) 'example_setup_teardown' retrieved from /home/airflow/.local/lib/python3.12/site-packages/airflow/example_dags/example_setup_teardown.py
[2025-02-22T12:15:43.550+0000] {logging_mixin.py:190} INFO - [2025-02-22T12:15:43.549+0000] {override.py:1912} INFO - Created Permission View: can delete on DAG:example_setup_teardown
[2025-02-22T12:15:43.562+0000] {logging_mixin.py:190} INFO - [2025-02-22T12:15:43.561+0000] {override.py:1912} INFO - Created Permission View: can edit on DAG:example_setup_teardown
[2025-02-22T12:15:43.570+0000] {logging_mixin.py:190} INFO - [2025-02-22T12:15:43.569+0000] {override.py:1912} INFO - Created Permission View: can read on DAG:example_setup_teardown
[2025-02-22T12:15:43.581+0000] {logging_mixin.py:190} INFO - [2025-02-22T12:15:43.580+0000] {override.py:1912} INFO - Created Permission View: can delete on DAG Run:example_setup_teardown
[2025-02-22T12:15:43.593+0000] {logging_mixin.py:190} INFO - [2025-02-22T12:15:43.592+0000] {override.py:1912} INFO - Created Permission View: can create on DAG Run:example_setup_teardown
[2025-02-22T12:15:43.605+0000] {logging_mixin.py:190} INFO - [2025-02-22T12:15:43.604+0000] {override.py:1912} INFO - Created Permission View: menu access on DAG Run:example_setup_teardown
[2025-02-22T12:15:43.616+0000] {logging_mixin.py:190} INFO - [2025-02-22T12:15:43.615+0000] {override.py:1912} INFO - Created Permission View: can read on DAG Run:example_setup_teardown
[2025-02-22T12:15:43.616+0000] {logging_mixin.py:190} INFO - [2025-02-22T12:15:43.616+0000] {dag.py:3239} INFO - Sync 1 DAGs
[2025-02-22T12:15:43.639+0000] {logging_mixin.py:190} INFO - [2025-02-22T12:15:43.639+0000] {dag.py:3262} INFO - Creating ORM DAG for example_setup_teardown
[2025-02-22T12:15:43.641+0000] {logging_mixin.py:190} INFO - [2025-02-22T12:15:43.640+0000] {dag.py:4180} INFO - Setting next_dagrun for example_setup_teardown to None, run_after=None
[2025-02-22T12:15:43.664+0000] {processor.py:208} INFO - Processing /home/airflow/.local/lib/python3.12/site-packages/airflow/example_dags/example_setup_teardown.py took 0.271 seconds
[2025-02-22T12:16:13.806+0000] {processor.py:186} INFO - Started process (PID=118) to work on /home/airflow/.local/lib/python3.12/site-packages/airflow/example_dags/example_setup_teardown.py
[2025-02-22T12:16:13.807+0000] {processor.py:914} INFO - Processing file /home/airflow/.local/lib/python3.12/site-packages/airflow/example_dags/example_setup_teardown.py for tasks to queue
[2025-02-22T12:16:13.809+0000] {logging_mixin.py:190} INFO - [2025-02-22T12:16:13.809+0000] {dagbag.py:588} INFO - Filling up the DagBag from /home/airflow/.local/lib/python3.12/site-packages/airflow/example_dags/example_setup_teardown.py
[2025-02-22T12:16:13.819+0000] {processor.py:925} INFO - DAG(s) 'example_setup_teardown' retrieved from /home/airflow/.local/lib/python3.12/site-packages/airflow/example_dags/example_setup_teardown.py
[2025-02-22T12:16:13.846+0000] {logging_mixin.py:190} INFO - [2025-02-22T12:16:13.846+0000] {dag.py:3239} INFO - Sync 1 DAGs
[2025-02-22T12:16:13.866+0000] {logging_mixin.py:190} INFO - [2025-02-22T12:16:13.866+0000] {dag.py:4180} INFO - Setting next_dagrun for example_setup_teardown to None, run_after=None
[2025-02-22T12:16:14.137+0000] {processor.py:208} INFO - Processing /home/airflow/.local/lib/python3.12/site-packages/airflow/example_dags/example_setup_teardown.py took 0.338 seconds
[2025-02-22T12:16:44.631+0000] {processor.py:186} INFO - Started process (PID=181) to work on /home/airflow/.local/lib/python3.12/site-packages/airflow/example_dags/example_setup_teardown.py
[2025-02-22T12:16:44.633+0000] {processor.py:914} INFO - Processing file /home/airflow/.local/lib/python3.12/site-packages/airflow/example_dags/example_setup_teardown.py for tasks to queue
[2025-02-22T12:16:44.636+0000] {logging_mixin.py:190} INFO - [2025-02-22T12:16:44.636+0000] {dagbag.py:588} INFO - Filling up the DagBag from /home/airflow/.local/lib/python3.12/site-packages/airflow/example_dags/example_setup_teardown.py
[2025-02-22T12:16:44.650+0000] {processor.py:925} INFO - DAG(s) 'example_setup_teardown' retrieved from /home/airflow/.local/lib/python3.12/site-packages/airflow/example_dags/example_setup_teardown.py
[2025-02-22T12:16:44.683+0000] {logging_mixin.py:190} INFO - [2025-02-22T12:16:44.682+0000] {dag.py:3239} INFO - Sync 1 DAGs
[2025-02-22T12:16:44.708+0000] {logging_mixin.py:190} INFO - [2025-02-22T12:16:44.708+0000] {dag.py:4180} INFO - Setting next_dagrun for example_setup_teardown to None, run_after=None
[2025-02-22T12:16:44.740+0000] {processor.py:208} INFO - Processing /home/airflow/.local/lib/python3.12/site-packages/airflow/example_dags/example_setup_teardown.py took 0.118 seconds
[2025-02-22T12:17:15.671+0000] {processor.py:186} INFO - Started process (PID=244) to work on /home/airflow/.local/lib/python3.12/site-packages/airflow/example_dags/example_setup_teardown.py
[2025-02-22T12:17:15.672+0000] {processor.py:914} INFO - Processing file /home/airflow/.local/lib/python3.12/site-packages/airflow/example_dags/example_setup_teardown.py for tasks to queue
[2025-02-22T12:17:15.675+0000] {logging_mixin.py:190} INFO - [2025-02-22T12:17:15.674+0000] {dagbag.py:588} INFO - Filling up the DagBag from /home/airflow/.local/lib/python3.12/site-packages/airflow/example_dags/example_setup_teardown.py
[2025-02-22T12:17:15.683+0000] {processor.py:925} INFO - DAG(s) 'example_setup_teardown' retrieved from /home/airflow/.local/lib/python3.12/site-packages/airflow/example_dags/example_setup_teardown.py
[2025-02-22T12:17:15.712+0000] {logging_mixin.py:190} INFO - [2025-02-22T12:17:15.711+0000] {dag.py:3239} INFO - Sync 1 DAGs
[2025-02-22T12:17:15.736+0000] {logging_mixin.py:190} INFO - [2025-02-22T12:17:15.736+0000] {dag.py:4180} INFO - Setting next_dagrun for example_setup_teardown to None, run_after=None
[2025-02-22T12:17:15.760+0000] {processor.py:208} INFO - Processing /home/airflow/.local/lib/python3.12/site-packages/airflow/example_dags/example_setup_teardown.py took 0.096 seconds
