[2025-02-22T12:15:41.309+0000] {processor.py:186} INFO - Started process (PID=52) to work on /home/airflow/.local/lib/python3.12/site-packages/airflow/example_dags/example_branch_operator.py
[2025-02-22T12:15:41.310+0000] {processor.py:914} INFO - Processing file /home/airflow/.local/lib/python3.12/site-packages/airflow/example_dags/example_branch_operator.py for tasks to queue
[2025-02-22T12:15:41.314+0000] {logging_mixin.py:190} INFO - [2025-02-22T12:15:41.313+0000] {dagbag.py:588} INFO - Filling up the DagBag from /home/airflow/.local/lib/python3.12/site-packages/airflow/example_dags/example_branch_operator.py
[2025-02-22T12:15:41.337+0000] {processor.py:925} INFO - DAG(s) 'example_branch_operator' retrieved from /home/airflow/.local/lib/python3.12/site-packages/airflow/example_dags/example_branch_operator.py
[2025-02-22T12:15:41.553+0000] {logging_mixin.py:190} INFO - [2025-02-22T12:15:41.552+0000] {override.py:1912} INFO - Created Permission View: can delete on DAG:example_branch_operator
[2025-02-22T12:15:41.570+0000] {logging_mixin.py:190} INFO - [2025-02-22T12:15:41.569+0000] {override.py:1912} INFO - Created Permission View: can edit on DAG:example_branch_operator
[2025-02-22T12:15:41.580+0000] {logging_mixin.py:190} INFO - [2025-02-22T12:15:41.580+0000] {override.py:1912} INFO - Created Permission View: can read on DAG:example_branch_operator
[2025-02-22T12:15:41.593+0000] {logging_mixin.py:190} INFO - [2025-02-22T12:15:41.592+0000] {override.py:1912} INFO - Created Permission View: can delete on DAG Run:example_branch_operator
[2025-02-22T12:15:41.604+0000] {logging_mixin.py:190} INFO - [2025-02-22T12:15:41.603+0000] {override.py:1912} INFO - Created Permission View: can create on DAG Run:example_branch_operator
[2025-02-22T12:15:41.613+0000] {logging_mixin.py:190} INFO - [2025-02-22T12:15:41.613+0000] {override.py:1912} INFO - Created Permission View: menu access on DAG Run:example_branch_operator
[2025-02-22T12:15:41.622+0000] {logging_mixin.py:190} INFO - [2025-02-22T12:15:41.622+0000] {override.py:1912} INFO - Created Permission View: can read on DAG Run:example_branch_operator
[2025-02-22T12:15:41.623+0000] {logging_mixin.py:190} INFO - [2025-02-22T12:15:41.622+0000] {dag.py:3239} INFO - Sync 1 DAGs
[2025-02-22T12:15:41.640+0000] {logging_mixin.py:190} INFO - [2025-02-22T12:15:41.640+0000] {dag.py:3262} INFO - Creating ORM DAG for example_branch_operator
[2025-02-22T12:15:41.653+0000] {logging_mixin.py:190} INFO - [2025-02-22T12:15:41.653+0000] {dag.py:4180} INFO - Setting next_dagrun for example_branch_operator to 2025-02-21 00:00:00+00:00, run_after=2025-02-22 00:00:00+00:00
[2025-02-22T12:15:41.675+0000] {processor.py:208} INFO - Processing /home/airflow/.local/lib/python3.12/site-packages/airflow/example_dags/example_branch_operator.py took 0.375 seconds
[2025-02-22T12:16:12.128+0000] {processor.py:186} INFO - Started process (PID=114) to work on /home/airflow/.local/lib/python3.12/site-packages/airflow/example_dags/example_branch_operator.py
[2025-02-22T12:16:12.130+0000] {processor.py:914} INFO - Processing file /home/airflow/.local/lib/python3.12/site-packages/airflow/example_dags/example_branch_operator.py for tasks to queue
[2025-02-22T12:16:12.133+0000] {logging_mixin.py:190} INFO - [2025-02-22T12:16:12.133+0000] {dagbag.py:588} INFO - Filling up the DagBag from /home/airflow/.local/lib/python3.12/site-packages/airflow/example_dags/example_branch_operator.py
[2025-02-22T12:16:12.163+0000] {processor.py:925} INFO - DAG(s) 'example_branch_operator' retrieved from /home/airflow/.local/lib/python3.12/site-packages/airflow/example_dags/example_branch_operator.py
[2025-02-22T12:16:12.202+0000] {logging_mixin.py:190} INFO - [2025-02-22T12:16:12.202+0000] {dag.py:3239} INFO - Sync 1 DAGs
[2025-02-22T12:16:12.238+0000] {logging_mixin.py:190} INFO - [2025-02-22T12:16:12.238+0000] {dag.py:4180} INFO - Setting next_dagrun for example_branch_operator to 2025-02-21 00:00:00+00:00, run_after=2025-02-22 00:00:00+00:00
[2025-02-22T12:16:12.292+0000] {processor.py:208} INFO - Processing /home/airflow/.local/lib/python3.12/site-packages/airflow/example_dags/example_branch_operator.py took 0.172 seconds
[2025-02-22T12:16:42.366+0000] {processor.py:186} INFO - Started process (PID=177) to work on /home/airflow/.local/lib/python3.12/site-packages/airflow/example_dags/example_branch_operator.py
[2025-02-22T12:16:42.367+0000] {processor.py:914} INFO - Processing file /home/airflow/.local/lib/python3.12/site-packages/airflow/example_dags/example_branch_operator.py for tasks to queue
[2025-02-22T12:16:42.369+0000] {logging_mixin.py:190} INFO - [2025-02-22T12:16:42.369+0000] {dagbag.py:588} INFO - Filling up the DagBag from /home/airflow/.local/lib/python3.12/site-packages/airflow/example_dags/example_branch_operator.py
[2025-02-22T12:16:42.390+0000] {processor.py:925} INFO - DAG(s) 'example_branch_operator' retrieved from /home/airflow/.local/lib/python3.12/site-packages/airflow/example_dags/example_branch_operator.py
[2025-02-22T12:16:42.424+0000] {logging_mixin.py:190} INFO - [2025-02-22T12:16:42.424+0000] {dag.py:3239} INFO - Sync 1 DAGs
[2025-02-22T12:16:42.454+0000] {logging_mixin.py:190} INFO - [2025-02-22T12:16:42.454+0000] {dag.py:4180} INFO - Setting next_dagrun for example_branch_operator to 2025-02-21 00:00:00+00:00, run_after=2025-02-22 00:00:00+00:00
[2025-02-22T12:16:42.477+0000] {processor.py:208} INFO - Processing /home/airflow/.local/lib/python3.12/site-packages/airflow/example_dags/example_branch_operator.py took 0.118 seconds
[2025-02-22T12:17:13.402+0000] {processor.py:186} INFO - Started process (PID=240) to work on /home/airflow/.local/lib/python3.12/site-packages/airflow/example_dags/example_branch_operator.py
[2025-02-22T12:17:13.403+0000] {processor.py:914} INFO - Processing file /home/airflow/.local/lib/python3.12/site-packages/airflow/example_dags/example_branch_operator.py for tasks to queue
[2025-02-22T12:17:13.407+0000] {logging_mixin.py:190} INFO - [2025-02-22T12:17:13.406+0000] {dagbag.py:588} INFO - Filling up the DagBag from /home/airflow/.local/lib/python3.12/site-packages/airflow/example_dags/example_branch_operator.py
[2025-02-22T12:17:13.439+0000] {processor.py:925} INFO - DAG(s) 'example_branch_operator' retrieved from /home/airflow/.local/lib/python3.12/site-packages/airflow/example_dags/example_branch_operator.py
[2025-02-22T12:17:13.516+0000] {logging_mixin.py:190} INFO - [2025-02-22T12:17:13.516+0000] {dag.py:3239} INFO - Sync 1 DAGs
[2025-02-22T12:17:13.559+0000] {logging_mixin.py:190} INFO - [2025-02-22T12:17:13.559+0000] {dag.py:4180} INFO - Setting next_dagrun for example_branch_operator to 2025-02-21 00:00:00+00:00, run_after=2025-02-22 00:00:00+00:00
[2025-02-22T12:17:13.590+0000] {processor.py:208} INFO - Processing /home/airflow/.local/lib/python3.12/site-packages/airflow/example_dags/example_branch_operator.py took 0.198 seconds
