[2025-02-22T12:15:42.957+0000] {processor.py:186} INFO - Started process (PID=55) to work on /home/airflow/.local/lib/python3.12/site-packages/airflow/example_dags/example_external_task_marker_dag.py
[2025-02-22T12:15:42.958+0000] {processor.py:914} INFO - Processing file /home/airflow/.local/lib/python3.12/site-packages/airflow/example_dags/example_external_task_marker_dag.py for tasks to queue
[2025-02-22T12:15:42.961+0000] {logging_mixin.py:190} INFO - [2025-02-22T12:15:42.960+0000] {dagbag.py:588} INFO - Filling up the DagBag from /home/airflow/.local/lib/python3.12/site-packages/airflow/example_dags/example_external_task_marker_dag.py
[2025-02-22T12:15:42.971+0000] {processor.py:925} INFO - DAG(s) 'example_external_task_marker_child', 'example_external_task_marker_parent' retrieved from /home/airflow/.local/lib/python3.12/site-packages/airflow/example_dags/example_external_task_marker_dag.py
[2025-02-22T12:15:43.128+0000] {logging_mixin.py:190} INFO - [2025-02-22T12:15:43.128+0000] {override.py:1912} INFO - Created Permission View: can delete on DAG:example_external_task_marker_child
[2025-02-22T12:15:43.142+0000] {logging_mixin.py:190} INFO - [2025-02-22T12:15:43.141+0000] {override.py:1912} INFO - Created Permission View: can edit on DAG:example_external_task_marker_child
[2025-02-22T12:15:43.152+0000] {logging_mixin.py:190} INFO - [2025-02-22T12:15:43.151+0000] {override.py:1912} INFO - Created Permission View: can read on DAG:example_external_task_marker_child
[2025-02-22T12:15:43.168+0000] {logging_mixin.py:190} INFO - [2025-02-22T12:15:43.167+0000] {override.py:1912} INFO - Created Permission View: can delete on DAG Run:example_external_task_marker_child
[2025-02-22T12:15:43.179+0000] {logging_mixin.py:190} INFO - [2025-02-22T12:15:43.178+0000] {override.py:1912} INFO - Created Permission View: can create on DAG Run:example_external_task_marker_child
[2025-02-22T12:15:43.189+0000] {logging_mixin.py:190} INFO - [2025-02-22T12:15:43.188+0000] {override.py:1912} INFO - Created Permission View: menu access on DAG Run:example_external_task_marker_child
[2025-02-22T12:15:43.199+0000] {logging_mixin.py:190} INFO - [2025-02-22T12:15:43.199+0000] {override.py:1912} INFO - Created Permission View: can read on DAG Run:example_external_task_marker_child
[2025-02-22T12:15:43.220+0000] {logging_mixin.py:190} INFO - [2025-02-22T12:15:43.219+0000] {override.py:1912} INFO - Created Permission View: can delete on DAG:example_external_task_marker_parent
[2025-02-22T12:15:43.228+0000] {logging_mixin.py:190} INFO - [2025-02-22T12:15:43.228+0000] {override.py:1912} INFO - Created Permission View: can edit on DAG:example_external_task_marker_parent
[2025-02-22T12:15:43.243+0000] {logging_mixin.py:190} INFO - [2025-02-22T12:15:43.242+0000] {override.py:1912} INFO - Created Permission View: can read on DAG:example_external_task_marker_parent
[2025-02-22T12:15:43.254+0000] {logging_mixin.py:190} INFO - [2025-02-22T12:15:43.253+0000] {override.py:1912} INFO - Created Permission View: can delete on DAG Run:example_external_task_marker_parent
[2025-02-22T12:15:43.266+0000] {logging_mixin.py:190} INFO - [2025-02-22T12:15:43.265+0000] {override.py:1912} INFO - Created Permission View: can create on DAG Run:example_external_task_marker_parent
[2025-02-22T12:15:43.276+0000] {logging_mixin.py:190} INFO - [2025-02-22T12:15:43.276+0000] {override.py:1912} INFO - Created Permission View: menu access on DAG Run:example_external_task_marker_parent
[2025-02-22T12:15:43.287+0000] {logging_mixin.py:190} INFO - [2025-02-22T12:15:43.286+0000] {override.py:1912} INFO - Created Permission View: can read on DAG Run:example_external_task_marker_parent
[2025-02-22T12:15:43.287+0000] {logging_mixin.py:190} INFO - [2025-02-22T12:15:43.287+0000] {dag.py:3239} INFO - Sync 2 DAGs
[2025-02-22T12:15:43.311+0000] {logging_mixin.py:190} INFO - [2025-02-22T12:15:43.311+0000] {dag.py:3262} INFO - Creating ORM DAG for example_external_task_marker_child
[2025-02-22T12:15:43.312+0000] {logging_mixin.py:190} INFO - [2025-02-22T12:15:43.312+0000] {dag.py:3262} INFO - Creating ORM DAG for example_external_task_marker_parent
[2025-02-22T12:15:43.313+0000] {logging_mixin.py:190} INFO - [2025-02-22T12:15:43.313+0000] {dag.py:4180} INFO - Setting next_dagrun for example_external_task_marker_child to None, run_after=None
[2025-02-22T12:15:43.314+0000] {logging_mixin.py:190} INFO - [2025-02-22T12:15:43.314+0000] {dag.py:4180} INFO - Setting next_dagrun for example_external_task_marker_parent to None, run_after=None
[2025-02-22T12:15:43.368+0000] {processor.py:208} INFO - Processing /home/airflow/.local/lib/python3.12/site-packages/airflow/example_dags/example_external_task_marker_dag.py took 0.418 seconds
[2025-02-22T12:16:13.664+0000] {processor.py:186} INFO - Started process (PID=117) to work on /home/airflow/.local/lib/python3.12/site-packages/airflow/example_dags/example_external_task_marker_dag.py
[2025-02-22T12:16:13.682+0000] {processor.py:914} INFO - Processing file /home/airflow/.local/lib/python3.12/site-packages/airflow/example_dags/example_external_task_marker_dag.py for tasks to queue
[2025-02-22T12:16:13.684+0000] {logging_mixin.py:190} INFO - [2025-02-22T12:16:13.684+0000] {dagbag.py:588} INFO - Filling up the DagBag from /home/airflow/.local/lib/python3.12/site-packages/airflow/example_dags/example_external_task_marker_dag.py
[2025-02-22T12:16:13.697+0000] {processor.py:925} INFO - DAG(s) 'example_external_task_marker_child', 'example_external_task_marker_parent' retrieved from /home/airflow/.local/lib/python3.12/site-packages/airflow/example_dags/example_external_task_marker_dag.py
[2025-02-22T12:16:13.726+0000] {logging_mixin.py:190} INFO - [2025-02-22T12:16:13.726+0000] {dag.py:3239} INFO - Sync 2 DAGs
[2025-02-22T12:16:13.745+0000] {logging_mixin.py:190} INFO - [2025-02-22T12:16:13.745+0000] {dag.py:4180} INFO - Setting next_dagrun for example_external_task_marker_child to None, run_after=None
[2025-02-22T12:16:13.750+0000] {logging_mixin.py:190} INFO - [2025-02-22T12:16:13.750+0000] {dag.py:4180} INFO - Setting next_dagrun for example_external_task_marker_parent to None, run_after=None
[2025-02-22T12:16:13.773+0000] {processor.py:208} INFO - Processing /home/airflow/.local/lib/python3.12/site-packages/airflow/example_dags/example_external_task_marker_dag.py took 0.115 seconds
[2025-02-22T12:16:44.511+0000] {processor.py:186} INFO - Started process (PID=180) to work on /home/airflow/.local/lib/python3.12/site-packages/airflow/example_dags/example_external_task_marker_dag.py
[2025-02-22T12:16:44.512+0000] {processor.py:914} INFO - Processing file /home/airflow/.local/lib/python3.12/site-packages/airflow/example_dags/example_external_task_marker_dag.py for tasks to queue
[2025-02-22T12:16:44.515+0000] {logging_mixin.py:190} INFO - [2025-02-22T12:16:44.515+0000] {dagbag.py:588} INFO - Filling up the DagBag from /home/airflow/.local/lib/python3.12/site-packages/airflow/example_dags/example_external_task_marker_dag.py
[2025-02-22T12:16:44.525+0000] {processor.py:925} INFO - DAG(s) 'example_external_task_marker_child', 'example_external_task_marker_parent' retrieved from /home/airflow/.local/lib/python3.12/site-packages/airflow/example_dags/example_external_task_marker_dag.py
[2025-02-22T12:16:44.551+0000] {logging_mixin.py:190} INFO - [2025-02-22T12:16:44.550+0000] {dag.py:3239} INFO - Sync 2 DAGs
[2025-02-22T12:16:44.569+0000] {logging_mixin.py:190} INFO - [2025-02-22T12:16:44.569+0000] {dag.py:4180} INFO - Setting next_dagrun for example_external_task_marker_child to None, run_after=None
[2025-02-22T12:16:44.573+0000] {logging_mixin.py:190} INFO - [2025-02-22T12:16:44.573+0000] {dag.py:4180} INFO - Setting next_dagrun for example_external_task_marker_parent to None, run_after=None
[2025-02-22T12:16:44.593+0000] {processor.py:208} INFO - Processing /home/airflow/.local/lib/python3.12/site-packages/airflow/example_dags/example_external_task_marker_dag.py took 0.088 seconds
[2025-02-22T12:17:14.629+0000] {processor.py:186} INFO - Started process (PID=242) to work on /home/airflow/.local/lib/python3.12/site-packages/airflow/example_dags/example_external_task_marker_dag.py
[2025-02-22T12:17:14.629+0000] {processor.py:914} INFO - Processing file /home/airflow/.local/lib/python3.12/site-packages/airflow/example_dags/example_external_task_marker_dag.py for tasks to queue
[2025-02-22T12:17:14.632+0000] {logging_mixin.py:190} INFO - [2025-02-22T12:17:14.631+0000] {dagbag.py:588} INFO - Filling up the DagBag from /home/airflow/.local/lib/python3.12/site-packages/airflow/example_dags/example_external_task_marker_dag.py
[2025-02-22T12:17:14.641+0000] {processor.py:925} INFO - DAG(s) 'example_external_task_marker_parent', 'example_external_task_marker_child' retrieved from /home/airflow/.local/lib/python3.12/site-packages/airflow/example_dags/example_external_task_marker_dag.py
[2025-02-22T12:17:14.670+0000] {logging_mixin.py:190} INFO - [2025-02-22T12:17:14.670+0000] {dag.py:3239} INFO - Sync 2 DAGs
[2025-02-22T12:17:14.689+0000] {logging_mixin.py:190} INFO - [2025-02-22T12:17:14.689+0000] {dag.py:4180} INFO - Setting next_dagrun for example_external_task_marker_child to None, run_after=None
[2025-02-22T12:17:14.694+0000] {logging_mixin.py:190} INFO - [2025-02-22T12:17:14.694+0000] {dag.py:4180} INFO - Setting next_dagrun for example_external_task_marker_parent to None, run_after=None
[2025-02-22T12:17:14.716+0000] {processor.py:208} INFO - Processing /home/airflow/.local/lib/python3.12/site-packages/airflow/example_dags/example_external_task_marker_dag.py took 0.094 seconds
