[2025-02-22T12:15:47.343+0000] {processor.py:186} INFO - Started process (PID=73) to work on /home/airflow/.local/lib/python3.12/site-packages/airflow/example_dags/example_sensors.py
[2025-02-22T12:15:47.344+0000] {processor.py:914} INFO - Processing file /home/airflow/.local/lib/python3.12/site-packages/airflow/example_dags/example_sensors.py for tasks to queue
[2025-02-22T12:15:47.347+0000] {logging_mixin.py:190} INFO - [2025-02-22T12:15:47.346+0000] {dagbag.py:588} INFO - Filling up the DagBag from /home/airflow/.local/lib/python3.12/site-packages/airflow/example_dags/example_sensors.py
[2025-02-22T12:15:47.363+0000] {processor.py:925} INFO - DAG(s) 'example_sensors' retrieved from /home/airflow/.local/lib/python3.12/site-packages/airflow/example_dags/example_sensors.py
[2025-02-22T12:15:47.507+0000] {logging_mixin.py:190} INFO - [2025-02-22T12:15:47.506+0000] {override.py:1912} INFO - Created Permission View: can delete on DAG:example_sensors
[2025-02-22T12:15:47.527+0000] {logging_mixin.py:190} INFO - [2025-02-22T12:15:47.526+0000] {override.py:1912} INFO - Created Permission View: can edit on DAG:example_sensors
[2025-02-22T12:15:47.539+0000] {logging_mixin.py:190} INFO - [2025-02-22T12:15:47.538+0000] {override.py:1912} INFO - Created Permission View: can read on DAG:example_sensors
[2025-02-22T12:15:47.552+0000] {logging_mixin.py:190} INFO - [2025-02-22T12:15:47.551+0000] {override.py:1912} INFO - Created Permission View: can delete on DAG Run:example_sensors
[2025-02-22T12:15:47.563+0000] {logging_mixin.py:190} INFO - [2025-02-22T12:15:47.563+0000] {override.py:1912} INFO - Created Permission View: can create on DAG Run:example_sensors
[2025-02-22T12:15:47.572+0000] {logging_mixin.py:190} INFO - [2025-02-22T12:15:47.571+0000] {override.py:1912} INFO - Created Permission View: menu access on DAG Run:example_sensors
[2025-02-22T12:15:47.581+0000] {logging_mixin.py:190} INFO - [2025-02-22T12:15:47.581+0000] {override.py:1912} INFO - Created Permission View: can read on DAG Run:example_sensors
[2025-02-22T12:15:47.582+0000] {logging_mixin.py:190} INFO - [2025-02-22T12:15:47.581+0000] {dag.py:3239} INFO - Sync 1 DAGs
[2025-02-22T12:15:47.603+0000] {logging_mixin.py:190} INFO - [2025-02-22T12:15:47.603+0000] {dag.py:3262} INFO - Creating ORM DAG for example_sensors
[2025-02-22T12:15:47.604+0000] {logging_mixin.py:190} INFO - [2025-02-22T12:15:47.604+0000] {dag.py:4180} INFO - Setting next_dagrun for example_sensors to None, run_after=None
[2025-02-22T12:15:47.659+0000] {processor.py:208} INFO - Processing /home/airflow/.local/lib/python3.12/site-packages/airflow/example_dags/example_sensors.py took 0.324 seconds
[2025-02-22T12:16:18.071+0000] {processor.py:186} INFO - Started process (PID=136) to work on /home/airflow/.local/lib/python3.12/site-packages/airflow/example_dags/example_sensors.py
[2025-02-22T12:16:18.088+0000] {processor.py:914} INFO - Processing file /home/airflow/.local/lib/python3.12/site-packages/airflow/example_dags/example_sensors.py for tasks to queue
[2025-02-22T12:16:18.090+0000] {logging_mixin.py:190} INFO - [2025-02-22T12:16:18.090+0000] {dagbag.py:588} INFO - Filling up the DagBag from /home/airflow/.local/lib/python3.12/site-packages/airflow/example_dags/example_sensors.py
[2025-02-22T12:16:18.102+0000] {processor.py:925} INFO - DAG(s) 'example_sensors' retrieved from /home/airflow/.local/lib/python3.12/site-packages/airflow/example_dags/example_sensors.py
[2025-02-22T12:16:18.133+0000] {logging_mixin.py:190} INFO - [2025-02-22T12:16:18.133+0000] {dag.py:3239} INFO - Sync 1 DAGs
[2025-02-22T12:16:18.154+0000] {logging_mixin.py:190} INFO - [2025-02-22T12:16:18.154+0000] {dag.py:4180} INFO - Setting next_dagrun for example_sensors to None, run_after=None
[2025-02-22T12:16:18.205+0000] {processor.py:208} INFO - Processing /home/airflow/.local/lib/python3.12/site-packages/airflow/example_dags/example_sensors.py took 0.139 seconds
[2025-02-22T12:16:48.599+0000] {processor.py:186} INFO - Started process (PID=199) to work on /home/airflow/.local/lib/python3.12/site-packages/airflow/example_dags/example_sensors.py
[2025-02-22T12:16:48.601+0000] {processor.py:914} INFO - Processing file /home/airflow/.local/lib/python3.12/site-packages/airflow/example_dags/example_sensors.py for tasks to queue
[2025-02-22T12:16:48.604+0000] {logging_mixin.py:190} INFO - [2025-02-22T12:16:48.604+0000] {dagbag.py:588} INFO - Filling up the DagBag from /home/airflow/.local/lib/python3.12/site-packages/airflow/example_dags/example_sensors.py
[2025-02-22T12:16:48.623+0000] {processor.py:925} INFO - DAG(s) 'example_sensors' retrieved from /home/airflow/.local/lib/python3.12/site-packages/airflow/example_dags/example_sensors.py
[2025-02-22T12:16:48.674+0000] {logging_mixin.py:190} INFO - [2025-02-22T12:16:48.674+0000] {dag.py:3239} INFO - Sync 1 DAGs
[2025-02-22T12:16:48.702+0000] {logging_mixin.py:190} INFO - [2025-02-22T12:16:48.702+0000] {dag.py:4180} INFO - Setting next_dagrun for example_sensors to None, run_after=None
[2025-02-22T12:16:48.734+0000] {processor.py:208} INFO - Processing /home/airflow/.local/lib/python3.12/site-packages/airflow/example_dags/example_sensors.py took 0.150 seconds
[2025-02-22T12:17:19.650+0000] {processor.py:186} INFO - Started process (PID=262) to work on /home/airflow/.local/lib/python3.12/site-packages/airflow/example_dags/example_sensors.py
[2025-02-22T12:17:19.651+0000] {processor.py:914} INFO - Processing file /home/airflow/.local/lib/python3.12/site-packages/airflow/example_dags/example_sensors.py for tasks to queue
[2025-02-22T12:17:19.654+0000] {logging_mixin.py:190} INFO - [2025-02-22T12:17:19.654+0000] {dagbag.py:588} INFO - Filling up the DagBag from /home/airflow/.local/lib/python3.12/site-packages/airflow/example_dags/example_sensors.py
[2025-02-22T12:17:19.668+0000] {processor.py:925} INFO - DAG(s) 'example_sensors' retrieved from /home/airflow/.local/lib/python3.12/site-packages/airflow/example_dags/example_sensors.py
[2025-02-22T12:17:19.710+0000] {logging_mixin.py:190} INFO - [2025-02-22T12:17:19.710+0000] {dag.py:3239} INFO - Sync 1 DAGs
[2025-02-22T12:17:19.735+0000] {logging_mixin.py:190} INFO - [2025-02-22T12:17:19.734+0000] {dag.py:4180} INFO - Setting next_dagrun for example_sensors to None, run_after=None
[2025-02-22T12:17:19.768+0000] {processor.py:208} INFO - Processing /home/airflow/.local/lib/python3.12/site-packages/airflow/example_dags/example_sensors.py took 0.126 seconds
