[2025-02-22T12:15:52.419+0000] {processor.py:186} INFO - Started process (PID=91) to work on /home/airflow/.local/lib/python3.12/site-packages/airflow/example_dags/tutorial_taskflow_api_virtualenv.py
[2025-02-22T12:15:52.420+0000] {processor.py:914} INFO - Processing file /home/airflow/.local/lib/python3.12/site-packages/airflow/example_dags/tutorial_taskflow_api_virtualenv.py for tasks to queue
[2025-02-22T12:15:52.423+0000] {logging_mixin.py:190} INFO - [2025-02-22T12:15:52.422+0000] {dagbag.py:588} INFO - Filling up the DagBag from /home/airflow/.local/lib/python3.12/site-packages/airflow/example_dags/tutorial_taskflow_api_virtualenv.py
[2025-02-22T12:15:52.437+0000] {processor.py:925} INFO - DAG(s) 'tutorial_taskflow_api_virtualenv' retrieved from /home/airflow/.local/lib/python3.12/site-packages/airflow/example_dags/tutorial_taskflow_api_virtualenv.py
[2025-02-22T12:15:52.560+0000] {logging_mixin.py:190} INFO - [2025-02-22T12:15:52.559+0000] {override.py:1912} INFO - Created Permission View: can delete on DAG:tutorial_taskflow_api_virtualenv
[2025-02-22T12:15:52.572+0000] {logging_mixin.py:190} INFO - [2025-02-22T12:15:52.572+0000] {override.py:1912} INFO - Created Permission View: can edit on DAG:tutorial_taskflow_api_virtualenv
[2025-02-22T12:15:52.582+0000] {logging_mixin.py:190} INFO - [2025-02-22T12:15:52.582+0000] {override.py:1912} INFO - Created Permission View: can read on DAG:tutorial_taskflow_api_virtualenv
[2025-02-22T12:15:52.596+0000] {logging_mixin.py:190} INFO - [2025-02-22T12:15:52.595+0000] {override.py:1912} INFO - Created Permission View: can delete on DAG Run:tutorial_taskflow_api_virtualenv
[2025-02-22T12:15:52.605+0000] {logging_mixin.py:190} INFO - [2025-02-22T12:15:52.604+0000] {override.py:1912} INFO - Created Permission View: can create on DAG Run:tutorial_taskflow_api_virtualenv
[2025-02-22T12:15:52.614+0000] {logging_mixin.py:190} INFO - [2025-02-22T12:15:52.613+0000] {override.py:1912} INFO - Created Permission View: menu access on DAG Run:tutorial_taskflow_api_virtualenv
[2025-02-22T12:15:52.623+0000] {logging_mixin.py:190} INFO - [2025-02-22T12:15:52.623+0000] {override.py:1912} INFO - Created Permission View: can read on DAG Run:tutorial_taskflow_api_virtualenv
[2025-02-22T12:15:52.624+0000] {logging_mixin.py:190} INFO - [2025-02-22T12:15:52.623+0000] {dag.py:3239} INFO - Sync 1 DAGs
[2025-02-22T12:15:52.644+0000] {logging_mixin.py:190} INFO - [2025-02-22T12:15:52.644+0000] {dag.py:3262} INFO - Creating ORM DAG for tutorial_taskflow_api_virtualenv
[2025-02-22T12:15:52.645+0000] {logging_mixin.py:190} INFO - [2025-02-22T12:15:52.645+0000] {dag.py:4180} INFO - Setting next_dagrun for tutorial_taskflow_api_virtualenv to None, run_after=None
[2025-02-22T12:15:52.665+0000] {processor.py:208} INFO - Processing /home/airflow/.local/lib/python3.12/site-packages/airflow/example_dags/tutorial_taskflow_api_virtualenv.py took 0.254 seconds
[2025-02-22T12:16:23.130+0000] {processor.py:186} INFO - Started process (PID=154) to work on /home/airflow/.local/lib/python3.12/site-packages/airflow/example_dags/tutorial_taskflow_api_virtualenv.py
[2025-02-22T12:16:23.131+0000] {processor.py:914} INFO - Processing file /home/airflow/.local/lib/python3.12/site-packages/airflow/example_dags/tutorial_taskflow_api_virtualenv.py for tasks to queue
[2025-02-22T12:16:23.134+0000] {logging_mixin.py:190} INFO - [2025-02-22T12:16:23.134+0000] {dagbag.py:588} INFO - Filling up the DagBag from /home/airflow/.local/lib/python3.12/site-packages/airflow/example_dags/tutorial_taskflow_api_virtualenv.py
[2025-02-22T12:16:23.147+0000] {processor.py:925} INFO - DAG(s) 'tutorial_taskflow_api_virtualenv' retrieved from /home/airflow/.local/lib/python3.12/site-packages/airflow/example_dags/tutorial_taskflow_api_virtualenv.py
[2025-02-22T12:16:23.167+0000] {logging_mixin.py:190} INFO - [2025-02-22T12:16:23.167+0000] {dag.py:3239} INFO - Sync 1 DAGs
[2025-02-22T12:16:23.183+0000] {logging_mixin.py:190} INFO - [2025-02-22T12:16:23.183+0000] {dag.py:4180} INFO - Setting next_dagrun for tutorial_taskflow_api_virtualenv to None, run_after=None
[2025-02-22T12:16:23.226+0000] {processor.py:208} INFO - Processing /home/airflow/.local/lib/python3.12/site-packages/airflow/example_dags/tutorial_taskflow_api_virtualenv.py took 0.102 seconds
[2025-02-22T12:16:54.373+0000] {processor.py:186} INFO - Started process (PID=217) to work on /home/airflow/.local/lib/python3.12/site-packages/airflow/example_dags/tutorial_taskflow_api_virtualenv.py
[2025-02-22T12:16:54.374+0000] {processor.py:914} INFO - Processing file /home/airflow/.local/lib/python3.12/site-packages/airflow/example_dags/tutorial_taskflow_api_virtualenv.py for tasks to queue
[2025-02-22T12:16:54.377+0000] {logging_mixin.py:190} INFO - [2025-02-22T12:16:54.377+0000] {dagbag.py:588} INFO - Filling up the DagBag from /home/airflow/.local/lib/python3.12/site-packages/airflow/example_dags/tutorial_taskflow_api_virtualenv.py
[2025-02-22T12:16:54.390+0000] {processor.py:925} INFO - DAG(s) 'tutorial_taskflow_api_virtualenv' retrieved from /home/airflow/.local/lib/python3.12/site-packages/airflow/example_dags/tutorial_taskflow_api_virtualenv.py
[2025-02-22T12:16:54.412+0000] {logging_mixin.py:190} INFO - [2025-02-22T12:16:54.411+0000] {dag.py:3239} INFO - Sync 1 DAGs
[2025-02-22T12:16:54.429+0000] {logging_mixin.py:190} INFO - [2025-02-22T12:16:54.429+0000] {dag.py:4180} INFO - Setting next_dagrun for tutorial_taskflow_api_virtualenv to None, run_after=None
[2025-02-22T12:16:54.449+0000] {processor.py:208} INFO - Processing /home/airflow/.local/lib/python3.12/site-packages/airflow/example_dags/tutorial_taskflow_api_virtualenv.py took 0.085 seconds
[2025-02-22T12:17:25.863+0000] {processor.py:186} INFO - Started process (PID=280) to work on /home/airflow/.local/lib/python3.12/site-packages/airflow/example_dags/tutorial_taskflow_api_virtualenv.py
[2025-02-22T12:17:25.864+0000] {processor.py:914} INFO - Processing file /home/airflow/.local/lib/python3.12/site-packages/airflow/example_dags/tutorial_taskflow_api_virtualenv.py for tasks to queue
[2025-02-22T12:17:25.867+0000] {logging_mixin.py:190} INFO - [2025-02-22T12:17:25.866+0000] {dagbag.py:588} INFO - Filling up the DagBag from /home/airflow/.local/lib/python3.12/site-packages/airflow/example_dags/tutorial_taskflow_api_virtualenv.py
[2025-02-22T12:17:25.881+0000] {processor.py:925} INFO - DAG(s) 'tutorial_taskflow_api_virtualenv' retrieved from /home/airflow/.local/lib/python3.12/site-packages/airflow/example_dags/tutorial_taskflow_api_virtualenv.py
[2025-02-22T12:17:25.909+0000] {logging_mixin.py:190} INFO - [2025-02-22T12:17:25.908+0000] {dag.py:3239} INFO - Sync 1 DAGs
[2025-02-22T12:17:25.935+0000] {logging_mixin.py:190} INFO - [2025-02-22T12:17:25.935+0000] {dag.py:4180} INFO - Setting next_dagrun for tutorial_taskflow_api_virtualenv to None, run_after=None
[2025-02-22T12:17:25.966+0000] {processor.py:208} INFO - Processing /home/airflow/.local/lib/python3.12/site-packages/airflow/example_dags/tutorial_taskflow_api_virtualenv.py took 0.110 seconds
