[2025-02-23T15:42:01.821+0000] {local_task_job_runner.py:123} INFO - ::group::Pre task execution logs
[2025-02-23T15:42:01.849+0000] {taskinstance.py:2614} INFO - Dependencies all met for dep_context=non-requeueable deps ti=<TaskInstance: bangalore_weather_pipeline.extract_weather_data scheduled__2025-02-23T14:00:00+00:00 [queued]>
[2025-02-23T15:42:01.858+0000] {taskinstance.py:2614} INFO - Dependencies all met for dep_context=requeueable deps ti=<TaskInstance: bangalore_weather_pipeline.extract_weather_data scheduled__2025-02-23T14:00:00+00:00 [queued]>
[2025-02-23T15:42:01.858+0000] {taskinstance.py:2867} INFO - Starting attempt 1 of 1
[2025-02-23T15:42:01.874+0000] {taskinstance.py:2890} INFO - Executing <Task(_PythonDecoratedOperator): extract_weather_data> on 2025-02-23 14:00:00+00:00
[2025-02-23T15:42:01.880+0000] {warnings.py:112} WARNING - /home/***/.local/lib/python3.12/site-packages/***/task/task_runner/standard_task_runner.py:70: DeprecationWarning: This process (pid=20813) is multi-threaded, use of fork() may lead to deadlocks in the child.
  pid = os.fork()

[2025-02-23T15:42:01.882+0000] {standard_task_runner.py:72} INFO - Started process 20814 to run task
[2025-02-23T15:42:01.882+0000] {standard_task_runner.py:104} INFO - Running: ['***', 'tasks', 'run', 'bangalore_weather_pipeline', 'extract_weather_data', 'scheduled__2025-02-23T14:00:00+00:00', '--job-id', '144', '--raw', '--subdir', 'DAGS_FOLDER/bangalore_weather_pipeline/bangalore_weather_etl.py', '--cfg-path', '/tmp/tmp6kn2geb6']
[2025-02-23T15:42:01.883+0000] {standard_task_runner.py:105} INFO - Job 144: Subtask extract_weather_data
[2025-02-23T15:42:01.965+0000] {task_command.py:467} INFO - Running <TaskInstance: bangalore_weather_pipeline.extract_weather_data scheduled__2025-02-23T14:00:00+00:00 [running]> on host ee2081ae3a04
[2025-02-23T15:42:02.085+0000] {taskinstance.py:3134} INFO - Exporting env vars: AIRFLOW_CTX_DAG_OWNER='***' AIRFLOW_CTX_DAG_ID='bangalore_weather_pipeline' AIRFLOW_CTX_TASK_ID='extract_weather_data' AIRFLOW_CTX_EXECUTION_DATE='2025-02-23T14:00:00+00:00' AIRFLOW_CTX_TRY_NUMBER='1' AIRFLOW_CTX_DAG_RUN_ID='scheduled__2025-02-23T14:00:00+00:00'
[2025-02-23T15:42:02.085+0000] {taskinstance.py:732} INFO - ::endgroup::
[2025-02-23T15:42:02.103+0000] {base.py:84} INFO - Retrieving connection 'open_meteo_id'
[2025-02-23T15:42:02.680+0000] {python.py:240} INFO - Done. Returned value was: {'latitude': 13.0, 'longitude': 77.625, 'generationtime_ms': 0.047087669372558594, 'utc_offset_seconds': 0, 'timezone': 'GMT', 'timezone_abbreviation': 'GMT', 'elevation': 910.0, 'current_weather_units': {'time': 'iso8601', 'interval': 'seconds', 'temperature': '°C', 'windspeed': 'km/h', 'winddirection': '°', 'is_day': '', 'weathercode': 'wmo code'}, 'current_weather': {'time': '2025-02-23T15:30', 'interval': 900, 'temperature': 23.9, 'windspeed': 5.9, 'winddirection': 76, 'is_day': 0, 'weathercode': 0}}
[2025-02-23T15:42:02.737+0000] {taskinstance.py:341} INFO - ::group::Post task execution logs
[2025-02-23T15:42:02.738+0000] {taskinstance.py:353} INFO - Marking task as SUCCESS. dag_id=bangalore_weather_pipeline, task_id=extract_weather_data, run_id=scheduled__2025-02-23T14:00:00+00:00, execution_date=20250223T140000, start_date=20250223T154201, end_date=20250223T154202
[2025-02-23T15:42:02.818+0000] {local_task_job_runner.py:266} INFO - Task exited with return code 0
[2025-02-23T15:42:02.871+0000] {taskinstance.py:3901} INFO - 1 downstream tasks scheduled from follow-on schedule check
[2025-02-23T15:42:02.874+0000] {local_task_job_runner.py:245} INFO - ::endgroup::
